INFO:root:Instance 18 (100,2)
INFO:root:Instance 18 (100,2)
INFO:root:Instance 18 (100,2)
INFO:root:Instance 18 (100,2)
INFO:root:Instance 18 (100,2)
INFO:root:Instance 18 (100,2)
INFO:root:Instance 18 (100,2)
INFO:root:Instance 18 (100,2)
INFO:root:Instance 18 (100,2)
INFO:root:Instance 18 (100,2)
INFO:root:Instance 19 (101,1)
INFO:root:Instance 18 (100,2)
INFO:root:Instance 19 (101,1)
INFO:root:Instance 18 (100,2)
INFO:root:Instance 19 (101,1)
INFO:root:Instance 18 (100,2)
INFO:root:Instance 19 (101,1)
INFO:root:Instance 18 (100,2)
INFO:root:Instance 18 (100,2)
INFO:root:Instance 18 (100,2)
INFO:root:Instance 19 (101,1)
INFO:root:Instance 18 (100,2)
INFO:root:Instance 19 (101,1)
INFO:root:Instance 18 (100,2)
INFO:root:Instance 18 (100,2)
INFO:root:Instance 19 (101,1)
INFO:root:Instance 18 (100,2)
INFO:root:Instance 18 (100,2)
INFO:root:Target: Actor0900
INFO:root:Instance 18 (100,2)
INFO:root:Target: Actor0900
INFO:root:Instance 18 (100,2)
INFO:root:Target: Actor0900
INFO:root:Instance 18 (100,2)
INFO:root:Target: Actor0900
INFO:root:Instance 19 (101,1)
INFO:root:Target: Actor0548
