INFO:root:Instance 1
INFO:root:Instance 1
INFO:root:Instance 1
INFO:root:Instance 1
INFO:root:Instance 1
INFO:root:Instance 1
INFO:root:Instance 1
INFO:root:Instance 1
INFO:root:Instance 1
INFO:root:Instance 1
INFO:root:Instance 1
INFO:root:Instance 9
INFO:root:Instance 1
INFO:root:Instance 9
INFO:root:Instance 10
INFO:root:Instance 11
INFO:root:Instance 11
INFO:root:Instance 11
INFO:root:Instance 11
INFO:root:Instance 11
INFO:root:Instance 11
INFO:root:Instance 11
INFO:root:Instance 11
INFO:root:Instance 11
INFO:root:Instance 11
INFO:root:Instance 11
INFO:root:Instance 11
INFO:root:Instance 11
INFO:root:Instance 11
INFO:root:Instance 11
INFO:root:Instance 11
INFO:root:Instance 11
INFO:root:Instance 11
INFO:root:Instance 11
INFO:root:Instance 11
INFO:root:Instance 11
INFO:root:Instance 11
INFO:root:Instance 11
INFO:root:Instance 11
INFO:root:Instance 11
INFO:root:Instance 11
INFO:root:Instance 11
INFO:root:Instance 11
INFO:root:Instance 11
INFO:root:Instance 11
INFO:root:Instance 11
INFO:root:Instance 11
INFO:root:Instance 11
INFO:root:Instance 11
INFO:root:Instance 12
INFO:root:Instance 13
INFO:root:Instance 14
INFO:root:Instance 14
