INFO:root:Instance 1
INFO:root:Participant 104: Actor0035
INFO:root:Instance 1
INFO:root:Participant 104: Actor0035
INFO:root:Instance 1
INFO:root:Participant 104: Actor0035
INFO:root:{'Actor0035'}: approaching Region05
INFO:root:Instance 1
INFO:root:Participant 104: Actor0035
INFO:root:{'Actor0035'}: approaching Region05
INFO:root:{'System'}: approaching Region05
INFO:root:{'Nature'}: approaching Region05
INFO:root:{'Actor0035'}: approaching Region05
INFO:root:{'System'}: approaching Region05
INFO:root:{'Nature'}: approaching Region05
INFO:root:{'Actor0035'}: approaching Region05
INFO:root:{'System'}: approaching Region05
INFO:root:{'Nature'}: approaching Region05
INFO:root:{'Actor0035'}: active Region05
INFO:root:{'System'}: active Region05
INFO:root:{'Nature'}: active Region05
INFO:root:{'Actor0035'}: active Region06
INFO:root:{'System'}: active Region06
INFO:root:{'Nature'}: active Region06
INFO:root:{'Actor0035'}: active Region02
INFO:root:{'System'}: active Region02
INFO:root:{'Nature'}: active Region02
INFO:root:{'Actor0035'}: active Region02
INFO:root:{'System'}: active Region02
INFO:root:{'Nature'}: active Region02
INFO:root:{'Actor0035'}: active Region03
INFO:root:{'System'}: active Region03
INFO:root:{'Nature'}: active Region03
INFO:root:{'Actor0035'}: approaching Region05
INFO:root:{'System'}: approaching Region05
INFO:root:{'Nature'}: approaching Region05
INFO:root:{'Actor0035'}: approaching Region05
INFO:root:{'System'}: approaching Region05
INFO:root:{'Nature'}: approaching Region05
INFO:root:{'Actor0035'}: approaching Region05
INFO:root:{'System'}: approaching Region05
INFO:root:{'Nature'}: approaching Region05
INFO:root:{'Actor0035'}: active Region05
INFO:root:{'System'}: active Region05
INFO:root:{'Nature'}: active Region05
INFO:root:{'Actor0035'}: active Region06
INFO:root:{'System'}: active Region06
INFO:root:{'Nature'}: active Region06
INFO:root:{'Actor0035'}: active Region06
INFO:root:{'System'}: active Region06
INFO:root:{'Nature'}: active Region06
INFO:root:{'Actor0035'}: active Region07
INFO:root:{'System'}: active Region07
INFO:root:{'Nature'}: active Region07
INFO:root:{'Actor0035'}: active Region03
INFO:root:{'System'}: active Region03
INFO:root:{'Nature'}: active Region03
INFO:root:{'Actor0035'}: active Region04
INFO:root:{'System'}: active Region04
INFO:root:{'Nature'}: active Region04
INFO:root:{'Actor0035'}: active Region04
INFO:root:{'System'}: active Region04
INFO:root:{'Nature'}: active Region04
INFO:root:{'Actor0035'}: approaching Region05
INFO:root:{'System'}: approaching Region05
INFO:root:{'Nature'}: approaching Region05
INFO:root:{'Actor0035'}: approaching Region05
INFO:root:{'System'}: approaching Region05
INFO:root:{'Nature'}: approaching Region05
INFO:root:{'Actor0035'}: approaching Region05
INFO:root:{'System'}: approaching Region05
INFO:root:{'Nature'}: approaching Region05
INFO:root:{'Actor0035'}: approaching Region05
INFO:root:{'System'}: approaching Region05
INFO:root:{'Nature'}: approaching Region05
INFO:root:{'Actor0035'}: approaching Region05
INFO:root:{'System'}: approaching Region05
INFO:root:{'Nature'}: approaching Region05
INFO:root:{'Actor0035'}: approaching Region05
INFO:root:{'System'}: approaching Region05
INFO:root:{'Nature'}: approaching Region05
INFO:root:{'Actor0035'}: approaching Region05
INFO:root:{'System'}: approaching Region05
INFO:root:{'Nature'}: approaching Region05
INFO:root:{'Actor0035'}: active Region05
INFO:root:{'System'}: active Region05
INFO:root:{'Nature'}: active Region05
INFO:root:{'Actor0035'}: active Region05
INFO:root:{'System'}: active Region05
INFO:root:{'Nature'}: active Region05
INFO:root:{'Actor0035'}: active Region05
INFO:root:{'System'}: active Region05
INFO:root:{'Nature'}: active Region05
INFO:root:{'Actor0035'}: active Region01
INFO:root:{'System'}: active Region01
INFO:root:{'Nature'}: active Region01
INFO:root:{'Actor0035'}: active Region02
INFO:root:{'System'}: active Region02
INFO:root:{'Nature'}: active Region02
INFO:root:{'Actor0035'}: active Region03
INFO:root:{'System'}: active Region03
INFO:root:{'Nature'}: active Region03
INFO:root:{'Actor0035'}: active Region03
INFO:root:{'System'}: active Region03
INFO:root:{'Nature'}: active Region03
INFO:root:{'Actor0035'}: active Region03
INFO:root:{'System'}: active Region03
INFO:root:{'Nature'}: active Region03
INFO:root:{'Actor0035'}: active Region03
INFO:root:{'System'}: active Region03
INFO:root:{'Nature'}: active Region03
INFO:root:{'Actor0035'}: approaching Region05
INFO:root:{'System'}: approaching Region05
INFO:root:{'Nature'}: approaching Region05
INFO:root:{'Actor0035'}: approaching Region05
INFO:root:{'System'}: approaching Region05
INFO:root:{'Nature'}: approaching Region05
INFO:root:{'Actor0035'}: approaching Region05
INFO:root:{'System'}: approaching Region05
INFO:root:{'Nature'}: approaching Region05
INFO:root:{'Actor0035'}: active Region05
INFO:root:{'System'}: active Region05
INFO:root:{'Nature'}: active Region05
INFO:root:{'Actor0035'}: active Region05
INFO:root:{'System'}: active Region05
INFO:root:{'Nature'}: active Region05
INFO:root:{'Actor0035'}: active Region06
INFO:root:{'System'}: active Region06
INFO:root:{'Nature'}: active Region06
INFO:root:{'Actor0035'}: active Region07
INFO:root:{'System'}: active Region07
INFO:root:{'Nature'}: active Region07
INFO:root:{'Actor0035'}: active Region08
INFO:root:{'System'}: active Region08
INFO:root:{'Nature'}: active Region08
INFO:root:{'Actor0035'}: active Region08
INFO:root:{'System'}: active Region08
INFO:root:{'Nature'}: active Region08
INFO:root:{'Actor0035'}: active Region08
INFO:root:{'System'}: active Region08
INFO:root:{'Nature'}: active Region08
INFO:root:{'Actor0035'}: active Region04
INFO:root:{'System'}: active Region04
INFO:root:{'Nature'}: active Region04
INFO:root:{'Actor0035'}: approaching Region05
INFO:root:{'System'}: approaching Region05
INFO:root:{'Nature'}: approaching Region05
INFO:root:{'Actor0035'}: approaching Region05
INFO:root:{'System'}: approaching Region05
INFO:root:{'Nature'}: approaching Region05
INFO:root:{'Actor0035'}: approaching Region05
INFO:root:{'System'}: approaching Region05
INFO:root:{'Nature'}: approaching Region05
INFO:root:{'Actor0035'}: active Region05
INFO:root:{'System'}: active Region05
INFO:root:{'Nature'}: active Region05
INFO:root:{'Actor0035'}: active Region06
INFO:root:{'System'}: active Region06
INFO:root:{'Nature'}: active Region06
INFO:root:{'Actor0035'}: active Region02
INFO:root:{'System'}: active Region02
INFO:root:{'Nature'}: active Region02
INFO:root:{'Actor0035'}: active Region02
INFO:root:{'System'}: active Region02
INFO:root:{'Nature'}: active Region02
INFO:root:{'Actor0035'}: active Region03
INFO:root:{'System'}: active Region03
INFO:root:{'Nature'}: active Region03
INFO:root:{'Actor0035'}: active Region03
INFO:root:{'System'}: active Region03
INFO:root:{'Nature'}: active Region03
INFO:root:{'Actor0035'}: active Region03
INFO:root:{'System'}: active Region03
INFO:root:{'Nature'}: active Region03
INFO:root:{'Actor0035'}: active Region04
INFO:root:{'System'}: active Region04
INFO:root:{'Nature'}: active Region04
INFO:root:Participant 13: Actor0124
INFO:root:{'Actor0124'}: approaching Region05
INFO:root:{'System'}: approaching Region05
INFO:root:{'Nature'}: approaching Region05
INFO:root:{'Actor0124'}: approaching Region05
INFO:root:{'System'}: approaching Region05
INFO:root:{'Nature'}: approaching Region05
INFO:root:{'Actor0124'}: approaching Region05
INFO:root:{'System'}: approaching Region05
INFO:root:{'Nature'}: approaching Region05
INFO:root:{'Actor0124'}: active Region05
INFO:root:{'System'}: active Region05
INFO:root:{'Nature'}: active Region05
INFO:root:{'Actor0124'}: active Region01
INFO:root:{'System'}: active Region01
INFO:root:{'Nature'}: active Region01
INFO:root:{'Actor0124'}: active Region01
INFO:root:{'System'}: active Region01
INFO:root:{'Nature'}: active Region01
INFO:root:{'Actor0124'}: active Region02
INFO:root:{'System'}: active Region02
INFO:root:{'Nature'}: active Region02
INFO:root:{'Actor0124'}: active Region02
INFO:root:{'System'}: active Region02
INFO:root:{'Nature'}: active Region02
INFO:root:{'Actor0124'}: active Region03
INFO:root:{'System'}: active Region03
INFO:root:{'Nature'}: active Region03
INFO:root:{'Actor0124'}: approaching Region05
INFO:root:{'System'}: approaching Region05
INFO:root:{'Nature'}: approaching Region05
INFO:root:{'Actor0124'}: approaching Region05
INFO:root:{'System'}: approaching Region05
INFO:root:{'Nature'}: approaching Region05
INFO:root:{'Actor0124'}: approaching Region05
INFO:root:{'System'}: approaching Region05
INFO:root:{'Nature'}: approaching Region05
INFO:root:{'Actor0124'}: active Region05
INFO:root:{'System'}: active Region05
INFO:root:{'Nature'}: active Region05
INFO:root:{'Actor0124'}: active Region05
INFO:root:{'System'}: active Region05
INFO:root:{'Nature'}: active Region05
INFO:root:{'Actor0124'}: active Region05
INFO:root:{'System'}: active Region05
INFO:root:{'Nature'}: active Region05
INFO:root:{'Actor0124'}: active Region05
INFO:root:{'System'}: active Region05
INFO:root:{'Nature'}: active Region05
INFO:root:{'Actor0124'}: active Region06
INFO:root:{'System'}: active Region06
INFO:root:{'Nature'}: active Region06
INFO:root:{'Actor0124'}: active Region02
INFO:root:{'System'}: active Region02
INFO:root:{'Nature'}: active Region02
INFO:root:{'Actor0124'}: active Region03
INFO:root:{'System'}: active Region03
INFO:root:{'Nature'}: active Region03
INFO:root:{'Actor0124'}: active Region04
INFO:root:{'System'}: active Region04
INFO:root:{'Nature'}: active Region04
INFO:root:{'Actor0124'}: approaching Region05
INFO:root:{'System'}: approaching Region05
INFO:root:{'Nature'}: approaching Region05
INFO:root:{'Actor0124'}: approaching Region05
INFO:root:{'System'}: approaching Region05
INFO:root:{'Nature'}: approaching Region05
INFO:root:{'Actor0124'}: approaching Region05
INFO:root:{'System'}: approaching Region05
INFO:root:{'Nature'}: approaching Region05
INFO:root:{'Actor0124'}: active Region05
INFO:root:{'System'}: active Region05
INFO:root:{'Nature'}: active Region05
INFO:root:{'Actor0124'}: active Region01
INFO:root:{'System'}: active Region01
INFO:root:{'Nature'}: active Region01
INFO:root:{'Actor0124'}: active Region02
INFO:root:{'System'}: active Region02
INFO:root:{'Nature'}: active Region02
INFO:root:{'Actor0124'}: approaching Region05
INFO:root:{'System'}: approaching Region05
INFO:root:{'Nature'}: approaching Region05
INFO:root:{'Actor0124'}: approaching Region05
INFO:root:{'System'}: approaching Region05
INFO:root:{'Nature'}: approaching Region05
INFO:root:{'Actor0124'}: approaching Region05
INFO:root:{'System'}: approaching Region05
INFO:root:{'Nature'}: approaching Region05
INFO:root:{'Actor0124'}: active Region05
INFO:root:{'System'}: active Region05
INFO:root:{'Nature'}: active Region05
INFO:root:{'Actor0124'}: active Region06
INFO:root:{'System'}: active Region06
INFO:root:{'Nature'}: active Region06
INFO:root:{'Actor0124'}: active Region07
INFO:root:{'System'}: active Region07
INFO:root:{'Nature'}: active Region07
INFO:root:{'Actor0124'}: active Region08
INFO:root:{'System'}: active Region08
INFO:root:{'Nature'}: active Region08
INFO:root:{'Actor0124'}: approaching Region05
INFO:root:{'System'}: approaching Region05
INFO:root:{'Nature'}: approaching Region05
INFO:root:{'Actor0124'}: approaching Region05
INFO:root:{'System'}: approaching Region05
INFO:root:{'Nature'}: approaching Region05
INFO:root:{'Actor0124'}: approaching Region05
INFO:root:{'System'}: approaching Region05
INFO:root:{'Nature'}: approaching Region05
INFO:root:{'Actor0124'}: active Region05
INFO:root:{'System'}: active Region05
INFO:root:{'Nature'}: active Region05
INFO:root:{'Actor0124'}: active Region06
INFO:root:{'System'}: active Region06
INFO:root:{'Nature'}: active Region06
INFO:root:{'Actor0124'}: active Region02
INFO:root:{'System'}: active Region02
INFO:root:{'Nature'}: active Region02
INFO:root:Participant 167: Actor0130
INFO:root:{'Actor0130'}: approaching Region05
INFO:root:{'System'}: approaching Region05
INFO:root:{'Nature'}: approaching Region05
INFO:root:{'Actor0130'}: approaching Region05
INFO:root:{'System'}: approaching Region05
INFO:root:{'Nature'}: approaching Region05
INFO:root:{'Actor0130'}: approaching Region05
INFO:root:{'System'}: approaching Region05
INFO:root:{'Nature'}: approaching Region05
INFO:root:{'Actor0130'}: active Region05
INFO:root:{'System'}: active Region05
INFO:root:{'Nature'}: active Region05
INFO:root:{'Actor0130'}: active Region01
INFO:root:{'System'}: active Region01
INFO:root:{'Nature'}: active Region01
INFO:root:{'Actor0130'}: active Region02
INFO:root:{'System'}: active Region02
INFO:root:{'Nature'}: active Region02
INFO:root:{'Actor0130'}: approaching Region05
INFO:root:{'System'}: approaching Region05
INFO:root:{'Nature'}: approaching Region05
INFO:root:{'Actor0130'}: approaching Region05
INFO:root:{'System'}: approaching Region05
INFO:root:{'Nature'}: approaching Region05
INFO:root:{'Actor0130'}: approaching Region05
INFO:root:{'System'}: approaching Region05
INFO:root:{'Nature'}: approaching Region05
INFO:root:{'Actor0130'}: active Region05
INFO:root:{'System'}: active Region05
INFO:root:{'Nature'}: active Region05
INFO:root:{'Actor0130'}: active Region01
INFO:root:{'System'}: active Region01
INFO:root:{'Nature'}: active Region01
INFO:root:{'Actor0130'}: active Region02
INFO:root:{'System'}: active Region02
INFO:root:{'Nature'}: active Region02
INFO:root:{'Actor0130'}: approaching Region05
INFO:root:{'System'}: approaching Region05
INFO:root:{'Nature'}: approaching Region05
INFO:root:{'Actor0130'}: approaching Region05
INFO:root:{'System'}: approaching Region05
INFO:root:{'Nature'}: approaching Region05
INFO:root:{'Actor0130'}: approaching Region05
INFO:root:{'System'}: approaching Region05
INFO:root:{'Nature'}: approaching Region05
INFO:root:{'Actor0130'}: active Region05
INFO:root:{'System'}: active Region05
INFO:root:{'Nature'}: active Region05
INFO:root:{'Actor0130'}: active Region06
INFO:root:{'System'}: active Region06
INFO:root:{'Nature'}: active Region06
INFO:root:{'Actor0130'}: active Region07
INFO:root:{'System'}: active Region07
INFO:root:{'Nature'}: active Region07
INFO:root:{'Actor0130'}: active Region08
INFO:root:{'System'}: active Region08
INFO:root:{'Nature'}: active Region08
INFO:root:{'Actor0130'}: active Region08
INFO:root:{'System'}: active Region08
INFO:root:{'Nature'}: active Region08
INFO:root:{'Actor0130'}: active Region08
INFO:root:{'System'}: active Region08
INFO:root:{'Nature'}: active Region08
INFO:root:{'Actor0130'}: active Region08
INFO:root:{'System'}: active Region08
INFO:root:{'Nature'}: active Region08
INFO:root:{'Actor0130'}: approaching Region05
INFO:root:{'System'}: approaching Region05
INFO:root:{'Nature'}: approaching Region05
INFO:root:{'Actor0130'}: approaching Region05
INFO:root:{'System'}: approaching Region05
INFO:root:{'Nature'}: approaching Region05
INFO:root:{'Actor0130'}: approaching Region05
INFO:root:{'System'}: approaching Region05
INFO:root:{'Nature'}: approaching Region05
INFO:root:{'Actor0130'}: active Region05
INFO:root:{'System'}: active Region05
INFO:root:{'Nature'}: active Region05
INFO:root:{'Actor0130'}: active Region05
INFO:root:{'System'}: active Region05
INFO:root:{'Nature'}: active Region05
INFO:root:{'Actor0130'}: active Region01
INFO:root:{'System'}: active Region01
INFO:root:{'Nature'}: active Region01
INFO:root:{'Actor0130'}: active Region01
INFO:root:{'System'}: active Region01
INFO:root:{'Nature'}: active Region01
INFO:root:{'Actor0130'}: approaching Region05
INFO:root:{'System'}: approaching Region05
INFO:root:{'Nature'}: approaching Region05
INFO:root:{'Actor0130'}: approaching Region05
INFO:root:{'System'}: approaching Region05
INFO:root:{'Nature'}: approaching Region05
INFO:root:{'Actor0130'}: approaching Region05
INFO:root:{'System'}: approaching Region05
INFO:root:{'Nature'}: approaching Region05
INFO:root:{'Actor0130'}: approaching Region05
INFO:root:{'System'}: approaching Region05
INFO:root:{'Nature'}: approaching Region05
INFO:root:{'Actor0130'}: active Region05
INFO:root:{'System'}: active Region05
INFO:root:{'Nature'}: active Region05
INFO:root:{'Actor0130'}: active Region05
INFO:root:{'System'}: active Region05
INFO:root:{'Nature'}: active Region05
INFO:root:{'Actor0130'}: active Region06
INFO:root:{'System'}: active Region06
INFO:root:{'Nature'}: active Region06
INFO:root:{'Actor0130'}: active Region06
INFO:root:{'System'}: active Region06
INFO:root:{'Nature'}: active Region06
INFO:root:{'Actor0130'}: active Region06
INFO:root:{'System'}: active Region06
INFO:root:{'Nature'}: active Region06
INFO:root:{'Actor0130'}: active Region06
INFO:root:{'System'}: active Region06
INFO:root:{'Nature'}: active Region06
INFO:root:{'Actor0130'}: active Region02
INFO:root:{'System'}: active Region02
INFO:root:{'Nature'}: active Region02
INFO:root:Participant 352: Actor0049
INFO:root:{'Actor0049'}: approaching Region05
INFO:root:{'System'}: approaching Region05
INFO:root:{'Nature'}: approaching Region05
INFO:root:{'Actor0049'}: approaching Region05
INFO:root:{'System'}: approaching Region05
INFO:root:{'Nature'}: approaching Region05
INFO:root:{'Actor0049'}: approaching Region05
INFO:root:{'System'}: approaching Region05
INFO:root:{'Nature'}: approaching Region05
INFO:root:{'Actor0049'}: active Region05
INFO:root:{'System'}: active Region05
INFO:root:{'Nature'}: active Region05
INFO:root:{'Actor0049'}: active Region01
INFO:root:{'System'}: active Region01
INFO:root:{'Nature'}: active Region01
INFO:root:{'Actor0049'}: approaching Region05
INFO:root:{'System'}: approaching Region05
INFO:root:{'Nature'}: approaching Region05
INFO:root:{'Actor0049'}: approaching Region05
INFO:root:{'System'}: approaching Region05
INFO:root:{'Nature'}: approaching Region05
INFO:root:{'Actor0049'}: approaching Region05
INFO:root:{'System'}: approaching Region05
INFO:root:{'Nature'}: approaching Region05
INFO:root:{'Actor0049'}: approaching Region05
INFO:root:{'System'}: approaching Region05
INFO:root:{'Nature'}: approaching Region05
INFO:root:{'Actor0049'}: active Region05
INFO:root:{'System'}: active Region05
INFO:root:{'Nature'}: active Region05
INFO:root:{'Actor0049'}: active Region06
INFO:root:{'System'}: active Region06
INFO:root:{'Nature'}: active Region06
INFO:root:{'Actor0049'}: active Region07
INFO:root:{'System'}: active Region07
INFO:root:{'Nature'}: active Region07
INFO:root:{'Actor0049'}: active Region07
INFO:root:{'System'}: active Region07
INFO:root:{'Nature'}: active Region07
INFO:root:{'Actor0049'}: active Region03
INFO:root:{'System'}: active Region03
INFO:root:{'Nature'}: active Region03
INFO:root:{'Actor0049'}: active Region03
INFO:root:{'System'}: active Region03
INFO:root:{'Nature'}: active Region03
INFO:root:{'Actor0049'}: approaching Region05
INFO:root:{'System'}: approaching Region05
INFO:root:{'Nature'}: approaching Region05
INFO:root:{'Actor0049'}: approaching Region05
INFO:root:{'System'}: approaching Region05
INFO:root:{'Nature'}: approaching Region05
INFO:root:{'Actor0049'}: approaching Region05
INFO:root:{'System'}: approaching Region05
INFO:root:{'Nature'}: approaching Region05
INFO:root:{'Actor0049'}: approaching Region05
INFO:root:{'System'}: approaching Region05
INFO:root:{'Nature'}: approaching Region05
INFO:root:{'Actor0049'}: active Region05
INFO:root:{'System'}: active Region05
INFO:root:{'Nature'}: active Region05
INFO:root:{'Actor0049'}: active Region01
INFO:root:{'System'}: active Region01
INFO:root:{'Nature'}: active Region01
INFO:root:{'Actor0049'}: active Region02
INFO:root:{'System'}: active Region02
INFO:root:{'Nature'}: active Region02
INFO:root:{'Actor0049'}: approaching Region05
INFO:root:{'System'}: approaching Region05
INFO:root:{'Nature'}: approaching Region05
INFO:root:{'Actor0049'}: approaching Region05
INFO:root:{'System'}: approaching Region05
INFO:root:{'Nature'}: approaching Region05
INFO:root:{'Actor0049'}: approaching Region05
INFO:root:{'System'}: approaching Region05
INFO:root:{'Nature'}: approaching Region05
INFO:root:{'Actor0049'}: approaching Region05
INFO:root:{'System'}: approaching Region05
INFO:root:{'Nature'}: approaching Region05
INFO:root:{'Actor0049'}: active Region05
INFO:root:{'System'}: active Region05
INFO:root:{'Nature'}: active Region05
INFO:root:{'Actor0049'}: active Region01
INFO:root:{'System'}: active Region01
INFO:root:{'Nature'}: active Region01
INFO:root:{'Actor0049'}: active Region02
INFO:root:{'System'}: active Region02
INFO:root:{'Nature'}: active Region02
INFO:root:{'Actor0049'}: active Region03
INFO:root:{'System'}: active Region03
INFO:root:{'Nature'}: active Region03
INFO:root:{'Actor0049'}: active Region04
INFO:root:{'System'}: active Region04
INFO:root:{'Nature'}: active Region04
INFO:root:{'Actor0049'}: active Region04
INFO:root:{'System'}: active Region04
INFO:root:{'Nature'}: active Region04
INFO:root:{'Actor0049'}: approaching Region05
INFO:root:{'System'}: approaching Region05
INFO:root:{'Nature'}: approaching Region05
INFO:root:{'Actor0049'}: approaching Region05
INFO:root:{'System'}: approaching Region05
INFO:root:{'Nature'}: approaching Region05
INFO:root:{'Actor0049'}: approaching Region05
INFO:root:{'System'}: approaching Region05
INFO:root:{'Nature'}: approaching Region05
INFO:root:{'Actor0049'}: active Region05
INFO:root:{'System'}: active Region05
INFO:root:{'Nature'}: active Region05
INFO:root:{'Actor0049'}: active Region01
INFO:root:{'System'}: active Region01
INFO:root:{'Nature'}: active Region01
INFO:root:{'Actor0049'}: active Region02
INFO:root:{'System'}: active Region02
INFO:root:{'Nature'}: active Region02
INFO:root:{'Actor0049'}: active Region02
INFO:root:{'System'}: active Region02
INFO:root:{'Nature'}: active Region02
INFO:root:{'Actor0049'}: active Region03
INFO:root:{'System'}: active Region03
INFO:root:{'Nature'}: active Region03
INFO:root:{'Actor0049'}: active Region04
INFO:root:{'System'}: active Region04
INFO:root:{'Nature'}: active Region04
INFO:root:Participant 3: Actor0134
INFO:root:{'Actor0134'}: approaching Region05
INFO:root:{'System'}: approaching Region05
INFO:root:{'Nature'}: approaching Region05
INFO:root:{'Actor0134'}: approaching Region05
INFO:root:{'System'}: approaching Region05
INFO:root:{'Nature'}: approaching Region05
INFO:root:{'Actor0134'}: approaching Region05
INFO:root:{'System'}: approaching Region05
INFO:root:{'Nature'}: approaching Region05
INFO:root:{'Actor0134'}: approaching Region05
INFO:root:{'System'}: approaching Region05
INFO:root:{'Nature'}: approaching Region05
INFO:root:{'Actor0134'}: approaching Region05
INFO:root:{'System'}: approaching Region05
INFO:root:{'Nature'}: approaching Region05
INFO:root:{'Actor0134'}: active Region05
INFO:root:{'System'}: active Region05
INFO:root:{'Nature'}: active Region05
INFO:root:{'Actor0134'}: active Region06
INFO:root:{'System'}: active Region06
INFO:root:{'Nature'}: active Region06
INFO:root:{'Actor0134'}: active Region07
INFO:root:{'System'}: active Region07
INFO:root:{'Nature'}: active Region07
INFO:root:{'Actor0134'}: active Region07
INFO:root:{'System'}: active Region07
INFO:root:{'Nature'}: active Region07
INFO:root:{'Actor0134'}: active Region07
INFO:root:{'System'}: active Region07
INFO:root:{'Nature'}: active Region07
INFO:root:{'Actor0134'}: active Region07
INFO:root:{'System'}: active Region07
INFO:root:{'Nature'}: active Region07
INFO:root:{'Actor0134'}: active Region08
INFO:root:{'System'}: active Region08
INFO:root:{'Nature'}: active Region08
INFO:root:{'Actor0134'}: active Region04
INFO:root:{'System'}: active Region04
INFO:root:{'Nature'}: active Region04
INFO:root:{'Actor0134'}: active Region04
INFO:root:{'System'}: active Region04
INFO:root:{'Nature'}: active Region04
INFO:root:{'Actor0134'}: approaching Region05
INFO:root:{'System'}: approaching Region05
INFO:root:{'Nature'}: approaching Region05
INFO:root:{'Actor0134'}: approaching Region05
INFO:root:{'System'}: approaching Region05
INFO:root:{'Nature'}: approaching Region05
INFO:root:{'Actor0134'}: approaching Region05
INFO:root:{'System'}: approaching Region05
INFO:root:{'Nature'}: approaching Region05
INFO:root:{'Actor0134'}: active Region05
INFO:root:{'System'}: active Region05
INFO:root:{'Nature'}: active Region05
INFO:root:{'Actor0134'}: active Region01
INFO:root:{'System'}: active Region01
INFO:root:{'Nature'}: active Region01
INFO:root:{'Actor0134'}: active Region02
INFO:root:{'System'}: active Region02
INFO:root:{'Nature'}: active Region02
INFO:root:{'Actor0134'}: active Region02
INFO:root:{'System'}: active Region02
INFO:root:{'Nature'}: active Region02
INFO:root:{'Actor0134'}: active Region03
INFO:root:{'System'}: active Region03
INFO:root:{'Nature'}: active Region03
INFO:root:{'Actor0134'}: active Region03
INFO:root:{'System'}: active Region03
INFO:root:{'Nature'}: active Region03
INFO:root:{'Actor0134'}: approaching Region05
INFO:root:{'System'}: approaching Region05
INFO:root:{'Nature'}: approaching Region05
INFO:root:{'Actor0134'}: approaching Region05
INFO:root:{'System'}: approaching Region05
INFO:root:{'Nature'}: approaching Region05
INFO:root:{'Actor0134'}: approaching Region05
INFO:root:{'System'}: approaching Region05
INFO:root:{'Nature'}: approaching Region05
INFO:root:{'Actor0134'}: approaching Region05
INFO:root:{'System'}: approaching Region05
INFO:root:{'Nature'}: approaching Region05
INFO:root:{'Actor0134'}: approaching Region05
INFO:root:{'System'}: approaching Region05
INFO:root:{'Nature'}: approaching Region05
INFO:root:{'Actor0134'}: active Region05
INFO:root:{'System'}: active Region05
INFO:root:{'Nature'}: active Region05
INFO:root:{'Actor0134'}: active Region06
INFO:root:{'System'}: active Region06
INFO:root:{'Nature'}: active Region06
INFO:root:{'Actor0134'}: active Region07
INFO:root:{'System'}: active Region07
INFO:root:{'Nature'}: active Region07
INFO:root:{'Actor0134'}: active Region08
INFO:root:{'System'}: active Region08
INFO:root:{'Nature'}: active Region08
INFO:root:{'Actor0134'}: approaching Region05
INFO:root:{'System'}: approaching Region05
INFO:root:{'Nature'}: approaching Region05
INFO:root:{'Actor0134'}: approaching Region05
INFO:root:{'System'}: approaching Region05
INFO:root:{'Nature'}: approaching Region05
INFO:root:{'Actor0134'}: approaching Region05
INFO:root:{'System'}: approaching Region05
INFO:root:{'Nature'}: approaching Region05
INFO:root:{'Actor0134'}: active Region05
INFO:root:{'System'}: active Region05
INFO:root:{'Nature'}: active Region05
INFO:root:{'Actor0134'}: active Region06
INFO:root:{'System'}: active Region06
INFO:root:{'Nature'}: active Region06
INFO:root:{'Actor0134'}: active Region07
INFO:root:{'System'}: active Region07
INFO:root:{'Nature'}: active Region07
INFO:root:{'Actor0134'}: active Region03
INFO:root:{'System'}: active Region03
INFO:root:{'Nature'}: active Region03
INFO:root:{'Actor0134'}: active Region04
INFO:root:{'System'}: active Region04
INFO:root:{'Nature'}: active Region04
INFO:root:{'Actor0134'}: approaching Region05
INFO:root:{'System'}: approaching Region05
INFO:root:{'Nature'}: approaching Region05
INFO:root:{'Actor0134'}: approaching Region05
INFO:root:{'System'}: approaching Region05
INFO:root:{'Nature'}: approaching Region05
INFO:root:{'Actor0134'}: approaching Region05
INFO:root:{'System'}: approaching Region05
INFO:root:{'Nature'}: approaching Region05
INFO:root:{'Actor0134'}: approaching Region05
INFO:root:{'System'}: approaching Region05
INFO:root:{'Nature'}: approaching Region05
INFO:root:{'Actor0134'}: approaching Region05
INFO:root:{'System'}: approaching Region05
INFO:root:{'Nature'}: approaching Region05
INFO:root:{'Actor0134'}: active Region05
INFO:root:{'System'}: active Region05
INFO:root:{'Nature'}: active Region05
INFO:root:{'Actor0134'}: active Region06
INFO:root:{'System'}: active Region06
INFO:root:{'Nature'}: active Region06
INFO:root:{'Actor0134'}: active Region02
INFO:root:{'System'}: active Region02
INFO:root:{'Nature'}: active Region02
INFO:root:{'Actor0134'}: active Region02
INFO:root:{'System'}: active Region02
INFO:root:{'Nature'}: active Region02
INFO:root:{'Actor0134'}: active Region03
INFO:root:{'System'}: active Region03
INFO:root:{'Nature'}: active Region03
INFO:root:Participant 125: Actor0115
INFO:root:{'Actor0115'}: approaching Region05
INFO:root:{'System'}: approaching Region05
INFO:root:{'Nature'}: approaching Region05
INFO:root:{'Actor0115'}: approaching Region05
INFO:root:{'System'}: approaching Region05
INFO:root:{'Nature'}: approaching Region05
INFO:root:{'Actor0115'}: approaching Region05
INFO:root:{'System'}: approaching Region05
INFO:root:{'Nature'}: approaching Region05
INFO:root:{'Actor0115'}: approaching Region05
INFO:root:{'System'}: approaching Region05
INFO:root:{'Nature'}: approaching Region05
INFO:root:{'Actor0115'}: approaching Region05
INFO:root:{'System'}: approaching Region05
INFO:root:{'Nature'}: approaching Region05
INFO:root:{'Actor0115'}: active Region05
INFO:root:{'System'}: active Region05
INFO:root:{'Nature'}: active Region05
INFO:root:{'Actor0115'}: active Region06
INFO:root:{'System'}: active Region06
INFO:root:{'Nature'}: active Region06
INFO:root:{'Actor0115'}: active Region07
INFO:root:{'System'}: active Region07
INFO:root:{'Nature'}: active Region07
INFO:root:{'Actor0115'}: active Region07
INFO:root:{'System'}: active Region07
INFO:root:{'Nature'}: active Region07
INFO:root:{'Actor0115'}: active Region08
INFO:root:{'System'}: active Region08
INFO:root:{'Nature'}: active Region08
INFO:root:{'Actor0115'}: active Region08
INFO:root:{'System'}: active Region08
INFO:root:{'Nature'}: active Region08
INFO:root:{'Actor0115'}: active Region04
INFO:root:{'System'}: active Region04
INFO:root:{'Nature'}: active Region04
INFO:root:{'Actor0115'}: approaching Region05
INFO:root:{'System'}: approaching Region05
INFO:root:{'Nature'}: approaching Region05
INFO:root:{'Actor0115'}: approaching Region05
INFO:root:{'System'}: approaching Region05
INFO:root:{'Nature'}: approaching Region05
INFO:root:{'Actor0115'}: approaching Region05
INFO:root:{'System'}: approaching Region05
INFO:root:{'Nature'}: approaching Region05
INFO:root:{'Actor0115'}: approaching Region05
INFO:root:{'System'}: approaching Region05
INFO:root:{'Nature'}: approaching Region05
INFO:root:{'Actor0115'}: approaching Region05
INFO:root:{'System'}: approaching Region05
INFO:root:{'Nature'}: approaching Region05
INFO:root:{'Actor0115'}: active Region05
INFO:root:{'System'}: active Region05
INFO:root:{'Nature'}: active Region05
INFO:root:{'Actor0115'}: active Region01
INFO:root:{'System'}: active Region01
INFO:root:{'Nature'}: active Region01
INFO:root:{'Actor0115'}: approaching Region05
INFO:root:{'System'}: approaching Region05
INFO:root:{'Nature'}: approaching Region05
INFO:root:{'Actor0115'}: approaching Region05
INFO:root:{'System'}: approaching Region05
INFO:root:{'Nature'}: approaching Region05
INFO:root:{'Actor0115'}: approaching Region05
INFO:root:{'System'}: approaching Region05
INFO:root:{'Nature'}: approaching Region05
INFO:root:{'Actor0115'}: active Region05
INFO:root:{'System'}: active Region05
INFO:root:{'Nature'}: active Region05
INFO:root:{'Actor0115'}: active Region06
INFO:root:{'System'}: active Region06
INFO:root:{'Nature'}: active Region06
INFO:root:{'Actor0115'}: active Region02
INFO:root:{'System'}: active Region02
INFO:root:{'Nature'}: active Region02
INFO:root:{'Actor0115'}: active Region03
INFO:root:{'System'}: active Region03
INFO:root:{'Nature'}: active Region03
INFO:root:{'Actor0115'}: approaching Region05
INFO:root:{'System'}: approaching Region05
INFO:root:{'Nature'}: approaching Region05
INFO:root:{'Actor0115'}: approaching Region05
INFO:root:{'System'}: approaching Region05
INFO:root:{'Nature'}: approaching Region05
INFO:root:{'Actor0115'}: approaching Region05
INFO:root:{'System'}: approaching Region05
INFO:root:{'Nature'}: approaching Region05
INFO:root:{'Actor0115'}: active Region05
INFO:root:{'System'}: active Region05
INFO:root:{'Nature'}: active Region05
INFO:root:{'Actor0115'}: active Region01
INFO:root:{'System'}: active Region01
INFO:root:{'Nature'}: active Region01
INFO:root:{'Actor0115'}: active Region02
INFO:root:{'System'}: active Region02
INFO:root:{'Nature'}: active Region02
INFO:root:{'Actor0115'}: active Region03
INFO:root:{'System'}: active Region03
INFO:root:{'Nature'}: active Region03
INFO:root:{'Actor0115'}: active Region04
INFO:root:{'System'}: active Region04
INFO:root:{'Nature'}: active Region04
INFO:root:{'Actor0115'}: approaching Region05
INFO:root:{'System'}: approaching Region05
INFO:root:{'Nature'}: approaching Region05
INFO:root:{'Actor0115'}: approaching Region05
INFO:root:{'System'}: approaching Region05
INFO:root:{'Nature'}: approaching Region05
INFO:root:{'Actor0115'}: approaching Region05
INFO:root:{'System'}: approaching Region05
INFO:root:{'Nature'}: approaching Region05
INFO:root:{'Actor0115'}: approaching Region05
INFO:root:{'System'}: approaching Region05
INFO:root:{'Nature'}: approaching Region05
INFO:root:{'Actor0115'}: approaching Region05
INFO:root:{'System'}: approaching Region05
INFO:root:{'Nature'}: approaching Region05
INFO:root:{'Actor0115'}: active Region05
INFO:root:{'System'}: active Region05
INFO:root:{'Nature'}: active Region05
INFO:root:{'Actor0115'}: active Region01
INFO:root:{'System'}: active Region01
INFO:root:{'Nature'}: active Region01
INFO:root:{'Actor0115'}: active Region02
INFO:root:{'System'}: active Region02
INFO:root:{'Nature'}: active Region02
INFO:root:{'Actor0115'}: active Region02
INFO:root:{'System'}: active Region02
INFO:root:{'Nature'}: active Region02
INFO:root:{'Actor0115'}: active Region03
INFO:root:{'System'}: active Region03
INFO:root:{'Nature'}: active Region03
INFO:root:{'Actor0115'}: active Region04
INFO:root:{'System'}: active Region04
INFO:root:{'Nature'}: active Region04
INFO:root:{'Actor0115'}: active Region04
INFO:root:{'System'}: active Region04
INFO:root:{'Nature'}: active Region04
INFO:root:{'Actor0115'}: active Region04
INFO:root:{'System'}: active Region04
INFO:root:{'Nature'}: active Region04
INFO:root:Participant 30: Actor0058
INFO:root:{'Actor0058'}: approaching Region05
INFO:root:{'System'}: approaching Region05
INFO:root:{'Nature'}: approaching Region05
INFO:root:{'Actor0058'}: approaching Region05
INFO:root:{'System'}: approaching Region05
INFO:root:{'Nature'}: approaching Region05
INFO:root:{'Actor0058'}: approaching Region05
INFO:root:{'System'}: approaching Region05
INFO:root:{'Nature'}: approaching Region05
INFO:root:{'Actor0058'}: approaching Region05
INFO:root:{'System'}: approaching Region05
INFO:root:{'Nature'}: approaching Region05
INFO:root:{'Actor0058'}: active Region05
INFO:root:{'System'}: active Region05
INFO:root:{'Nature'}: active Region05
INFO:root:{'Actor0058'}: active Region06
INFO:root:{'System'}: active Region06
INFO:root:{'Nature'}: active Region06
INFO:root:{'Actor0058'}: active Region06
INFO:root:{'System'}: active Region06
INFO:root:{'Nature'}: active Region06
INFO:root:{'Actor0058'}: active Region07
INFO:root:{'System'}: active Region07
INFO:root:{'Nature'}: active Region07
INFO:root:{'Actor0058'}: active Region08
INFO:root:{'System'}: active Region08
INFO:root:{'Nature'}: active Region08
INFO:root:{'Actor0058'}: approaching Region05
INFO:root:{'System'}: approaching Region05
INFO:root:{'Nature'}: approaching Region05
INFO:root:{'Actor0058'}: approaching Region05
INFO:root:{'System'}: approaching Region05
INFO:root:{'Nature'}: approaching Region05
INFO:root:{'Actor0058'}: approaching Region05
INFO:root:{'System'}: approaching Region05
INFO:root:{'Nature'}: approaching Region05
INFO:root:{'Actor0058'}: approaching Region05
INFO:root:{'System'}: approaching Region05
INFO:root:{'Nature'}: approaching Region05
INFO:root:{'Actor0058'}: active Region05
INFO:root:{'System'}: active Region05
INFO:root:{'Nature'}: active Region05
INFO:root:{'Actor0058'}: active Region06
INFO:root:{'System'}: active Region06
INFO:root:{'Nature'}: active Region06
INFO:root:{'Actor0058'}: active Region07
INFO:root:{'System'}: active Region07
INFO:root:{'Nature'}: active Region07
INFO:root:{'Actor0058'}: active Region03
INFO:root:{'System'}: active Region03
INFO:root:{'Nature'}: active Region03
INFO:root:{'Actor0058'}: active Region04
INFO:root:{'System'}: active Region04
INFO:root:{'Nature'}: active Region04
INFO:root:{'Actor0058'}: approaching Region05
INFO:root:{'System'}: approaching Region05
INFO:root:{'Nature'}: approaching Region05
INFO:root:{'Actor0058'}: approaching Region05
INFO:root:{'System'}: approaching Region05
INFO:root:{'Nature'}: approaching Region05
INFO:root:{'Actor0058'}: approaching Region05
INFO:root:{'System'}: approaching Region05
INFO:root:{'Nature'}: approaching Region05
INFO:root:{'Actor0058'}: active Region05
INFO:root:{'System'}: active Region05
INFO:root:{'Nature'}: active Region05
INFO:root:{'Actor0058'}: active Region01
INFO:root:{'System'}: active Region01
INFO:root:{'Nature'}: active Region01
INFO:root:{'Actor0058'}: approaching Region05
INFO:root:{'System'}: approaching Region05
INFO:root:{'Nature'}: approaching Region05
INFO:root:{'Actor0058'}: approaching Region05
INFO:root:{'System'}: approaching Region05
INFO:root:{'Nature'}: approaching Region05
INFO:root:{'Actor0058'}: approaching Region05
INFO:root:{'System'}: approaching Region05
INFO:root:{'Nature'}: approaching Region05
INFO:root:{'Actor0058'}: approaching Region05
INFO:root:{'System'}: approaching Region05
INFO:root:{'Nature'}: approaching Region05
INFO:root:{'Actor0058'}: approaching Region05
INFO:root:{'System'}: approaching Region05
INFO:root:{'Nature'}: approaching Region05
INFO:root:{'Actor0058'}: approaching Region05
INFO:root:{'System'}: approaching Region05
INFO:root:{'Nature'}: approaching Region05
INFO:root:{'Actor0058'}: active Region05
INFO:root:{'System'}: active Region05
INFO:root:{'Nature'}: active Region05
INFO:root:{'Actor0058'}: active Region05
INFO:root:{'System'}: active Region05
INFO:root:{'Nature'}: active Region05
INFO:root:{'Actor0058'}: active Region01
INFO:root:{'System'}: active Region01
INFO:root:{'Nature'}: active Region01
INFO:root:{'Actor0058'}: active Region02
INFO:root:{'System'}: active Region02
INFO:root:{'Nature'}: active Region02
INFO:root:{'Actor0058'}: approaching Region05
INFO:root:{'System'}: approaching Region05
INFO:root:{'Nature'}: approaching Region05
INFO:root:{'Actor0058'}: approaching Region05
INFO:root:{'System'}: approaching Region05
INFO:root:{'Nature'}: approaching Region05
INFO:root:{'Actor0058'}: approaching Region05
INFO:root:{'System'}: approaching Region05
INFO:root:{'Nature'}: approaching Region05
INFO:root:{'Actor0058'}: approaching Region05
INFO:root:{'System'}: approaching Region05
INFO:root:{'Nature'}: approaching Region05
INFO:root:{'Actor0058'}: active Region05
INFO:root:{'System'}: active Region05
INFO:root:{'Nature'}: active Region05
INFO:root:{'Actor0058'}: active Region05
INFO:root:{'System'}: active Region05
INFO:root:{'Nature'}: active Region05
INFO:root:{'Actor0058'}: active Region06
INFO:root:{'System'}: active Region06
INFO:root:{'Nature'}: active Region06
INFO:root:{'Actor0058'}: active Region07
INFO:root:{'System'}: active Region07
INFO:root:{'Nature'}: active Region07
INFO:root:{'Actor0058'}: active Region08
INFO:root:{'System'}: active Region08
INFO:root:{'Nature'}: active Region08
INFO:root:{'Actor0058'}: active Region04
INFO:root:{'System'}: active Region04
INFO:root:{'Nature'}: active Region04
INFO:root:Participant 67: Actor0122
INFO:root:{'Actor0122'}: approaching Region05
INFO:root:{'System'}: approaching Region05
INFO:root:{'Nature'}: approaching Region05
INFO:root:{'Actor0122'}: approaching Region05
INFO:root:{'System'}: approaching Region05
INFO:root:{'Nature'}: approaching Region05
INFO:root:{'Actor0122'}: approaching Region05
INFO:root:{'System'}: approaching Region05
INFO:root:{'Nature'}: approaching Region05
INFO:root:{'Actor0122'}: active Region05
INFO:root:{'System'}: active Region05
INFO:root:{'Nature'}: active Region05
INFO:root:{'Actor0122'}: active Region06
INFO:root:{'System'}: active Region06
INFO:root:{'Nature'}: active Region06
INFO:root:{'Actor0122'}: active Region07
INFO:root:{'System'}: active Region07
INFO:root:{'Nature'}: active Region07
INFO:root:{'Actor0122'}: active Region07
INFO:root:{'System'}: active Region07
INFO:root:{'Nature'}: active Region07
INFO:root:{'Actor0122'}: active Region08
INFO:root:{'System'}: active Region08
INFO:root:{'Nature'}: active Region08
INFO:root:{'Actor0122'}: active Region08
INFO:root:{'System'}: active Region08
INFO:root:{'Nature'}: active Region08
INFO:root:{'Actor0122'}: active Region04
INFO:root:{'System'}: active Region04
INFO:root:{'Nature'}: active Region04
INFO:root:{'Actor0122'}: active Region04
INFO:root:{'System'}: active Region04
INFO:root:{'Nature'}: active Region04
INFO:root:{'Actor0122'}: approaching Region05
INFO:root:{'System'}: approaching Region05
INFO:root:{'Nature'}: approaching Region05
INFO:root:{'Actor0122'}: approaching Region05
INFO:root:{'System'}: approaching Region05
INFO:root:{'Nature'}: approaching Region05
INFO:root:{'Actor0122'}: approaching Region05
INFO:root:{'System'}: approaching Region05
INFO:root:{'Nature'}: approaching Region05
INFO:root:{'Actor0122'}: active Region05
INFO:root:{'System'}: active Region05
INFO:root:{'Nature'}: active Region05
INFO:root:{'Actor0122'}: active Region05
INFO:root:{'System'}: active Region05
INFO:root:{'Nature'}: active Region05
INFO:root:{'Actor0122'}: active Region06
INFO:root:{'System'}: active Region06
INFO:root:{'Nature'}: active Region06
INFO:root:{'Actor0122'}: active Region07
INFO:root:{'System'}: active Region07
INFO:root:{'Nature'}: active Region07
INFO:root:{'Actor0122'}: active Region08
INFO:root:{'System'}: active Region08
INFO:root:{'Nature'}: active Region08
INFO:root:{'Actor0122'}: approaching Region05
INFO:root:{'System'}: approaching Region05
INFO:root:{'Nature'}: approaching Region05
INFO:root:{'Actor0122'}: approaching Region05
INFO:root:{'System'}: approaching Region05
INFO:root:{'Nature'}: approaching Region05
INFO:root:{'Actor0122'}: approaching Region05
INFO:root:{'System'}: approaching Region05
INFO:root:{'Nature'}: approaching Region05
INFO:root:{'Actor0122'}: active Region05
INFO:root:{'System'}: active Region05
INFO:root:{'Nature'}: active Region05
INFO:root:{'Actor0122'}: active Region01
INFO:root:{'System'}: active Region01
INFO:root:{'Nature'}: active Region01
INFO:root:{'Actor0122'}: active Region01
INFO:root:{'System'}: active Region01
INFO:root:{'Nature'}: active Region01
INFO:root:{'Actor0122'}: approaching Region05
INFO:root:{'System'}: approaching Region05
INFO:root:{'Nature'}: approaching Region05
INFO:root:{'Actor0122'}: approaching Region05
INFO:root:{'System'}: approaching Region05
INFO:root:{'Nature'}: approaching Region05
INFO:root:{'Actor0122'}: approaching Region05
INFO:root:{'System'}: approaching Region05
INFO:root:{'Nature'}: approaching Region05
INFO:root:{'Actor0122'}: active Region05
INFO:root:{'System'}: active Region05
INFO:root:{'Nature'}: active Region05
INFO:root:{'Actor0122'}: active Region01
INFO:root:{'System'}: active Region01
INFO:root:{'Nature'}: active Region01
INFO:root:{'Actor0122'}: approaching Region05
INFO:root:{'System'}: approaching Region05
INFO:root:{'Nature'}: approaching Region05
INFO:root:{'Actor0122'}: approaching Region05
INFO:root:{'System'}: approaching Region05
INFO:root:{'Nature'}: approaching Region05
INFO:root:{'Actor0122'}: approaching Region05
INFO:root:{'System'}: approaching Region05
INFO:root:{'Nature'}: approaching Region05
INFO:root:{'Actor0122'}: active Region05
INFO:root:{'System'}: active Region05
INFO:root:{'Nature'}: active Region05
INFO:root:{'Actor0122'}: active Region06
INFO:root:{'System'}: active Region06
INFO:root:{'Nature'}: active Region06
INFO:root:{'Actor0122'}: active Region02
INFO:root:{'System'}: active Region02
INFO:root:{'Nature'}: active Region02
INFO:root:Participant 34: Actor0138
INFO:root:{'Actor0138'}: approaching Region05
INFO:root:{'System'}: approaching Region05
INFO:root:{'Nature'}: approaching Region05
INFO:root:{'Actor0138'}: approaching Region05
INFO:root:{'System'}: approaching Region05
INFO:root:{'Nature'}: approaching Region05
INFO:root:{'Actor0138'}: approaching Region05
INFO:root:{'System'}: approaching Region05
INFO:root:{'Nature'}: approaching Region05
INFO:root:{'Actor0138'}: active Region05
INFO:root:{'System'}: active Region05
INFO:root:{'Nature'}: active Region05
INFO:root:{'Actor0138'}: active Region06
INFO:root:{'System'}: active Region06
INFO:root:{'Nature'}: active Region06
INFO:root:{'Actor0138'}: active Region02
INFO:root:{'System'}: active Region02
INFO:root:{'Nature'}: active Region02
INFO:root:{'Actor0138'}: approaching Region05
INFO:root:{'System'}: approaching Region05
INFO:root:{'Nature'}: approaching Region05
INFO:root:{'Actor0138'}: approaching Region05
INFO:root:{'System'}: approaching Region05
INFO:root:{'Nature'}: approaching Region05
INFO:root:{'Actor0138'}: approaching Region05
INFO:root:{'System'}: approaching Region05
INFO:root:{'Nature'}: approaching Region05
INFO:root:{'Actor0138'}: approaching Region05
INFO:root:{'System'}: approaching Region05
INFO:root:{'Nature'}: approaching Region05
INFO:root:{'Actor0138'}: active Region05
INFO:root:{'System'}: active Region05
INFO:root:{'Nature'}: active Region05
INFO:root:{'Actor0138'}: active Region01
INFO:root:{'System'}: active Region01
INFO:root:{'Nature'}: active Region01
INFO:root:{'Actor0138'}: approaching Region05
INFO:root:{'System'}: approaching Region05
INFO:root:{'Nature'}: approaching Region05
INFO:root:{'Actor0138'}: approaching Region05
INFO:root:{'System'}: approaching Region05
INFO:root:{'Nature'}: approaching Region05
INFO:root:{'Actor0138'}: approaching Region05
INFO:root:{'System'}: approaching Region05
INFO:root:{'Nature'}: approaching Region05
INFO:root:{'Actor0138'}: active Region05
INFO:root:{'System'}: active Region05
INFO:root:{'Nature'}: active Region05
INFO:root:{'Actor0138'}: active Region06
INFO:root:{'System'}: active Region06
INFO:root:{'Nature'}: active Region06
INFO:root:{'Actor0138'}: active Region02
INFO:root:{'System'}: active Region02
INFO:root:{'Nature'}: active Region02
INFO:root:{'Actor0138'}: active Region03
INFO:root:{'System'}: active Region03
INFO:root:{'Nature'}: active Region03
INFO:root:{'Actor0138'}: active Region04
INFO:root:{'System'}: active Region04
INFO:root:{'Nature'}: active Region04
INFO:root:{'Actor0138'}: approaching Region05
INFO:root:{'System'}: approaching Region05
INFO:root:{'Nature'}: approaching Region05
INFO:root:{'Actor0138'}: approaching Region05
INFO:root:{'System'}: approaching Region05
INFO:root:{'Nature'}: approaching Region05
INFO:root:{'Actor0138'}: approaching Region05
INFO:root:{'System'}: approaching Region05
INFO:root:{'Nature'}: approaching Region05
INFO:root:{'Actor0138'}: active Region05
INFO:root:{'System'}: active Region05
INFO:root:{'Nature'}: active Region05
INFO:root:{'Actor0138'}: active Region06
INFO:root:{'System'}: active Region06
INFO:root:{'Nature'}: active Region06
INFO:root:{'Actor0138'}: active Region06
INFO:root:{'System'}: active Region06
INFO:root:{'Nature'}: active Region06
INFO:root:{'Actor0138'}: active Region07
INFO:root:{'System'}: active Region07
INFO:root:{'Nature'}: active Region07
INFO:root:{'Actor0138'}: active Region07
INFO:root:{'System'}: active Region07
INFO:root:{'Nature'}: active Region07
INFO:root:{'Actor0138'}: active Region08
INFO:root:{'System'}: active Region08
INFO:root:{'Nature'}: active Region08
INFO:root:{'Actor0138'}: approaching Region05
INFO:root:{'System'}: approaching Region05
INFO:root:{'Nature'}: approaching Region05
INFO:root:{'Actor0138'}: approaching Region05
INFO:root:{'System'}: approaching Region05
INFO:root:{'Nature'}: approaching Region05
INFO:root:{'Actor0138'}: approaching Region05
INFO:root:{'System'}: approaching Region05
INFO:root:{'Nature'}: approaching Region05
INFO:root:{'Actor0138'}: active Region05
INFO:root:{'System'}: active Region05
INFO:root:{'Nature'}: active Region05
INFO:root:{'Actor0138'}: active Region05
INFO:root:{'System'}: active Region05
INFO:root:{'Nature'}: active Region05
INFO:root:{'Actor0138'}: active Region06
INFO:root:{'System'}: active Region06
INFO:root:{'Nature'}: active Region06
INFO:root:{'Actor0138'}: active Region07
INFO:root:{'System'}: active Region07
INFO:root:{'Nature'}: active Region07
INFO:root:{'Actor0138'}: active Region08
INFO:root:{'System'}: active Region08
INFO:root:{'Nature'}: active Region08
INFO:root:{'Actor0138'}: active Region08
INFO:root:{'System'}: active Region08
INFO:root:{'Nature'}: active Region08
INFO:root:Participant 22: Actor0132
INFO:root:{'Actor0132'}: approaching Region05
INFO:root:{'System'}: approaching Region05
INFO:root:{'Nature'}: approaching Region05
INFO:root:{'Actor0132'}: approaching Region05
INFO:root:{'System'}: approaching Region05
INFO:root:{'Nature'}: approaching Region05
INFO:root:{'Actor0132'}: approaching Region05
INFO:root:{'System'}: approaching Region05
INFO:root:{'Nature'}: approaching Region05
INFO:root:{'Actor0132'}: approaching Region05
INFO:root:{'System'}: approaching Region05
INFO:root:{'Nature'}: approaching Region05
INFO:root:{'Actor0132'}: active Region05
INFO:root:{'System'}: active Region05
INFO:root:{'Nature'}: active Region05
INFO:root:{'Actor0132'}: active Region06
INFO:root:{'System'}: active Region06
INFO:root:{'Nature'}: active Region06
INFO:root:{'Actor0132'}: active Region02
INFO:root:{'System'}: active Region02
INFO:root:{'Nature'}: active Region02
INFO:root:{'Actor0132'}: active Region03
INFO:root:{'System'}: active Region03
INFO:root:{'Nature'}: active Region03
INFO:root:{'Actor0132'}: approaching Region05
INFO:root:{'System'}: approaching Region05
INFO:root:{'Nature'}: approaching Region05
INFO:root:{'Actor0132'}: approaching Region05
INFO:root:{'System'}: approaching Region05
INFO:root:{'Nature'}: approaching Region05
INFO:root:{'Actor0132'}: approaching Region05
INFO:root:{'System'}: approaching Region05
INFO:root:{'Nature'}: approaching Region05
INFO:root:{'Actor0132'}: active Region05
INFO:root:{'System'}: active Region05
INFO:root:{'Nature'}: active Region05
INFO:root:{'Actor0132'}: active Region01
INFO:root:{'System'}: active Region01
INFO:root:{'Nature'}: active Region01
INFO:root:{'Actor0132'}: approaching Region05
INFO:root:{'System'}: approaching Region05
INFO:root:{'Nature'}: approaching Region05
INFO:root:{'Actor0132'}: approaching Region05
INFO:root:{'System'}: approaching Region05
INFO:root:{'Nature'}: approaching Region05
INFO:root:{'Actor0132'}: approaching Region05
INFO:root:{'System'}: approaching Region05
INFO:root:{'Nature'}: approaching Region05
INFO:root:{'Actor0132'}: active Region05
INFO:root:{'System'}: active Region05
INFO:root:{'Nature'}: active Region05
INFO:root:{'Actor0132'}: active Region01
INFO:root:{'System'}: active Region01
INFO:root:{'Nature'}: active Region01
INFO:root:{'Actor0132'}: active Region02
INFO:root:{'System'}: active Region02
INFO:root:{'Nature'}: active Region02
INFO:root:{'Actor0132'}: active Region02
INFO:root:{'System'}: active Region02
INFO:root:{'Nature'}: active Region02
INFO:root:{'Actor0132'}: active Region03
INFO:root:{'System'}: active Region03
INFO:root:{'Nature'}: active Region03
INFO:root:{'Actor0132'}: active Region04
INFO:root:{'System'}: active Region04
INFO:root:{'Nature'}: active Region04
INFO:root:{'Actor0132'}: approaching Region05
INFO:root:{'System'}: approaching Region05
INFO:root:{'Nature'}: approaching Region05
INFO:root:{'Actor0132'}: approaching Region05
INFO:root:{'System'}: approaching Region05
INFO:root:{'Nature'}: approaching Region05
INFO:root:{'Actor0132'}: approaching Region05
INFO:root:{'System'}: approaching Region05
INFO:root:{'Nature'}: approaching Region05
INFO:root:{'Actor0132'}: approaching Region05
INFO:root:{'System'}: approaching Region05
INFO:root:{'Nature'}: approaching Region05
INFO:root:{'Actor0132'}: active Region05
INFO:root:{'System'}: active Region05
INFO:root:{'Nature'}: active Region05
INFO:root:{'Actor0132'}: active Region05
INFO:root:{'System'}: active Region05
INFO:root:{'Nature'}: active Region05
INFO:root:{'Actor0132'}: active Region05
INFO:root:{'System'}: active Region05
INFO:root:{'Nature'}: active Region05
INFO:root:{'Actor0132'}: active Region06
INFO:root:{'System'}: active Region06
INFO:root:{'Nature'}: active Region06
INFO:root:{'Actor0132'}: active Region07
INFO:root:{'System'}: active Region07
INFO:root:{'Nature'}: active Region07
INFO:root:{'Actor0132'}: active Region08
INFO:root:{'System'}: active Region08
INFO:root:{'Nature'}: active Region08
INFO:root:{'Actor0132'}: approaching Region05
INFO:root:{'System'}: approaching Region05
INFO:root:{'Nature'}: approaching Region05
INFO:root:{'Actor0132'}: approaching Region05
INFO:root:{'System'}: approaching Region05
INFO:root:{'Nature'}: approaching Region05
INFO:root:{'Actor0132'}: approaching Region05
INFO:root:{'System'}: approaching Region05
INFO:root:{'Nature'}: approaching Region05
INFO:root:{'Actor0132'}: active Region05
INFO:root:{'System'}: active Region05
INFO:root:{'Nature'}: active Region05
INFO:root:{'Actor0132'}: active Region01
INFO:root:{'System'}: active Region01
INFO:root:{'Nature'}: active Region01
INFO:root:Participant 144: Actor0143
INFO:root:{'Actor0143'}: approaching Region05
INFO:root:{'System'}: approaching Region05
INFO:root:{'Nature'}: approaching Region05
INFO:root:{'Actor0143'}: approaching Region05
INFO:root:{'System'}: approaching Region05
INFO:root:{'Nature'}: approaching Region05
INFO:root:{'Actor0143'}: approaching Region05
INFO:root:{'System'}: approaching Region05
INFO:root:{'Nature'}: approaching Region05
INFO:root:{'Actor0143'}: active Region05
INFO:root:{'System'}: active Region05
INFO:root:{'Nature'}: active Region05
INFO:root:{'Actor0143'}: active Region06
INFO:root:{'System'}: active Region06
INFO:root:{'Nature'}: active Region06
INFO:root:{'Actor0143'}: active Region02
INFO:root:{'System'}: active Region02
INFO:root:{'Nature'}: active Region02
INFO:root:{'Actor0143'}: active Region03
INFO:root:{'System'}: active Region03
INFO:root:{'Nature'}: active Region03
INFO:root:{'Actor0143'}: active Region04
INFO:root:{'System'}: active Region04
INFO:root:{'Nature'}: active Region04
INFO:root:{'Actor0143'}: approaching Region05
INFO:root:{'System'}: approaching Region05
INFO:root:{'Nature'}: approaching Region05
INFO:root:{'Actor0143'}: approaching Region05
INFO:root:{'System'}: approaching Region05
INFO:root:{'Nature'}: approaching Region05
INFO:root:{'Actor0143'}: approaching Region05
INFO:root:{'System'}: approaching Region05
INFO:root:{'Nature'}: approaching Region05
INFO:root:{'Actor0143'}: active Region05
INFO:root:{'System'}: active Region05
INFO:root:{'Nature'}: active Region05
INFO:root:{'Actor0143'}: active Region05
INFO:root:{'System'}: active Region05
INFO:root:{'Nature'}: active Region05
INFO:root:{'Actor0143'}: active Region05
INFO:root:{'System'}: active Region05
INFO:root:{'Nature'}: active Region05
INFO:root:{'Actor0143'}: active Region01
INFO:root:{'System'}: active Region01
INFO:root:{'Nature'}: active Region01
INFO:root:{'Actor0143'}: approaching Region05
INFO:root:{'System'}: approaching Region05
INFO:root:{'Nature'}: approaching Region05
INFO:root:{'Actor0143'}: approaching Region05
INFO:root:{'System'}: approaching Region05
INFO:root:{'Nature'}: approaching Region05
INFO:root:{'Actor0143'}: approaching Region05
INFO:root:{'System'}: approaching Region05
INFO:root:{'Nature'}: approaching Region05
INFO:root:{'Actor0143'}: approaching Region05
INFO:root:{'System'}: approaching Region05
INFO:root:{'Nature'}: approaching Region05
INFO:root:{'Actor0143'}: approaching Region05
INFO:root:{'System'}: approaching Region05
INFO:root:{'Nature'}: approaching Region05
INFO:root:{'Actor0143'}: approaching Region05
INFO:root:{'System'}: approaching Region05
INFO:root:{'Nature'}: approaching Region05
INFO:root:{'Actor0143'}: approaching Region05
INFO:root:{'System'}: approaching Region05
INFO:root:{'Nature'}: approaching Region05
INFO:root:{'Actor0143'}: approaching Region05
INFO:root:{'System'}: approaching Region05
INFO:root:{'Nature'}: approaching Region05
INFO:root:{'Actor0143'}: approaching Region05
INFO:root:{'System'}: approaching Region05
INFO:root:{'Nature'}: approaching Region05
INFO:root:{'Actor0143'}: approaching Region05
INFO:root:{'System'}: approaching Region05
INFO:root:{'Nature'}: approaching Region05
INFO:root:{'Actor0143'}: active Region05
INFO:root:{'System'}: active Region05
INFO:root:{'Nature'}: active Region05
INFO:root:{'Actor0143'}: active Region01
INFO:root:{'System'}: active Region01
INFO:root:{'Nature'}: active Region01
INFO:root:{'Actor0143'}: active Region02
INFO:root:{'System'}: active Region02
INFO:root:{'Nature'}: active Region02
INFO:root:{'Actor0143'}: active Region03
INFO:root:{'System'}: active Region03
INFO:root:{'Nature'}: active Region03
INFO:root:{'Actor0143'}: active Region04
INFO:root:{'System'}: active Region04
INFO:root:{'Nature'}: active Region04
INFO:root:{'Actor0143'}: approaching Region05
INFO:root:{'System'}: approaching Region05
INFO:root:{'Nature'}: approaching Region05
INFO:root:{'Actor0143'}: approaching Region05
INFO:root:{'System'}: approaching Region05
INFO:root:{'Nature'}: approaching Region05
INFO:root:{'Actor0143'}: approaching Region05
INFO:root:{'System'}: approaching Region05
INFO:root:{'Nature'}: approaching Region05
INFO:root:{'Actor0143'}: active Region05
INFO:root:{'System'}: active Region05
INFO:root:{'Nature'}: active Region05
INFO:root:{'Actor0143'}: active Region05
INFO:root:{'System'}: active Region05
INFO:root:{'Nature'}: active Region05
INFO:root:{'Actor0143'}: active Region06
INFO:root:{'System'}: active Region06
INFO:root:{'Nature'}: active Region06
INFO:root:{'Actor0143'}: active Region07
INFO:root:{'System'}: active Region07
INFO:root:{'Nature'}: active Region07
INFO:root:{'Actor0143'}: active Region03
INFO:root:{'System'}: active Region03
INFO:root:{'Nature'}: active Region03
INFO:root:{'Actor0143'}: active Region04
INFO:root:{'System'}: active Region04
INFO:root:{'Nature'}: active Region04
INFO:root:{'Actor0143'}: approaching Region05
INFO:root:{'System'}: approaching Region05
INFO:root:{'Nature'}: approaching Region05
INFO:root:{'Actor0143'}: approaching Region05
INFO:root:{'System'}: approaching Region05
INFO:root:{'Nature'}: approaching Region05
INFO:root:{'Actor0143'}: approaching Region05
INFO:root:{'System'}: approaching Region05
INFO:root:{'Nature'}: approaching Region05
INFO:root:{'Actor0143'}: approaching Region05
INFO:root:{'System'}: approaching Region05
INFO:root:{'Nature'}: approaching Region05
INFO:root:{'Actor0143'}: active Region05
INFO:root:{'System'}: active Region05
INFO:root:{'Nature'}: active Region05
INFO:root:{'Actor0143'}: active Region06
INFO:root:{'System'}: active Region06
INFO:root:{'Nature'}: active Region06
INFO:root:{'Actor0143'}: active Region07
INFO:root:{'System'}: active Region07
INFO:root:{'Nature'}: active Region07
INFO:root:{'Actor0143'}: active Region07
INFO:root:{'System'}: active Region07
INFO:root:{'Nature'}: active Region07
INFO:root:{'Actor0143'}: active Region08
INFO:root:{'System'}: active Region08
INFO:root:{'Nature'}: active Region08
INFO:root:Participant 140: Actor0096
INFO:root:{'Actor0096'}: approaching Region05
INFO:root:{'System'}: approaching Region05
INFO:root:{'Nature'}: approaching Region05
INFO:root:{'Actor0096'}: approaching Region05
INFO:root:{'System'}: approaching Region05
INFO:root:{'Nature'}: approaching Region05
INFO:root:{'Actor0096'}: approaching Region05
INFO:root:{'System'}: approaching Region05
INFO:root:{'Nature'}: approaching Region05
INFO:root:{'Actor0096'}: active Region05
INFO:root:{'System'}: active Region05
INFO:root:{'Nature'}: active Region05
INFO:root:{'Actor0096'}: active Region01
INFO:root:{'System'}: active Region01
INFO:root:{'Nature'}: active Region01
INFO:root:{'Actor0096'}: active Region02
INFO:root:{'System'}: active Region02
INFO:root:{'Nature'}: active Region02
INFO:root:{'Actor0096'}: active Region03
INFO:root:{'System'}: active Region03
INFO:root:{'Nature'}: active Region03
INFO:root:{'Actor0096'}: active Region04
INFO:root:{'System'}: active Region04
INFO:root:{'Nature'}: active Region04
INFO:root:{'Actor0096'}: active Region04
INFO:root:{'System'}: active Region04
INFO:root:{'Nature'}: active Region04
INFO:root:{'Actor0096'}: approaching Region05
INFO:root:{'System'}: approaching Region05
INFO:root:{'Nature'}: approaching Region05
INFO:root:{'Actor0096'}: approaching Region05
INFO:root:{'System'}: approaching Region05
INFO:root:{'Nature'}: approaching Region05
INFO:root:{'Actor0096'}: approaching Region05
INFO:root:{'System'}: approaching Region05
INFO:root:{'Nature'}: approaching Region05
INFO:root:{'Actor0096'}: active Region05
INFO:root:{'System'}: active Region05
INFO:root:{'Nature'}: active Region05
INFO:root:{'Actor0096'}: active Region06
INFO:root:{'System'}: active Region06
INFO:root:{'Nature'}: active Region06
INFO:root:{'Actor0096'}: active Region02
INFO:root:{'System'}: active Region02
INFO:root:{'Nature'}: active Region02
INFO:root:{'Actor0096'}: approaching Region05
INFO:root:{'System'}: approaching Region05
INFO:root:{'Nature'}: approaching Region05
INFO:root:{'Actor0096'}: approaching Region05
INFO:root:{'System'}: approaching Region05
INFO:root:{'Nature'}: approaching Region05
INFO:root:{'Actor0096'}: approaching Region05
INFO:root:{'System'}: approaching Region05
INFO:root:{'Nature'}: approaching Region05
INFO:root:{'Actor0096'}: approaching Region05
INFO:root:{'System'}: approaching Region05
INFO:root:{'Nature'}: approaching Region05
INFO:root:{'Actor0096'}: active Region05
INFO:root:{'System'}: active Region05
INFO:root:{'Nature'}: active Region05
INFO:root:{'Actor0096'}: active Region06
INFO:root:{'System'}: active Region06
INFO:root:{'Nature'}: active Region06
INFO:root:{'Actor0096'}: active Region02
INFO:root:{'System'}: active Region02
INFO:root:{'Nature'}: active Region02
INFO:root:{'Actor0096'}: approaching Region05
INFO:root:{'System'}: approaching Region05
INFO:root:{'Nature'}: approaching Region05
INFO:root:{'Actor0096'}: approaching Region05
INFO:root:{'System'}: approaching Region05
INFO:root:{'Nature'}: approaching Region05
INFO:root:{'Actor0096'}: approaching Region05
INFO:root:{'System'}: approaching Region05
INFO:root:{'Nature'}: approaching Region05
INFO:root:{'Actor0096'}: approaching Region05
INFO:root:{'System'}: approaching Region05
INFO:root:{'Nature'}: approaching Region05
INFO:root:{'Actor0096'}: active Region05
INFO:root:{'System'}: active Region05
INFO:root:{'Nature'}: active Region05
INFO:root:{'Actor0096'}: active Region01
INFO:root:{'System'}: active Region01
INFO:root:{'Nature'}: active Region01
INFO:root:{'Actor0096'}: approaching Region05
INFO:root:{'System'}: approaching Region05
INFO:root:{'Nature'}: approaching Region05
INFO:root:{'Actor0096'}: approaching Region05
INFO:root:{'System'}: approaching Region05
INFO:root:{'Nature'}: approaching Region05
INFO:root:{'Actor0096'}: approaching Region05
INFO:root:{'System'}: approaching Region05
INFO:root:{'Nature'}: approaching Region05
INFO:root:{'Actor0096'}: active Region05
INFO:root:{'System'}: active Region05
INFO:root:{'Nature'}: active Region05
INFO:root:{'Actor0096'}: active Region06
INFO:root:{'System'}: active Region06
INFO:root:{'Nature'}: active Region06
INFO:root:{'Actor0096'}: active Region02
INFO:root:{'System'}: active Region02
INFO:root:{'Nature'}: active Region02
INFO:root:{'Actor0096'}: active Region02
INFO:root:{'System'}: active Region02
INFO:root:{'Nature'}: active Region02
INFO:root:{'Actor0096'}: active Region03
INFO:root:{'System'}: active Region03
INFO:root:{'Nature'}: active Region03
INFO:root:{'Actor0096'}: active Region04
INFO:root:{'System'}: active Region04
INFO:root:{'Nature'}: active Region04
INFO:root:Participant 48: Actor0008
INFO:root:{'Actor0008'}: approaching Region05
INFO:root:{'System'}: approaching Region05
INFO:root:{'Nature'}: approaching Region05
INFO:root:{'Actor0008'}: approaching Region05
INFO:root:{'System'}: approaching Region05
INFO:root:{'Nature'}: approaching Region05
INFO:root:{'Actor0008'}: approaching Region05
INFO:root:{'System'}: approaching Region05
INFO:root:{'Nature'}: approaching Region05
INFO:root:{'Actor0008'}: approaching Region05
INFO:root:{'System'}: approaching Region05
INFO:root:{'Nature'}: approaching Region05
INFO:root:{'Actor0008'}: active Region05
INFO:root:{'System'}: active Region05
INFO:root:{'Nature'}: active Region05
INFO:root:{'Actor0008'}: active Region06
INFO:root:{'System'}: active Region06
INFO:root:{'Nature'}: active Region06
INFO:root:{'Actor0008'}: active Region07
INFO:root:{'System'}: active Region07
INFO:root:{'Nature'}: active Region07
INFO:root:{'Actor0008'}: active Region08
INFO:root:{'System'}: active Region08
INFO:root:{'Nature'}: active Region08
INFO:root:{'Actor0008'}: approaching Region05
INFO:root:{'System'}: approaching Region05
INFO:root:{'Nature'}: approaching Region05
INFO:root:{'Actor0008'}: approaching Region05
INFO:root:{'System'}: approaching Region05
INFO:root:{'Nature'}: approaching Region05
INFO:root:{'Actor0008'}: approaching Region05
INFO:root:{'System'}: approaching Region05
INFO:root:{'Nature'}: approaching Region05
INFO:root:{'Actor0008'}: approaching Region05
INFO:root:{'System'}: approaching Region05
INFO:root:{'Nature'}: approaching Region05
INFO:root:{'Actor0008'}: active Region05
INFO:root:{'System'}: active Region05
INFO:root:{'Nature'}: active Region05
INFO:root:{'Actor0008'}: active Region05
INFO:root:{'System'}: active Region05
INFO:root:{'Nature'}: active Region05
INFO:root:{'Actor0008'}: active Region06
INFO:root:{'System'}: active Region06
INFO:root:{'Nature'}: active Region06
INFO:root:{'Actor0008'}: active Region07
INFO:root:{'System'}: active Region07
INFO:root:{'Nature'}: active Region07
INFO:root:{'Actor0008'}: active Region08
INFO:root:{'System'}: active Region08
INFO:root:{'Nature'}: active Region08
INFO:root:{'Actor0008'}: active Region04
INFO:root:{'System'}: active Region04
INFO:root:{'Nature'}: active Region04
INFO:root:{'Actor0008'}: approaching Region05
INFO:root:{'System'}: approaching Region05
INFO:root:{'Nature'}: approaching Region05
INFO:root:{'Actor0008'}: approaching Region05
INFO:root:{'System'}: approaching Region05
INFO:root:{'Nature'}: approaching Region05
INFO:root:{'Actor0008'}: approaching Region05
INFO:root:{'System'}: approaching Region05
INFO:root:{'Nature'}: approaching Region05
INFO:root:{'Actor0008'}: approaching Region05
INFO:root:{'System'}: approaching Region05
INFO:root:{'Nature'}: approaching Region05
INFO:root:{'Actor0008'}: approaching Region05
INFO:root:{'System'}: approaching Region05
INFO:root:{'Nature'}: approaching Region05
INFO:root:{'Actor0008'}: approaching Region05
INFO:root:{'System'}: approaching Region05
INFO:root:{'Nature'}: approaching Region05
INFO:root:{'Actor0008'}: approaching Region05
INFO:root:{'System'}: approaching Region05
INFO:root:{'Nature'}: approaching Region05
INFO:root:{'Actor0008'}: active Region05
INFO:root:{'System'}: active Region05
INFO:root:{'Nature'}: active Region05
INFO:root:{'Actor0008'}: active Region06
INFO:root:{'System'}: active Region06
INFO:root:{'Nature'}: active Region06
INFO:root:{'Actor0008'}: active Region06
INFO:root:{'System'}: active Region06
INFO:root:{'Nature'}: active Region06
INFO:root:{'Actor0008'}: active Region06
INFO:root:{'System'}: active Region06
INFO:root:{'Nature'}: active Region06
INFO:root:{'Actor0008'}: active Region02
INFO:root:{'System'}: active Region02
INFO:root:{'Nature'}: active Region02
INFO:root:{'Actor0008'}: approaching Region05
INFO:root:{'System'}: approaching Region05
INFO:root:{'Nature'}: approaching Region05
INFO:root:{'Actor0008'}: approaching Region05
INFO:root:{'System'}: approaching Region05
INFO:root:{'Nature'}: approaching Region05
INFO:root:{'Actor0008'}: approaching Region05
INFO:root:{'System'}: approaching Region05
INFO:root:{'Nature'}: approaching Region05
INFO:root:{'Actor0008'}: approaching Region05
INFO:root:{'System'}: approaching Region05
INFO:root:{'Nature'}: approaching Region05
INFO:root:{'Actor0008'}: approaching Region05
INFO:root:{'System'}: approaching Region05
INFO:root:{'Nature'}: approaching Region05
INFO:root:{'Actor0008'}: active Region05
INFO:root:{'System'}: active Region05
INFO:root:{'Nature'}: active Region05
INFO:root:{'Actor0008'}: active Region06
INFO:root:{'System'}: active Region06
INFO:root:{'Nature'}: active Region06
INFO:root:{'Actor0008'}: active Region07
INFO:root:{'System'}: active Region07
INFO:root:{'Nature'}: active Region07
INFO:root:{'Actor0008'}: active Region08
INFO:root:{'System'}: active Region08
INFO:root:{'Nature'}: active Region08
INFO:root:{'Actor0008'}: active Region08
INFO:root:{'System'}: active Region08
INFO:root:{'Nature'}: active Region08
INFO:root:{'Actor0008'}: approaching Region05
INFO:root:{'System'}: approaching Region05
INFO:root:{'Nature'}: approaching Region05
INFO:root:{'Actor0008'}: approaching Region05
INFO:root:{'System'}: approaching Region05
INFO:root:{'Nature'}: approaching Region05
INFO:root:{'Actor0008'}: approaching Region05
INFO:root:{'System'}: approaching Region05
INFO:root:{'Nature'}: approaching Region05
INFO:root:{'Actor0008'}: approaching Region05
INFO:root:{'System'}: approaching Region05
INFO:root:{'Nature'}: approaching Region05
INFO:root:{'Actor0008'}: approaching Region05
INFO:root:{'System'}: approaching Region05
INFO:root:{'Nature'}: approaching Region05
INFO:root:{'Actor0008'}: active Region05
INFO:root:{'System'}: active Region05
INFO:root:{'Nature'}: active Region05
INFO:root:{'Actor0008'}: active Region06
INFO:root:{'System'}: active Region06
INFO:root:{'Nature'}: active Region06
INFO:root:{'Actor0008'}: active Region07
INFO:root:{'System'}: active Region07
INFO:root:{'Nature'}: active Region07
INFO:root:{'Actor0008'}: active Region03
INFO:root:{'System'}: active Region03
INFO:root:{'Nature'}: active Region03
INFO:root:Participant 5: Actor0010
INFO:root:{'Actor0010'}: approaching Region05
INFO:root:{'System'}: approaching Region05
INFO:root:{'Nature'}: approaching Region05
INFO:root:{'Actor0010'}: approaching Region05
INFO:root:{'System'}: approaching Region05
INFO:root:{'Nature'}: approaching Region05
INFO:root:{'Actor0010'}: approaching Region05
INFO:root:{'System'}: approaching Region05
INFO:root:{'Nature'}: approaching Region05
INFO:root:{'Actor0010'}: active Region05
INFO:root:{'System'}: active Region05
INFO:root:{'Nature'}: active Region05
INFO:root:{'Actor0010'}: active Region01
INFO:root:{'System'}: active Region01
INFO:root:{'Nature'}: active Region01
INFO:root:{'Actor0010'}: active Region02
INFO:root:{'System'}: active Region02
INFO:root:{'Nature'}: active Region02
INFO:root:{'Actor0010'}: active Region03
INFO:root:{'System'}: active Region03
INFO:root:{'Nature'}: active Region03
INFO:root:{'Actor0010'}: active Region04
INFO:root:{'System'}: active Region04
INFO:root:{'Nature'}: active Region04
INFO:root:{'Actor0010'}: approaching Region05
INFO:root:{'System'}: approaching Region05
INFO:root:{'Nature'}: approaching Region05
INFO:root:{'Actor0010'}: approaching Region05
INFO:root:{'System'}: approaching Region05
INFO:root:{'Nature'}: approaching Region05
INFO:root:{'Actor0010'}: approaching Region05
INFO:root:{'System'}: approaching Region05
INFO:root:{'Nature'}: approaching Region05
INFO:root:{'Actor0010'}: approaching Region05
INFO:root:{'System'}: approaching Region05
INFO:root:{'Nature'}: approaching Region05
INFO:root:{'Actor0010'}: approaching Region05
INFO:root:{'System'}: approaching Region05
INFO:root:{'Nature'}: approaching Region05
INFO:root:{'Actor0010'}: approaching Region05
INFO:root:{'System'}: approaching Region05
INFO:root:{'Nature'}: approaching Region05
INFO:root:{'Actor0010'}: approaching Region05
INFO:root:{'System'}: approaching Region05
INFO:root:{'Nature'}: approaching Region05
INFO:root:{'Actor0010'}: active Region05
INFO:root:{'System'}: active Region05
INFO:root:{'Nature'}: active Region05
INFO:root:{'Actor0010'}: active Region01
INFO:root:{'System'}: active Region01
INFO:root:{'Nature'}: active Region01
INFO:root:{'Actor0010'}: approaching Region05
INFO:root:{'System'}: approaching Region05
INFO:root:{'Nature'}: approaching Region05
INFO:root:{'Actor0010'}: approaching Region05
INFO:root:{'System'}: approaching Region05
INFO:root:{'Nature'}: approaching Region05
INFO:root:{'Actor0010'}: approaching Region05
INFO:root:{'System'}: approaching Region05
INFO:root:{'Nature'}: approaching Region05
INFO:root:{'Actor0010'}: active Region05
INFO:root:{'System'}: active Region05
INFO:root:{'Nature'}: active Region05
INFO:root:{'Actor0010'}: active Region06
INFO:root:{'System'}: active Region06
INFO:root:{'Nature'}: active Region06
INFO:root:{'Actor0010'}: active Region07
INFO:root:{'System'}: active Region07
INFO:root:{'Nature'}: active Region07
INFO:root:{'Actor0010'}: active Region08
INFO:root:{'System'}: active Region08
INFO:root:{'Nature'}: active Region08
INFO:root:{'Actor0010'}: active Region08
INFO:root:{'System'}: active Region08
INFO:root:{'Nature'}: active Region08
INFO:root:{'Actor0010'}: approaching Region05
INFO:root:{'System'}: approaching Region05
INFO:root:{'Nature'}: approaching Region05
INFO:root:{'Actor0010'}: approaching Region05
INFO:root:{'System'}: approaching Region05
INFO:root:{'Nature'}: approaching Region05
INFO:root:{'Actor0010'}: approaching Region05
INFO:root:{'System'}: approaching Region05
INFO:root:{'Nature'}: approaching Region05
INFO:root:{'Actor0010'}: approaching Region05
INFO:root:{'System'}: approaching Region05
INFO:root:{'Nature'}: approaching Region05
INFO:root:{'Actor0010'}: active Region05
INFO:root:{'System'}: active Region05
INFO:root:{'Nature'}: active Region05
INFO:root:{'Actor0010'}: active Region05
INFO:root:{'System'}: active Region05
INFO:root:{'Nature'}: active Region05
INFO:root:{'Actor0010'}: active Region05
INFO:root:{'System'}: active Region05
INFO:root:{'Nature'}: active Region05
INFO:root:{'Actor0010'}: active Region01
INFO:root:{'System'}: active Region01
INFO:root:{'Nature'}: active Region01
INFO:root:{'Actor0010'}: active Region02
INFO:root:{'System'}: active Region02
INFO:root:{'Nature'}: active Region02
INFO:root:{'Actor0010'}: approaching Region05
INFO:root:{'System'}: approaching Region05
INFO:root:{'Nature'}: approaching Region05
INFO:root:{'Actor0010'}: approaching Region05
INFO:root:{'System'}: approaching Region05
INFO:root:{'Nature'}: approaching Region05
INFO:root:{'Actor0010'}: approaching Region05
INFO:root:{'System'}: approaching Region05
INFO:root:{'Nature'}: approaching Region05
INFO:root:{'Actor0010'}: active Region05
INFO:root:{'System'}: active Region05
INFO:root:{'Nature'}: active Region05
INFO:root:{'Actor0010'}: active Region01
INFO:root:{'System'}: active Region01
INFO:root:{'Nature'}: active Region01
INFO:root:{'Actor0010'}: active Region02
INFO:root:{'System'}: active Region02
INFO:root:{'Nature'}: active Region02
INFO:root:Participant 408: Actor0045
INFO:root:{'Actor0045'}: approaching Region05
INFO:root:{'System'}: approaching Region05
INFO:root:{'Nature'}: approaching Region05
INFO:root:{'Actor0045'}: approaching Region05
INFO:root:{'System'}: approaching Region05
INFO:root:{'Nature'}: approaching Region05
INFO:root:{'Actor0045'}: approaching Region05
INFO:root:{'System'}: approaching Region05
INFO:root:{'Nature'}: approaching Region05
INFO:root:{'Actor0045'}: active Region05
INFO:root:{'System'}: active Region05
INFO:root:{'Nature'}: active Region05
INFO:root:{'Actor0045'}: active Region06
INFO:root:{'System'}: active Region06
INFO:root:{'Nature'}: active Region06
INFO:root:{'Actor0045'}: active Region02
INFO:root:{'System'}: active Region02
INFO:root:{'Nature'}: active Region02
INFO:root:{'Actor0045'}: active Region02
INFO:root:{'System'}: active Region02
INFO:root:{'Nature'}: active Region02
INFO:root:{'Actor0045'}: active Region03
INFO:root:{'System'}: active Region03
INFO:root:{'Nature'}: active Region03
INFO:root:{'Actor0045'}: approaching Region05
INFO:root:{'System'}: approaching Region05
INFO:root:{'Nature'}: approaching Region05
INFO:root:{'Actor0045'}: approaching Region05
INFO:root:{'System'}: approaching Region05
INFO:root:{'Nature'}: approaching Region05
INFO:root:{'Actor0045'}: approaching Region05
INFO:root:{'System'}: approaching Region05
INFO:root:{'Nature'}: approaching Region05
INFO:root:{'Actor0045'}: active Region05
INFO:root:{'System'}: active Region05
INFO:root:{'Nature'}: active Region05
INFO:root:{'Actor0045'}: active Region06
INFO:root:{'System'}: active Region06
INFO:root:{'Nature'}: active Region06
INFO:root:{'Actor0045'}: active Region06
INFO:root:{'System'}: active Region06
INFO:root:{'Nature'}: active Region06
INFO:root:{'Actor0045'}: active Region07
INFO:root:{'System'}: active Region07
INFO:root:{'Nature'}: active Region07
INFO:root:{'Actor0045'}: active Region03
INFO:root:{'System'}: active Region03
INFO:root:{'Nature'}: active Region03
INFO:root:{'Actor0045'}: active Region04
INFO:root:{'System'}: active Region04
INFO:root:{'Nature'}: active Region04
INFO:root:{'Actor0045'}: approaching Region05
INFO:root:{'System'}: approaching Region05
INFO:root:{'Nature'}: approaching Region05
INFO:root:{'Actor0045'}: approaching Region05
INFO:root:{'System'}: approaching Region05
INFO:root:{'Nature'}: approaching Region05
INFO:root:{'Actor0045'}: approaching Region05
INFO:root:{'System'}: approaching Region05
INFO:root:{'Nature'}: approaching Region05
INFO:root:{'Actor0045'}: active Region05
INFO:root:{'System'}: active Region05
INFO:root:{'Nature'}: active Region05
INFO:root:{'Actor0045'}: active Region05
INFO:root:{'System'}: active Region05
INFO:root:{'Nature'}: active Region05
INFO:root:{'Actor0045'}: active Region06
INFO:root:{'System'}: active Region06
INFO:root:{'Nature'}: active Region06
INFO:root:{'Actor0045'}: active Region06
INFO:root:{'System'}: active Region06
INFO:root:{'Nature'}: active Region06
INFO:root:{'Actor0045'}: active Region06
INFO:root:{'System'}: active Region06
INFO:root:{'Nature'}: active Region06
INFO:root:{'Actor0045'}: active Region02
INFO:root:{'System'}: active Region02
INFO:root:{'Nature'}: active Region02
INFO:root:{'Actor0045'}: active Region03
INFO:root:{'System'}: active Region03
INFO:root:{'Nature'}: active Region03
INFO:root:{'Actor0045'}: active Region04
INFO:root:{'System'}: active Region04
INFO:root:{'Nature'}: active Region04
INFO:root:{'Actor0045'}: approaching Region05
INFO:root:{'System'}: approaching Region05
INFO:root:{'Nature'}: approaching Region05
INFO:root:{'Actor0045'}: approaching Region05
INFO:root:{'System'}: approaching Region05
INFO:root:{'Nature'}: approaching Region05
INFO:root:{'Actor0045'}: approaching Region05
INFO:root:{'System'}: approaching Region05
INFO:root:{'Nature'}: approaching Region05
INFO:root:{'Actor0045'}: approaching Region05
INFO:root:{'System'}: approaching Region05
INFO:root:{'Nature'}: approaching Region05
INFO:root:{'Actor0045'}: active Region05
INFO:root:{'System'}: active Region05
INFO:root:{'Nature'}: active Region05
INFO:root:{'Actor0045'}: active Region05
INFO:root:{'System'}: active Region05
INFO:root:{'Nature'}: active Region05
INFO:root:{'Actor0045'}: active Region01
INFO:root:{'System'}: active Region01
INFO:root:{'Nature'}: active Region01
INFO:root:{'Actor0045'}: active Region01
INFO:root:{'System'}: active Region01
INFO:root:{'Nature'}: active Region01
INFO:root:{'Actor0045'}: active Region02
INFO:root:{'System'}: active Region02
INFO:root:{'Nature'}: active Region02
INFO:root:{'Actor0045'}: active Region03
INFO:root:{'System'}: active Region03
INFO:root:{'Nature'}: active Region03
INFO:root:{'Actor0045'}: active Region04
INFO:root:{'System'}: active Region04
INFO:root:{'Nature'}: active Region04
INFO:root:{'Actor0045'}: approaching Region05
INFO:root:{'System'}: approaching Region05
INFO:root:{'Nature'}: approaching Region05
INFO:root:{'Actor0045'}: approaching Region05
INFO:root:{'System'}: approaching Region05
INFO:root:{'Nature'}: approaching Region05
INFO:root:{'Actor0045'}: approaching Region05
INFO:root:{'System'}: approaching Region05
INFO:root:{'Nature'}: approaching Region05
INFO:root:{'Actor0045'}: approaching Region05
INFO:root:{'System'}: approaching Region05
INFO:root:{'Nature'}: approaching Region05
INFO:root:{'Actor0045'}: approaching Region05
INFO:root:{'System'}: approaching Region05
INFO:root:{'Nature'}: approaching Region05
INFO:root:{'Actor0045'}: approaching Region05
INFO:root:{'System'}: approaching Region05
INFO:root:{'Nature'}: approaching Region05
INFO:root:{'Actor0045'}: approaching Region05
INFO:root:{'System'}: approaching Region05
INFO:root:{'Nature'}: approaching Region05
INFO:root:{'Actor0045'}: active Region05
INFO:root:{'System'}: active Region05
INFO:root:{'Nature'}: active Region05
INFO:root:{'Actor0045'}: active Region01
INFO:root:{'System'}: active Region01
INFO:root:{'Nature'}: active Region01
INFO:root:Participant 266: Actor0091
INFO:root:{'Actor0091'}: approaching Region05
INFO:root:{'System'}: approaching Region05
INFO:root:{'Nature'}: approaching Region05
INFO:root:{'Actor0091'}: approaching Region05
INFO:root:{'System'}: approaching Region05
INFO:root:{'Nature'}: approaching Region05
INFO:root:{'Actor0091'}: approaching Region05
INFO:root:{'System'}: approaching Region05
INFO:root:{'Nature'}: approaching Region05
INFO:root:{'Actor0091'}: active Region05
INFO:root:{'System'}: active Region05
INFO:root:{'Nature'}: active Region05
INFO:root:{'Actor0091'}: active Region06
INFO:root:{'System'}: active Region06
INFO:root:{'Nature'}: active Region06
INFO:root:{'Actor0091'}: active Region06
INFO:root:{'System'}: active Region06
INFO:root:{'Nature'}: active Region06
INFO:root:{'Actor0091'}: active Region02
INFO:root:{'System'}: active Region02
INFO:root:{'Nature'}: active Region02
INFO:root:{'Actor0091'}: approaching Region05
INFO:root:{'System'}: approaching Region05
INFO:root:{'Nature'}: approaching Region05
INFO:root:{'Actor0091'}: approaching Region05
INFO:root:{'System'}: approaching Region05
INFO:root:{'Nature'}: approaching Region05
INFO:root:{'Actor0091'}: approaching Region05
INFO:root:{'System'}: approaching Region05
INFO:root:{'Nature'}: approaching Region05
INFO:root:{'Actor0091'}: approaching Region05
INFO:root:{'System'}: approaching Region05
INFO:root:{'Nature'}: approaching Region05
INFO:root:{'Actor0091'}: approaching Region05
INFO:root:{'System'}: approaching Region05
INFO:root:{'Nature'}: approaching Region05
INFO:root:{'Actor0091'}: approaching Region05
INFO:root:{'System'}: approaching Region05
INFO:root:{'Nature'}: approaching Region05
INFO:root:{'Actor0091'}: active Region05
INFO:root:{'System'}: active Region05
INFO:root:{'Nature'}: active Region05
INFO:root:{'Actor0091'}: active Region06
INFO:root:{'System'}: active Region06
INFO:root:{'Nature'}: active Region06
INFO:root:{'Actor0091'}: active Region07
INFO:root:{'System'}: active Region07
INFO:root:{'Nature'}: active Region07
INFO:root:{'Actor0091'}: active Region03
INFO:root:{'System'}: active Region03
INFO:root:{'Nature'}: active Region03
INFO:root:{'Actor0091'}: active Region04
INFO:root:{'System'}: active Region04
INFO:root:{'Nature'}: active Region04
INFO:root:{'Actor0091'}: active Region04
INFO:root:{'System'}: active Region04
INFO:root:{'Nature'}: active Region04
INFO:root:{'Actor0091'}: approaching Region05
INFO:root:{'System'}: approaching Region05
INFO:root:{'Nature'}: approaching Region05
INFO:root:{'Actor0091'}: approaching Region05
INFO:root:{'System'}: approaching Region05
INFO:root:{'Nature'}: approaching Region05
INFO:root:{'Actor0091'}: approaching Region05
INFO:root:{'System'}: approaching Region05
INFO:root:{'Nature'}: approaching Region05
INFO:root:{'Actor0091'}: approaching Region05
INFO:root:{'System'}: approaching Region05
INFO:root:{'Nature'}: approaching Region05
INFO:root:{'Actor0091'}: approaching Region05
INFO:root:{'System'}: approaching Region05
INFO:root:{'Nature'}: approaching Region05
INFO:root:{'Actor0091'}: approaching Region05
INFO:root:{'System'}: approaching Region05
INFO:root:{'Nature'}: approaching Region05
INFO:root:{'Actor0091'}: approaching Region05
INFO:root:{'System'}: approaching Region05
INFO:root:{'Nature'}: approaching Region05
INFO:root:{'Actor0091'}: approaching Region05
INFO:root:{'System'}: approaching Region05
INFO:root:{'Nature'}: approaching Region05
INFO:root:{'Actor0091'}: active Region05
INFO:root:{'System'}: active Region05
INFO:root:{'Nature'}: active Region05
INFO:root:{'Actor0091'}: active Region06
INFO:root:{'System'}: active Region06
INFO:root:{'Nature'}: active Region06
INFO:root:{'Actor0091'}: active Region02
INFO:root:{'System'}: active Region02
INFO:root:{'Nature'}: active Region02
INFO:root:{'Actor0091'}: active Region03
INFO:root:{'System'}: active Region03
INFO:root:{'Nature'}: active Region03
INFO:root:{'Actor0091'}: active Region04
INFO:root:{'System'}: active Region04
INFO:root:{'Nature'}: active Region04
INFO:root:{'Actor0091'}: approaching Region05
INFO:root:{'System'}: approaching Region05
INFO:root:{'Nature'}: approaching Region05
INFO:root:{'Actor0091'}: approaching Region05
INFO:root:{'System'}: approaching Region05
INFO:root:{'Nature'}: approaching Region05
INFO:root:{'Actor0091'}: approaching Region05
INFO:root:{'System'}: approaching Region05
INFO:root:{'Nature'}: approaching Region05
INFO:root:{'Actor0091'}: active Region05
INFO:root:{'System'}: active Region05
INFO:root:{'Nature'}: active Region05
INFO:root:{'Actor0091'}: active Region01
INFO:root:{'System'}: active Region01
INFO:root:{'Nature'}: active Region01
INFO:root:{'Actor0091'}: active Region01
INFO:root:{'System'}: active Region01
INFO:root:{'Nature'}: active Region01
INFO:root:{'Actor0091'}: active Region02
INFO:root:{'System'}: active Region02
INFO:root:{'Nature'}: active Region02
INFO:root:{'Actor0091'}: active Region02
INFO:root:{'System'}: active Region02
INFO:root:{'Nature'}: active Region02
INFO:root:{'Actor0091'}: active Region03
INFO:root:{'System'}: active Region03
INFO:root:{'Nature'}: active Region03
INFO:root:{'Actor0091'}: active Region04
INFO:root:{'System'}: active Region04
INFO:root:{'Nature'}: active Region04
INFO:root:{'Actor0091'}: approaching Region05
INFO:root:{'System'}: approaching Region05
INFO:root:{'Nature'}: approaching Region05
INFO:root:{'Actor0091'}: approaching Region05
INFO:root:{'System'}: approaching Region05
INFO:root:{'Nature'}: approaching Region05
INFO:root:{'Actor0091'}: approaching Region05
INFO:root:{'System'}: approaching Region05
INFO:root:{'Nature'}: approaching Region05
INFO:root:{'Actor0091'}: approaching Region05
INFO:root:{'System'}: approaching Region05
INFO:root:{'Nature'}: approaching Region05
INFO:root:{'Actor0091'}: approaching Region05
INFO:root:{'System'}: approaching Region05
INFO:root:{'Nature'}: approaching Region05
INFO:root:{'Actor0091'}: approaching Region05
INFO:root:{'System'}: approaching Region05
INFO:root:{'Nature'}: approaching Region05
INFO:root:{'Actor0091'}: active Region05
INFO:root:{'System'}: active Region05
INFO:root:{'Nature'}: active Region05
INFO:root:{'Actor0091'}: active Region01
INFO:root:{'System'}: active Region01
INFO:root:{'Nature'}: active Region01
INFO:root:{'Actor0091'}: active Region02
INFO:root:{'System'}: active Region02
INFO:root:{'Nature'}: active Region02
INFO:root:{'Actor0091'}: active Region03
INFO:root:{'System'}: active Region03
INFO:root:{'Nature'}: active Region03
INFO:root:{'Actor0091'}: active Region04
INFO:root:{'System'}: active Region04
INFO:root:{'Nature'}: active Region04
INFO:root:{'Actor0091'}: active Region04
INFO:root:{'System'}: active Region04
INFO:root:{'Nature'}: active Region04
INFO:root:Instance 2
