INFO:root:Instance 81, run 1
INFO:root:Instance 81, run 1
INFO:root:Instance 83, run 1
INFO:root:Instance 81, run 1
INFO:root:Instance 83, run 1
INFO:root:Instance 82, run 1
INFO:root:Instance 81, run 1
INFO:root:Instance 83, run 1
INFO:root:Instance 82, run 1
INFO:root:Instance 81, run 1
INFO:root:Instance 83, run 1
INFO:root:Instance 82, run 1
INFO:root:Instance 81, run 1
INFO:root:Instance 83, run 1
INFO:root:Instance 82, run 1
INFO:root:Instance 86, run 1
INFO:root:Instance 84, run 1
INFO:root:Instance 85, run 1
INFO:root:Instance 81, run 1
INFO:root:Instance 83, run 1
INFO:root:Instance 82, run 1
INFO:root:Instance 86, run 1
INFO:root:Instance 84, run 1
INFO:root:Instance 85, run 1
INFO:root:Instance 81, run 1
INFO:root:Instance 81, run 1
INFO:root:Instance 83, run 1
INFO:root:Instance 82, run 1
INFO:root:Instance 86, run 1
INFO:root:Instance 84, run 1
INFO:root:Instance 85, run 1
