INFO:root:Instance 1
INFO:root:Ethnic Skew: (0.7386363636363636, 'majority')
INFO:root:Class Skew: (0.7215189873417721, 'hi')
INFO:root:Religious Skew: (0.574468085106383, 'majority')
INFO:root:Region Skew: 0.062908
INFO:root:Participant 102: Actor0018
INFO:root:Participant 129: Actor0089
INFO:root:Participant 287: Actor0108
INFO:root:Participant 248: Actor0029
INFO:root:Participant 133: Actor0083
INFO:root:Participant 1: Actor0145
INFO:root:Participant 3: Actor0134
INFO:root:Participant 128: Actor0013
INFO:root:Participant 8: Actor0012
INFO:root:Participant 90: Actor0071
INFO:root:Participant 190: Actor0040
INFO:root:Participant 373: Actor0119
INFO:root:Participant 144: Actor0143
INFO:root:Participant 173: Actor0133
INFO:root:Participant 118: Actor0057
INFO:root:Participant 32: Actor0158
INFO:root:Instance 2
INFO:root:Ethnic Skew: (0.5081521739130435, 'majority')
INFO:root:Class Skew: (0.6886792452830188, 'hi')
INFO:root:Religious Skew: (0.6612377850162866, 'majority')
INFO:root:Region Skew: 0.235999
INFO:root:Participant 167: Actor0097
INFO:root:Participant 182: Actor0121
INFO:root:Participant 45: Actor0129
INFO:root:Participant 88: Actor0011
INFO:root:Participant 39: Actor0084
INFO:root:Participant 124: Actor0046
INFO:root:Participant 122: Actor0032
INFO:root:Participant 176: Actor0135
INFO:root:Participant 186: Actor0122
INFO:root:Participant 96: Actor0109
INFO:root:Participant 60: Actor0117
INFO:root:Participant 234: Actor0090
INFO:root:Participant 57: Actor0019
INFO:root:Participant 213: Actor0132
INFO:root:Participant 105: Actor0069
INFO:root:Participant 33: Actor0023
INFO:root:Instance 3
INFO:root:Ethnic Skew: (0.8652482269503546, 'minority')
INFO:root:Class Skew: (0.896774193548387, 'hi')
INFO:root:Religious Skew: (0.9481481481481482, 'minority')
INFO:root:Region Skew: 0.146054
INFO:root:Participant 14: Actor0091
INFO:root:Participant 39: Actor0105
INFO:root:Participant 81: Actor0043
INFO:root:Participant 26: Actor0151
INFO:root:Participant 22: Actor0079
INFO:root:Participant 42: Actor0054
INFO:root:Participant 64: Actor0042
INFO:root:Participant 75: Actor0099
INFO:root:Participant 30: Actor0078
INFO:root:Participant 35: Actor0104
INFO:root:Participant 9: Actor0087
INFO:root:Participant 76: Actor0112
INFO:root:Participant 21: Actor0138
INFO:root:Participant 53: Actor0144
INFO:root:Participant 79: Actor0118
INFO:root:Participant 20: Actor0065
INFO:root:Instance 4
INFO:root:Ethnic Skew: (0.5483870967741935, 'majority')
INFO:root:Class Skew: (0.6206896551724138, 'hi')
INFO:root:Religious Skew: (0.6428571428571429, 'majority')
INFO:root:Region Skew: 0.085778
INFO:root:Participant 56: Actor0067
INFO:root:Participant 102: Actor0133
INFO:root:Participant 88: Actor0008
INFO:root:Participant 13: Actor0131
INFO:root:Participant 100: Actor0039
INFO:root:Participant 8: Actor0006
INFO:root:Participant 101: Actor0051
INFO:root:Participant 48: Actor0023
INFO:root:Participant 54: Actor0074
INFO:root:Participant 51: Actor0018
INFO:root:Participant 116: Actor0015
INFO:root:Participant 33: Actor0089
INFO:root:Participant 39: Actor0156
INFO:root:Participant 25: Actor0016
INFO:root:Participant 64: Actor0100
INFO:root:Participant 40: Actor0078
INFO:root:Instance 5
INFO:root:Ethnic Skew: (0.7457627118644068, 'majority')
INFO:root:Class Skew: (0.5128205128205128, 'hi')
INFO:root:Religious Skew: (0.5416666666666666, 'majority')
INFO:root:Region Skew: 0.033564
INFO:root:Participant 124: Actor0013
INFO:root:Participant 97: Actor0093
INFO:root:Participant 12: Actor0031
INFO:root:Participant 72: Actor0151
INFO:root:Participant 69: Actor0084
INFO:root:Participant 103: Actor0053
INFO:root:Participant 32: Actor0137
INFO:root:Participant 107: Actor0095
INFO:root:Participant 36: Actor0025
INFO:root:Participant 47: Actor0045
INFO:root:Participant 109: Actor0088
INFO:root:Participant 3: Actor0067
INFO:root:Participant 105: Actor0018
INFO:root:Participant 45: Actor0079
INFO:root:Participant 59: Actor0097
INFO:root:Participant 95: Actor0090
INFO:root:Instance 6
INFO:root:Ethnic Skew: (0.5602836879432624, 'minority')
INFO:root:Class Skew: (0.5093167701863354, 'lo')
INFO:root:Religious Skew: (0.5755395683453237, 'majority')
INFO:root:Region Skew: 0.109881
INFO:root:Participant 17: Actor0127
INFO:root:Participant 47: Actor0017
INFO:root:Participant 148: Actor0134
INFO:root:Participant 54: Actor0118
INFO:root:Participant 8: Actor0015
INFO:root:Participant 165: Actor0126
INFO:root:Participant 67: Actor0047
INFO:root:Participant 152: Actor0049
INFO:root:Participant 158: Actor0084
INFO:root:Participant 15: Actor0068
INFO:root:Participant 27: Actor0105
INFO:root:Participant 43: Actor0113
INFO:root:Participant 115: Actor0004
INFO:root:Participant 76: Actor0133
INFO:root:Participant 119: Actor0034
INFO:root:Participant 13: Actor0076
INFO:root:Instance 7
INFO:root:Ethnic Skew: (0.7880794701986755, 'majority')
INFO:root:Class Skew: (0.5730994152046783, 'lo')
INFO:root:Religious Skew: (0.6481481481481481, 'majority')
INFO:root:Region Skew: 0.123009
INFO:root:Participant 6: Actor0109
INFO:root:Participant 11: Actor0028
INFO:root:Participant 47: Actor0031
INFO:root:Participant 83: Actor0050
INFO:root:Participant 113: Actor0076
INFO:root:Participant 29: Actor0128
INFO:root:Participant 25: Actor0022
INFO:root:Participant 70: Actor0074
INFO:root:Participant 68: Actor0159
INFO:root:Participant 4: Actor0144
INFO:root:Participant 57: Actor0037
INFO:root:Participant 94: Actor0132
INFO:root:Participant 117: Actor0032
INFO:root:Participant 43: Actor0114
INFO:root:Participant 19: Actor0082
INFO:root:Participant 61: Actor0058
INFO:root:Instance 8
INFO:root:Ethnic Skew: (0.5939849624060151, 'majority')
INFO:root:Class Skew: (0.527027027027027, 'hi')
INFO:root:Religious Skew: (0.6637931034482759, 'majority')
INFO:root:Region Skew: 0.101620
INFO:root:Participant 65: Actor0157
INFO:root:Participant 90: Actor0038
INFO:root:Participant 2: Actor0105
INFO:root:Participant 163: Actor0008
INFO:root:Participant 138: Actor0073
INFO:root:Participant 9: Actor0141
INFO:root:Participant 72: Actor0033
INFO:root:Participant 110: Actor0096
INFO:root:Participant 107: Actor0155
INFO:root:Participant 128: Actor0088
INFO:root:Participant 210: Actor0118
INFO:root:Participant 58: Actor0143
INFO:root:Participant 83: Actor0145
INFO:root:Participant 1: Actor0148
INFO:root:Participant 71: Actor0068
INFO:root:Participant 137: Actor0003
INFO:root:Instance 9
INFO:root:Ethnic Skew: (0.5043478260869565, 'minority')
INFO:root:Class Skew: (0.5942028985507246, 'hi')
INFO:root:Religious Skew: (0.6235294117647059, 'majority')
INFO:root:Region Skew: 0.043181
INFO:root:Participant 132: Actor0036
INFO:root:Participant 173: Actor0005
INFO:root:Participant 4: Actor0051
INFO:root:Participant 58: Actor0012
INFO:root:Participant 113: Actor0080
INFO:root:Participant 75: Actor0075
INFO:root:Participant 104: Actor0042
INFO:root:Participant 26: Actor0133
INFO:root:Participant 49: Actor0149
INFO:root:Participant 25: Actor0092
INFO:root:Participant 67: Actor0004
INFO:root:Participant 120: Actor0068
INFO:root:Participant 85: Actor0121
INFO:root:Participant 21: Actor0117
INFO:root:Participant 69: Actor0135
INFO:root:Participant 22: Actor0086
INFO:root:Instance 10
INFO:root:Ethnic Skew: (0.6888888888888889, 'minority')
INFO:root:Class Skew: (0.6111111111111112, 'lo')
INFO:root:Religious Skew: (0.6153846153846154, 'majority')
INFO:root:Region Skew: 0.123575
INFO:root:Participant 48: Actor0072
INFO:root:Participant 18: Actor0033
INFO:root:Participant 15: Actor0126
INFO:root:Participant 40: Actor0063
INFO:root:Participant 59: Actor0009
INFO:root:Participant 22: Actor0134
INFO:root:Participant 21: Actor0043
INFO:root:Participant 7: Actor0160
INFO:root:Participant 10: Actor0103
INFO:root:Participant 3: Actor0045
INFO:root:Participant 61: Actor0040
INFO:root:Participant 32: Actor0131
INFO:root:Participant 2: Actor0080
INFO:root:Participant 41: Actor0158
INFO:root:Participant 47: Actor0095
INFO:root:Participant 64: Actor0026
INFO:root:Instance 11
INFO:root:Ethnic Skew: (0.5185185185185185, 'minority')
INFO:root:Class Skew: (0.5181818181818182, 'lo')
INFO:root:Religious Skew: (0.6099290780141844, 'minority')
INFO:root:Region Skew: 0.071634
INFO:root:Participant 40: Actor0070
INFO:root:Participant 101: Actor0085
INFO:root:Participant 9: Actor0094
INFO:root:Participant 45: Actor0069
INFO:root:Participant 28: Actor0011
INFO:root:Participant 70: Actor0042
INFO:root:Participant 20: Actor0108
INFO:root:Participant 30: Actor0151
INFO:root:Participant 52: Actor0045
INFO:root:Participant 43: Actor0033
INFO:root:Participant 41: Actor0142
INFO:root:Participant 86: Actor0131
INFO:root:Participant 65: Actor0145
INFO:root:Participant 106: Actor0065
INFO:root:Participant 3: Actor0080
INFO:root:Participant 80: Actor0119
INFO:root:Instance 12
INFO:root:Ethnic Skew: (0.5233644859813084, 'majority')
INFO:root:Class Skew: (0.7966101694915254, 'hi')
INFO:root:Religious Skew: (0.6967213114754098, 'minority')
INFO:root:Region Skew: 0.105858
INFO:root:Participant 53: Actor0080
INFO:root:Participant 58: Actor0056
INFO:root:Participant 69: Actor0140
INFO:root:Participant 99: Actor0135
INFO:root:Participant 94: Actor0082
INFO:root:Participant 54: Actor0088
INFO:root:Participant 105: Actor0005
INFO:root:Participant 65: Actor0047
INFO:root:Participant 30: Actor0099
INFO:root:Participant 63: Actor0092
INFO:root:Participant 91: Actor0030
INFO:root:Participant 20: Actor0130
INFO:root:Participant 62: Actor0021
INFO:root:Participant 46: Actor0089
INFO:root:Participant 78: Actor0127
INFO:root:Participant 97: Actor0103
INFO:root:Instance 13
INFO:root:Ethnic Skew: (0.696969696969697, 'majority')
INFO:root:Class Skew: (0.562962962962963, 'hi')
INFO:root:Religious Skew: (0.7185185185185186, 'majority')
INFO:root:Region Skew: 0.077858
INFO:root:Participant 212: Actor0093
INFO:root:Participant 84: Actor0066
INFO:root:Participant 101: Actor0035
INFO:root:Participant 133: Actor0011
INFO:root:Participant 56: Actor0029
INFO:root:Participant 374: Actor0095
INFO:root:Participant 66: Actor0117
INFO:root:Participant 26: Actor0068
INFO:root:Participant 167: Actor0015
INFO:root:Participant 125: Actor0100
INFO:root:Participant 204: Actor0147
INFO:root:Participant 85: Actor0079
INFO:root:Participant 28: Actor0025
INFO:root:Participant 121: Actor0040
INFO:root:Participant 245: Actor0156
INFO:root:Participant 51: Actor0031
INFO:root:Instance 14
INFO:root:Ethnic Skew: (0.6875, 'minority')
INFO:root:Class Skew: (0.7123893805309734, 'hi')
INFO:root:Religious Skew: (0.5426621160409556, 'minority')
INFO:root:Region Skew: 0.137314
INFO:root:Participant 99: Actor0053
INFO:root:Participant 158: Actor0015
INFO:root:Participant 58: Actor0022
INFO:root:Participant 89: Actor0108
INFO:root:Participant 128: Actor0017
INFO:root:Participant 34: Actor0145
INFO:root:Participant 64: Actor0058
INFO:root:Participant 13: Actor0056
INFO:root:Participant 33: Actor0075
INFO:root:Participant 81: Actor0111
INFO:root:Participant 97: Actor0107
INFO:root:Participant 171: Actor0070
INFO:root:Participant 145: Actor0079
INFO:root:Participant 102: Actor0048
INFO:root:Participant 59: Actor0069
INFO:root:Participant 163: Actor0123
INFO:root:Instance 1
INFO:root:Ethnic Skew: (0.7386363636363636, 'majority')
INFO:root:Class Skew: (0.7215189873417721, 'hi')
INFO:root:Religious Skew: (0.574468085106383, 'majority')
INFO:root:Region Skew: 0.062908
INFO:root:Participant 102: Actor0018
INFO:root:Participant 129: Actor0089
INFO:root:Participant 287: Actor0108
INFO:root:Participant 248: Actor0029
INFO:root:Participant 133: Actor0083
INFO:root:Participant 1: Actor0145
INFO:root:Participant 3: Actor0134
INFO:root:Participant 128: Actor0013
INFO:root:Participant 8: Actor0012
INFO:root:Participant 90: Actor0071
INFO:root:Participant 190: Actor0040
INFO:root:Participant 373: Actor0119
INFO:root:Participant 144: Actor0143
INFO:root:Participant 173: Actor0133
INFO:root:Participant 118: Actor0057
INFO:root:Participant 32: Actor0158
INFO:root:Instance 2
INFO:root:Ethnic Skew: (0.5081521739130435, 'majority')
INFO:root:Class Skew: (0.6886792452830188, 'hi')
INFO:root:Religious Skew: (0.6612377850162866, 'majority')
INFO:root:Region Skew: 0.235999
INFO:root:Participant 167: Actor0097
INFO:root:Participant 182: Actor0121
INFO:root:Participant 45: Actor0129
INFO:root:Participant 88: Actor0011
INFO:root:Participant 39: Actor0084
INFO:root:Participant 124: Actor0046
INFO:root:Participant 122: Actor0032
INFO:root:Participant 176: Actor0135
INFO:root:Participant 186: Actor0122
INFO:root:Participant 96: Actor0109
INFO:root:Participant 60: Actor0117
INFO:root:Participant 234: Actor0090
INFO:root:Participant 57: Actor0019
INFO:root:Participant 213: Actor0132
INFO:root:Participant 105: Actor0069
INFO:root:Participant 33: Actor0023
INFO:root:Instance 3
INFO:root:Ethnic Skew: (0.8652482269503546, 'minority')
INFO:root:Class Skew: (0.896774193548387, 'hi')
INFO:root:Religious Skew: (0.9481481481481482, 'minority')
INFO:root:Region Skew: 0.146054
INFO:root:Participant 14: Actor0091
INFO:root:Participant 39: Actor0105
INFO:root:Participant 81: Actor0043
INFO:root:Participant 26: Actor0151
INFO:root:Participant 22: Actor0079
INFO:root:Participant 42: Actor0054
INFO:root:Participant 64: Actor0042
INFO:root:Participant 75: Actor0099
INFO:root:Participant 30: Actor0078
INFO:root:Participant 35: Actor0104
INFO:root:Participant 9: Actor0087
INFO:root:Participant 76: Actor0112
INFO:root:Participant 21: Actor0138
INFO:root:Participant 53: Actor0144
INFO:root:Participant 79: Actor0118
INFO:root:Participant 20: Actor0065
INFO:root:Instance 4
INFO:root:Ethnic Skew: (0.5483870967741935, 'majority')
INFO:root:Class Skew: (0.6206896551724138, 'hi')
INFO:root:Religious Skew: (0.6428571428571429, 'majority')
INFO:root:Region Skew: 0.085778
INFO:root:Participant 56: Actor0067
INFO:root:Participant 102: Actor0133
INFO:root:Participant 88: Actor0008
INFO:root:Participant 13: Actor0131
INFO:root:Participant 100: Actor0039
INFO:root:Participant 8: Actor0006
INFO:root:Participant 101: Actor0051
INFO:root:Participant 48: Actor0023
INFO:root:Participant 54: Actor0074
INFO:root:Participant 51: Actor0018
INFO:root:Participant 116: Actor0015
INFO:root:Participant 33: Actor0089
INFO:root:Participant 39: Actor0156
INFO:root:Participant 25: Actor0016
INFO:root:Participant 64: Actor0100
INFO:root:Participant 40: Actor0078
INFO:root:Instance 5
INFO:root:Ethnic Skew: (0.7457627118644068, 'majority')
INFO:root:Class Skew: (0.5128205128205128, 'hi')
INFO:root:Religious Skew: (0.5416666666666666, 'majority')
INFO:root:Region Skew: 0.033564
INFO:root:Participant 124: Actor0013
INFO:root:Participant 97: Actor0093
INFO:root:Participant 12: Actor0031
INFO:root:Participant 72: Actor0151
INFO:root:Participant 69: Actor0084
INFO:root:Participant 103: Actor0053
INFO:root:Participant 32: Actor0137
INFO:root:Participant 107: Actor0095
INFO:root:Participant 36: Actor0025
INFO:root:Participant 47: Actor0045
INFO:root:Participant 109: Actor0088
INFO:root:Participant 3: Actor0067
INFO:root:Participant 105: Actor0018
INFO:root:Participant 45: Actor0079
INFO:root:Participant 59: Actor0097
INFO:root:Participant 95: Actor0090
INFO:root:Instance 6
INFO:root:Ethnic Skew: (0.5602836879432624, 'minority')
INFO:root:Class Skew: (0.5093167701863354, 'lo')
INFO:root:Religious Skew: (0.5755395683453237, 'majority')
INFO:root:Region Skew: 0.109881
INFO:root:Participant 17: Actor0127
INFO:root:Participant 47: Actor0017
INFO:root:Participant 148: Actor0134
INFO:root:Participant 54: Actor0118
INFO:root:Participant 8: Actor0015
INFO:root:Participant 165: Actor0126
INFO:root:Participant 67: Actor0047
INFO:root:Participant 152: Actor0049
INFO:root:Participant 158: Actor0084
INFO:root:Participant 15: Actor0068
INFO:root:Participant 27: Actor0105
INFO:root:Participant 43: Actor0113
INFO:root:Participant 115: Actor0004
INFO:root:Participant 76: Actor0133
INFO:root:Participant 119: Actor0034
INFO:root:Participant 13: Actor0076
INFO:root:Instance 7
INFO:root:Ethnic Skew: (0.7880794701986755, 'majority')
INFO:root:Class Skew: (0.5730994152046783, 'lo')
INFO:root:Religious Skew: (0.6481481481481481, 'majority')
INFO:root:Region Skew: 0.123009
INFO:root:Participant 6: Actor0109
INFO:root:Participant 11: Actor0028
INFO:root:Participant 47: Actor0031
INFO:root:Participant 83: Actor0050
INFO:root:Participant 113: Actor0076
INFO:root:Participant 29: Actor0128
INFO:root:Participant 25: Actor0022
INFO:root:Participant 70: Actor0074
INFO:root:Participant 68: Actor0159
INFO:root:Participant 4: Actor0144
INFO:root:Participant 57: Actor0037
INFO:root:Participant 94: Actor0132
INFO:root:Participant 117: Actor0032
INFO:root:Participant 43: Actor0114
INFO:root:Participant 19: Actor0082
INFO:root:Participant 61: Actor0058
INFO:root:Instance 8
INFO:root:Ethnic Skew: (0.5939849624060151, 'majority')
INFO:root:Class Skew: (0.527027027027027, 'hi')
INFO:root:Religious Skew: (0.6637931034482759, 'majority')
INFO:root:Region Skew: 0.101620
INFO:root:Participant 65: Actor0157
INFO:root:Participant 90: Actor0038
INFO:root:Participant 2: Actor0105
INFO:root:Participant 163: Actor0008
INFO:root:Participant 138: Actor0073
INFO:root:Participant 9: Actor0141
INFO:root:Participant 72: Actor0033
INFO:root:Participant 110: Actor0096
INFO:root:Participant 107: Actor0155
INFO:root:Participant 128: Actor0088
INFO:root:Participant 210: Actor0118
INFO:root:Participant 58: Actor0143
INFO:root:Participant 83: Actor0145
INFO:root:Participant 1: Actor0148
INFO:root:Participant 71: Actor0068
INFO:root:Participant 137: Actor0003
INFO:root:Instance 9
INFO:root:Ethnic Skew: (0.5043478260869565, 'minority')
INFO:root:Class Skew: (0.5942028985507246, 'hi')
INFO:root:Religious Skew: (0.6235294117647059, 'majority')
INFO:root:Region Skew: 0.043181
INFO:root:Participant 132: Actor0036
INFO:root:Participant 173: Actor0005
INFO:root:Participant 4: Actor0051
INFO:root:Participant 58: Actor0012
INFO:root:Participant 113: Actor0080
INFO:root:Participant 75: Actor0075
INFO:root:Participant 104: Actor0042
INFO:root:Participant 26: Actor0133
INFO:root:Participant 49: Actor0149
INFO:root:Participant 25: Actor0092
INFO:root:Participant 67: Actor0004
INFO:root:Participant 120: Actor0068
INFO:root:Participant 85: Actor0121
INFO:root:Participant 21: Actor0117
INFO:root:Participant 69: Actor0135
INFO:root:Participant 22: Actor0086
INFO:root:Instance 10
INFO:root:Ethnic Skew: (0.6888888888888889, 'minority')
INFO:root:Class Skew: (0.6111111111111112, 'lo')
INFO:root:Religious Skew: (0.6153846153846154, 'majority')
INFO:root:Region Skew: 0.123575
INFO:root:Participant 48: Actor0072
INFO:root:Participant 18: Actor0033
INFO:root:Participant 15: Actor0126
INFO:root:Participant 40: Actor0063
INFO:root:Participant 59: Actor0009
INFO:root:Participant 22: Actor0134
INFO:root:Participant 21: Actor0043
INFO:root:Participant 7: Actor0160
INFO:root:Participant 10: Actor0103
INFO:root:Participant 3: Actor0045
INFO:root:Participant 61: Actor0040
INFO:root:Participant 32: Actor0131
INFO:root:Participant 2: Actor0080
INFO:root:Participant 41: Actor0158
INFO:root:Participant 47: Actor0095
INFO:root:Participant 64: Actor0026
INFO:root:Instance 11
INFO:root:Ethnic Skew: (0.5185185185185185, 'minority')
INFO:root:Class Skew: (0.5181818181818182, 'lo')
INFO:root:Religious Skew: (0.6099290780141844, 'minority')
INFO:root:Region Skew: 0.071634
INFO:root:Participant 40: Actor0070
INFO:root:Participant 101: Actor0085
INFO:root:Participant 9: Actor0094
INFO:root:Participant 45: Actor0069
INFO:root:Participant 28: Actor0011
INFO:root:Participant 70: Actor0042
INFO:root:Participant 20: Actor0108
INFO:root:Participant 30: Actor0151
INFO:root:Participant 52: Actor0045
INFO:root:Participant 43: Actor0033
INFO:root:Participant 41: Actor0142
INFO:root:Participant 86: Actor0131
INFO:root:Participant 65: Actor0145
INFO:root:Participant 106: Actor0065
INFO:root:Participant 3: Actor0080
INFO:root:Participant 80: Actor0119
INFO:root:Instance 12
INFO:root:Ethnic Skew: (0.5233644859813084, 'majority')
INFO:root:Class Skew: (0.7966101694915254, 'hi')
INFO:root:Religious Skew: (0.6967213114754098, 'minority')
INFO:root:Region Skew: 0.105858
INFO:root:Participant 53: Actor0080
INFO:root:Participant 58: Actor0056
INFO:root:Participant 69: Actor0140
INFO:root:Participant 99: Actor0135
INFO:root:Participant 94: Actor0082
INFO:root:Participant 54: Actor0088
INFO:root:Participant 105: Actor0005
INFO:root:Participant 65: Actor0047
INFO:root:Participant 30: Actor0099
INFO:root:Participant 63: Actor0092
INFO:root:Participant 91: Actor0030
INFO:root:Participant 20: Actor0130
INFO:root:Participant 62: Actor0021
INFO:root:Participant 46: Actor0089
INFO:root:Participant 78: Actor0127
INFO:root:Participant 97: Actor0103
INFO:root:Instance 13
INFO:root:Ethnic Skew: (0.696969696969697, 'majority')
INFO:root:Class Skew: (0.562962962962963, 'hi')
INFO:root:Religious Skew: (0.7185185185185186, 'majority')
INFO:root:Region Skew: 0.077858
INFO:root:Participant 212: Actor0093
INFO:root:Participant 84: Actor0066
INFO:root:Participant 101: Actor0035
INFO:root:Participant 133: Actor0011
INFO:root:Participant 56: Actor0029
INFO:root:Participant 374: Actor0095
INFO:root:Participant 66: Actor0117
INFO:root:Participant 26: Actor0068
INFO:root:Participant 167: Actor0015
INFO:root:Participant 125: Actor0100
INFO:root:Participant 204: Actor0147
INFO:root:Participant 85: Actor0079
INFO:root:Participant 28: Actor0025
INFO:root:Participant 121: Actor0040
INFO:root:Participant 245: Actor0156
INFO:root:Participant 51: Actor0031
INFO:root:Instance 14
INFO:root:Ethnic Skew: (0.6875, 'minority')
INFO:root:Class Skew: (0.7123893805309734, 'hi')
INFO:root:Religious Skew: (0.5426621160409556, 'minority')
INFO:root:Region Skew: 0.137314
INFO:root:Participant 99: Actor0053
INFO:root:Participant 158: Actor0015
INFO:root:Participant 58: Actor0022
INFO:root:Participant 89: Actor0108
INFO:root:Participant 128: Actor0017
INFO:root:Participant 34: Actor0145
INFO:root:Participant 64: Actor0058
INFO:root:Participant 13: Actor0056
INFO:root:Participant 33: Actor0075
INFO:root:Participant 81: Actor0111
INFO:root:Participant 97: Actor0107
INFO:root:Participant 171: Actor0070
INFO:root:Participant 145: Actor0079
INFO:root:Participant 102: Actor0048
INFO:root:Participant 59: Actor0069
INFO:root:Participant 163: Actor0123
