INFO:root:Instance 1 (24,1)
INFO:root:Instance 1 (24,1)
INFO:root:Instance 1 (24,1)
INFO:root:Instance 15 (90,0)
INFO:root:Instance 15 (90,0)
INFO:root:Instance 15 (90,0)
INFO:root:Instance 16 (100,0)
INFO:root:Instance 15 (90,0)
INFO:root:Instance 16 (100,0)
INFO:root:Instance 15 (90,0)
INFO:root:Instance 16 (100,0)
INFO:root:Instance 15 (90,0)
INFO:root:Instance 16 (100,0)
INFO:root:Instance 15 (90,0)
INFO:root:Instance 16 (100,0)
INFO:root:Instance 15 (90,0)
INFO:root:Instance 16 (100,0)
INFO:root:Instance 15 (90,0)
INFO:root:Instance 16 (100,0)
INFO:root:Instance 15 (90,0)
INFO:root:Instance 16 (100,0)
INFO:root:Instance 15 (90,0)
INFO:root:Instance 16 (100,0)
INFO:root:Instance 15 (90,0)
INFO:root:Instance 16 (100,0)
INFO:root:Instance 15 (90,0)
INFO:root:Instance 16 (100,0)
INFO:root:Instance 15 (90,0)
INFO:root:Instance 16 (100,0)
INFO:root:Instance 15 (90,0)
INFO:root:Instance 16 (100,0)
INFO:root:Instance 17 (101,0)
INFO:root:Instance 15 (90,0)
INFO:root:Instance 16 (100,0)
INFO:root:Instance 17 (101,0)
INFO:root:Instance 15 (90,0)
INFO:root:Instance 16 (100,0)
INFO:root:Instance 17 (101,0)
INFO:root:Instance 15 (90,0)
INFO:root:Instance 16 (100,0)
INFO:root:Instance 17 (101,0)
INFO:root:Instance 15 (90,0)
INFO:root:Instance 16 (100,0)
INFO:root:Instance 17 (101,0)
INFO:root:Instance 15 (90,0)
INFO:root:Instance 16 (100,0)
INFO:root:Instance 17 (101,0)
