INFO:root:Instance 54, run 1
INFO:root:Instance 54, run 1
INFO:root:Instance 54, run 1
WARNING:root:Pre: 45 -> 5
WARNING:root:Pre: 28 -> 11
WARNING:root:Pre: 43 -> 13
WARNING:root:Pre: 37 -> 20
WARNING:root:Pre: 44 -> 23
WARNING:root:Pre: 72 -> 31
WARNING:root:Pre: 63 -> 35
WARNING:root:Pre: 69 -> 20
WARNING:root:Pre: 56 -> 13
WARNING:root:Pre: 66 -> 47
WARNING:root:Pre: 73 -> 52
WARNING:root:Pre: 84 -> 58
WARNING:root:Pre: 92 -> 61
WARNING:root:Pre: 120 -> 52
WARNING:root:Pre: 112 -> 83
WARNING:root:Pre: 115 -> 86
WARNING:root:Pre: 142 -> 103
WARNING:root:Pre: 150 -> 104
WARNING:root:Pre: 141 -> 105
WARNING:root:Pre: 123 -> 108
WARNING:root:Pre: 122 -> 111
WARNING:root:Pre: 127 -> 114
WARNING:root:Pre: 132 -> 86
WARNING:root:Pre: 128 -> 118
WARNING:root:Pre: 171 -> 121
WARNING:root:Pre: 163 -> 126
WARNING:root:Pre: 160 -> 118
WARNING:root:Pre: 155 -> 137
WARNING:root:Pre: 168 -> 103
WARNING:root:Pre: 157 -> 143
WARNING:root:Pre: 178 -> 146
WARNING:root:Pre: 184 -> 152
WARNING:root:Pre: 204 -> 153
WARNING:root:Pre: 219 -> 137
WARNING:root:Pre: 220 -> 156
WARNING:root:Pre: 199 -> 143
WARNING:root:Pre: 207 -> 126
WARNING:root:Pre: 188 -> 164
WARNING:root:Pre: 193 -> 172
WARNING:root:Pre: 213 -> 175
WARNING:root:Pre: 211 -> 179
WARNING:root:Pre: 206 -> 180
WARNING:root:Pre: 218 -> 182
WARNING:root:Pre: 226 -> 189
WARNING:root:Pre: 244 -> 208
WARNING:root:Pre: 237 -> 156
WARNING:root:Pre: 281 -> 229
WARNING:root:Pre: 278 -> 231
WARNING:root:Pre: 284 -> 238
WARNING:root:Pre: 269 -> 239
WARNING:root:Pre: 275 -> 243
WARNING:root:Pre: 263 -> 246
WARNING:root:Pre: 280 -> 252
WARNING:root:Pre: 295 -> 258
WARNING:root:Pre: 306 -> 265
WARNING:root:Pre: 302 -> 270
WARNING:root:Pre: 293 -> 271
WARNING:root:Pre: 290 -> 273
WARNING:root:Pre: 305 -> 229
WARNING:root:Pre: 298 -> 285
WARNING:root:Pre: 323 -> 273
WARNING:root:Pre: 321 -> 296
WARNING:root:Pre: 344 -> 300
WARNING:root:Pre: 329 -> 301
WARNING:root:Pre: 334 -> 303
WARNING:root:Pre: 339 -> 304
WARNING:root:Pre: 340 -> 315
WARNING:root:Pre: 351 -> 322
WARNING:root:Pre: 352 -> 325
INFO:root:Instance 54, run 1
WARNING:root:Pre: 45 -> 5
WARNING:root:Pre: 28 -> 11
WARNING:root:Pre: 43 -> 13
WARNING:root:Pre: 37 -> 20
WARNING:root:Pre: 44 -> 23
WARNING:root:Pre: 72 -> 31
WARNING:root:Pre: 63 -> 35
WARNING:root:Pre: 69 -> 20
WARNING:root:Pre: 56 -> 13
WARNING:root:Pre: 66 -> 47
WARNING:root:Pre: 73 -> 52
WARNING:root:Pre: 84 -> 58
WARNING:root:Pre: 92 -> 61
WARNING:root:Pre: 120 -> 52
WARNING:root:Pre: 112 -> 83
WARNING:root:Pre: 115 -> 86
WARNING:root:Pre: 142 -> 103
WARNING:root:Pre: 150 -> 104
WARNING:root:Pre: 141 -> 105
WARNING:root:Pre: 123 -> 108
WARNING:root:Pre: 122 -> 111
WARNING:root:Pre: 127 -> 114
WARNING:root:Pre: 132 -> 86
WARNING:root:Pre: 128 -> 118
WARNING:root:Pre: 171 -> 121
WARNING:root:Pre: 163 -> 126
WARNING:root:Pre: 160 -> 118
WARNING:root:Pre: 155 -> 137
WARNING:root:Pre: 168 -> 103
WARNING:root:Pre: 157 -> 143
WARNING:root:Pre: 178 -> 146
WARNING:root:Pre: 184 -> 152
WARNING:root:Pre: 204 -> 153
WARNING:root:Pre: 219 -> 137
WARNING:root:Pre: 220 -> 156
WARNING:root:Pre: 199 -> 143
WARNING:root:Pre: 207 -> 126
WARNING:root:Pre: 188 -> 164
WARNING:root:Pre: 193 -> 172
WARNING:root:Pre: 213 -> 175
WARNING:root:Pre: 211 -> 179
WARNING:root:Pre: 206 -> 180
WARNING:root:Pre: 218 -> 182
WARNING:root:Pre: 226 -> 189
WARNING:root:Pre: 244 -> 208
WARNING:root:Pre: 237 -> 156
WARNING:root:Pre: 281 -> 229
WARNING:root:Pre: 278 -> 231
WARNING:root:Pre: 284 -> 238
WARNING:root:Pre: 269 -> 239
WARNING:root:Pre: 275 -> 243
WARNING:root:Pre: 263 -> 246
WARNING:root:Pre: 280 -> 252
WARNING:root:Pre: 295 -> 258
WARNING:root:Pre: 306 -> 265
WARNING:root:Pre: 302 -> 270
WARNING:root:Pre: 293 -> 271
WARNING:root:Pre: 290 -> 273
WARNING:root:Pre: 305 -> 229
WARNING:root:Pre: 298 -> 285
WARNING:root:Pre: 323 -> 273
WARNING:root:Pre: 321 -> 296
WARNING:root:Pre: 344 -> 300
WARNING:root:Pre: 329 -> 301
WARNING:root:Pre: 334 -> 303
WARNING:root:Pre: 339 -> 304
WARNING:root:Pre: 340 -> 315
WARNING:root:Pre: 351 -> 322
WARNING:root:Pre: 352 -> 325
INFO:root:Instance 54, run 1
WARNING:root:Pre: 45 -> 5
WARNING:root:Pre: 28 -> 11
WARNING:root:Pre: 43 -> 13
WARNING:root:Pre: 37 -> 20
WARNING:root:Pre: 44 -> 23
WARNING:root:Pre: 72 -> 31
WARNING:root:Pre: 63 -> 35
WARNING:root:Pre: 69 -> 20
WARNING:root:Pre: 56 -> 13
WARNING:root:Pre: 66 -> 47
WARNING:root:Pre: 73 -> 52
WARNING:root:Pre: 84 -> 58
WARNING:root:Pre: 92 -> 61
WARNING:root:Pre: 120 -> 52
WARNING:root:Pre: 112 -> 83
WARNING:root:Pre: 115 -> 86
WARNING:root:Pre: 142 -> 103
WARNING:root:Pre: 150 -> 104
WARNING:root:Pre: 141 -> 105
WARNING:root:Pre: 123 -> 108
WARNING:root:Pre: 122 -> 111
WARNING:root:Pre: 127 -> 114
WARNING:root:Pre: 132 -> 86
WARNING:root:Pre: 128 -> 118
WARNING:root:Pre: 171 -> 121
WARNING:root:Pre: 163 -> 126
WARNING:root:Pre: 160 -> 118
WARNING:root:Pre: 155 -> 137
WARNING:root:Pre: 168 -> 103
WARNING:root:Pre: 157 -> 143
WARNING:root:Pre: 178 -> 146
WARNING:root:Pre: 184 -> 152
WARNING:root:Pre: 204 -> 153
WARNING:root:Pre: 219 -> 137
WARNING:root:Pre: 220 -> 156
WARNING:root:Pre: 199 -> 143
WARNING:root:Pre: 207 -> 126
WARNING:root:Pre: 188 -> 164
WARNING:root:Pre: 193 -> 172
WARNING:root:Pre: 213 -> 175
WARNING:root:Pre: 211 -> 179
WARNING:root:Pre: 206 -> 180
WARNING:root:Pre: 218 -> 182
WARNING:root:Pre: 226 -> 189
WARNING:root:Pre: 244 -> 208
WARNING:root:Pre: 237 -> 156
WARNING:root:Pre: 281 -> 229
WARNING:root:Pre: 278 -> 231
WARNING:root:Pre: 284 -> 238
WARNING:root:Pre: 269 -> 239
WARNING:root:Pre: 275 -> 243
WARNING:root:Pre: 263 -> 246
WARNING:root:Pre: 280 -> 252
WARNING:root:Pre: 295 -> 258
WARNING:root:Pre: 306 -> 265
WARNING:root:Pre: 302 -> 270
WARNING:root:Pre: 293 -> 271
WARNING:root:Pre: 290 -> 273
WARNING:root:Pre: 305 -> 229
WARNING:root:Pre: 298 -> 285
WARNING:root:Pre: 323 -> 273
WARNING:root:Pre: 321 -> 296
WARNING:root:Pre: 344 -> 300
WARNING:root:Pre: 329 -> 301
WARNING:root:Pre: 334 -> 303
WARNING:root:Pre: 339 -> 304
WARNING:root:Pre: 340 -> 315
WARNING:root:Pre: 351 -> 322
WARNING:root:Pre: 352 -> 325
WARNING:root:Post: 44 -> 1
WARNING:root:Post: 30 -> 6
WARNING:root:Post: 28 -> 20
WARNING:root:Post: 42 -> 24
WARNING:root:Post: 74 -> 34
WARNING:root:Post: 77 -> 38
WARNING:root:Post: 51 -> 43
WARNING:root:Post: 87 -> 46
WARNING:root:Post: 85 -> 47
WARNING:root:Post: 135 -> 52
WARNING:root:Post: 105 -> 55
WARNING:root:Post: 111 -> 57
WARNING:root:Post: 120 -> 58
WARNING:root:Post: 93 -> 59
WARNING:root:Post: 91 -> 64
WARNING:root:Post: 95 -> 65
WARNING:root:Post: 143 -> 67
WARNING:root:Post: 116 -> 69
WARNING:root:Post: 97 -> 72
WARNING:root:Post: 108 -> 47
WARNING:root:Post: 140 -> 86
WARNING:root:Post: 136 -> 46
WARNING:root:Post: 89 -> 88
WARNING:root:Post: 175 -> 90
WARNING:root:Post: 147 -> 94
WARNING:root:Post: 145 -> 100
WARNING:root:Post: 165 -> 106
WARNING:root:Post: 173 -> 117
WARNING:root:Post: 154 -> 119
WARNING:root:Post: 153 -> 129
WARNING:root:Post: 159 -> 134
WARNING:root:Post: 194 -> 94
WARNING:root:Post: 207 -> 149
WARNING:root:Post: 181 -> 152
WARNING:root:Post: 206 -> 157
WARNING:root:Post: 197 -> 162
WARNING:root:Post: 177 -> 164
WARNING:root:Post: 196 -> 166
WARNING:root:Post: 187 -> 167
WARNING:root:Post: 198 -> 168
WARNING:root:Post: 203 -> 169
WARNING:root:Post: 188 -> 171
WARNING:root:Post: 209 -> 176
WARNING:root:Post: 234 -> 179
WARNING:root:Post: 229 -> 180
WARNING:root:Post: 222 -> 195
WARNING:root:Post: 224 -> 202
WARNING:root:Post: 220 -> 157
WARNING:root:Post: 231 -> 210
WARNING:root:Post: 235 -> 212
WARNING:root:Post: 258 -> 228
WARNING:root:Post: 245 -> 233
WARNING:root:Post: 249 -> 237
WARNING:root:Post: 278 -> 244
WARNING:root:Post: 268 -> 247
WARNING:root:Post: 280 -> 255
WARNING:root:Post: 309 -> 265
WARNING:root:Post: 294 -> 269
WARNING:root:Post: 301 -> 281
WARNING:root:Post: 298 -> 282
WARNING:root:Post: 329 -> 296
WARNING:root:Post: 328 -> 305
WARNING:root:Post: 314 -> 310
WARNING:root:Post: 319 -> 312
WARNING:root:Post: 352 -> 312
WARNING:root:Post: 362 -> 320
WARNING:root:Post: 358 -> 324
WARNING:root:Post: 349 -> 338
WARNING:root:Post: 367 -> 343
WARNING:root:Post: 379 -> 324
INFO:root:Instance 54, run 1
WARNING:root:Pre: 45 -> 5
WARNING:root:Pre: 28 -> 11
WARNING:root:Pre: 43 -> 13
WARNING:root:Pre: 37 -> 20
WARNING:root:Pre: 44 -> 23
WARNING:root:Pre: 72 -> 31
WARNING:root:Pre: 63 -> 35
WARNING:root:Pre: 69 -> 20
WARNING:root:Pre: 56 -> 13
WARNING:root:Pre: 66 -> 47
WARNING:root:Pre: 73 -> 52
WARNING:root:Pre: 84 -> 58
WARNING:root:Pre: 92 -> 61
WARNING:root:Pre: 120 -> 52
WARNING:root:Pre: 112 -> 83
WARNING:root:Pre: 115 -> 86
WARNING:root:Pre: 142 -> 103
WARNING:root:Pre: 150 -> 104
WARNING:root:Pre: 141 -> 105
WARNING:root:Pre: 123 -> 108
WARNING:root:Pre: 122 -> 111
WARNING:root:Pre: 127 -> 114
WARNING:root:Pre: 132 -> 86
WARNING:root:Pre: 128 -> 118
WARNING:root:Pre: 171 -> 121
WARNING:root:Pre: 163 -> 126
WARNING:root:Pre: 160 -> 118
WARNING:root:Pre: 155 -> 137
WARNING:root:Pre: 168 -> 103
WARNING:root:Pre: 157 -> 143
WARNING:root:Pre: 178 -> 146
WARNING:root:Pre: 184 -> 152
WARNING:root:Pre: 204 -> 153
WARNING:root:Pre: 219 -> 137
WARNING:root:Pre: 220 -> 156
WARNING:root:Pre: 199 -> 143
WARNING:root:Pre: 207 -> 126
WARNING:root:Pre: 188 -> 164
WARNING:root:Pre: 193 -> 172
WARNING:root:Pre: 213 -> 175
WARNING:root:Pre: 211 -> 179
WARNING:root:Pre: 206 -> 180
WARNING:root:Pre: 218 -> 182
WARNING:root:Pre: 226 -> 189
WARNING:root:Pre: 244 -> 208
WARNING:root:Pre: 237 -> 156
WARNING:root:Pre: 281 -> 229
WARNING:root:Pre: 278 -> 231
WARNING:root:Pre: 284 -> 238
WARNING:root:Pre: 269 -> 239
WARNING:root:Pre: 275 -> 243
WARNING:root:Pre: 263 -> 246
WARNING:root:Pre: 280 -> 252
WARNING:root:Pre: 295 -> 258
WARNING:root:Pre: 306 -> 265
WARNING:root:Pre: 302 -> 270
WARNING:root:Pre: 293 -> 271
WARNING:root:Pre: 290 -> 273
WARNING:root:Pre: 305 -> 229
WARNING:root:Pre: 298 -> 285
WARNING:root:Pre: 323 -> 273
WARNING:root:Pre: 321 -> 296
WARNING:root:Pre: 344 -> 300
WARNING:root:Pre: 329 -> 301
WARNING:root:Pre: 334 -> 303
WARNING:root:Pre: 339 -> 304
WARNING:root:Pre: 340 -> 315
WARNING:root:Pre: 351 -> 322
WARNING:root:Pre: 352 -> 325
WARNING:root:Post: 44 -> 1
WARNING:root:Post: 30 -> 6
WARNING:root:Post: 28 -> 20
WARNING:root:Post: 42 -> 24
WARNING:root:Post: 74 -> 34
WARNING:root:Post: 77 -> 38
WARNING:root:Post: 51 -> 43
WARNING:root:Post: 87 -> 46
WARNING:root:Post: 85 -> 47
WARNING:root:Post: 135 -> 52
WARNING:root:Post: 105 -> 55
WARNING:root:Post: 111 -> 57
WARNING:root:Post: 120 -> 58
WARNING:root:Post: 93 -> 59
WARNING:root:Post: 91 -> 64
WARNING:root:Post: 95 -> 65
WARNING:root:Post: 143 -> 67
WARNING:root:Post: 116 -> 69
WARNING:root:Post: 97 -> 72
WARNING:root:Post: 108 -> 47
WARNING:root:Post: 140 -> 86
WARNING:root:Post: 136 -> 46
WARNING:root:Post: 89 -> 88
WARNING:root:Post: 175 -> 90
WARNING:root:Post: 147 -> 94
WARNING:root:Post: 145 -> 100
WARNING:root:Post: 165 -> 106
WARNING:root:Post: 173 -> 117
WARNING:root:Post: 154 -> 119
WARNING:root:Post: 153 -> 129
WARNING:root:Post: 159 -> 134
WARNING:root:Post: 194 -> 94
WARNING:root:Post: 207 -> 149
WARNING:root:Post: 181 -> 152
WARNING:root:Post: 206 -> 157
WARNING:root:Post: 197 -> 162
WARNING:root:Post: 177 -> 164
WARNING:root:Post: 196 -> 166
WARNING:root:Post: 187 -> 167
WARNING:root:Post: 198 -> 168
WARNING:root:Post: 203 -> 169
WARNING:root:Post: 188 -> 171
WARNING:root:Post: 209 -> 176
WARNING:root:Post: 234 -> 179
WARNING:root:Post: 229 -> 180
WARNING:root:Post: 222 -> 195
WARNING:root:Post: 224 -> 202
WARNING:root:Post: 220 -> 157
WARNING:root:Post: 231 -> 210
WARNING:root:Post: 235 -> 212
WARNING:root:Post: 258 -> 228
WARNING:root:Post: 245 -> 233
WARNING:root:Post: 249 -> 237
WARNING:root:Post: 278 -> 244
WARNING:root:Post: 268 -> 247
WARNING:root:Post: 280 -> 255
WARNING:root:Post: 309 -> 265
WARNING:root:Post: 294 -> 269
WARNING:root:Post: 301 -> 281
WARNING:root:Post: 298 -> 282
WARNING:root:Post: 329 -> 296
WARNING:root:Post: 328 -> 305
WARNING:root:Post: 314 -> 310
WARNING:root:Post: 319 -> 312
WARNING:root:Post: 352 -> 312
WARNING:root:Post: 362 -> 320
WARNING:root:Post: 358 -> 324
WARNING:root:Post: 349 -> 338
WARNING:root:Post: 367 -> 343
WARNING:root:Post: 379 -> 324
INFO:root:Instance 81, run 1
WARNING:root:Pre: 27 -> 5
WARNING:root:Pre: 29 -> 14
WARNING:root:Pre: 56 -> 26
WARNING:root:Pre: 52 -> 39
WARNING:root:Pre: 55 -> 42
WARNING:root:Pre: 66 -> 43
WARNING:root:Pre: 61 -> 48
WARNING:root:Pre: 101 -> 49
WARNING:root:Pre: 105 -> 50
WARNING:root:Pre: 98 -> 39
WARNING:root:Pre: 85 -> 42
WARNING:root:Pre: 94 -> 60
WARNING:root:Pre: 106 -> 64
WARNING:root:Pre: 82 -> 69
WARNING:root:Pre: 87 -> 72
WARNING:root:Pre: 137 -> 79
WARNING:root:Pre: 117 -> 80
WARNING:root:Pre: 126 -> 89
WARNING:root:Pre: 132 -> 92
WARNING:root:Pre: 127 -> 60
WARNING:root:Pre: 118 -> 107
WARNING:root:Pre: 157 -> 115
WARNING:root:Pre: 161 -> 116
WARNING:root:Pre: 151 -> 80
WARNING:root:Pre: 147 -> 139
WARNING:root:Post: 53 -> 1
WARNING:root:Post: 51 -> 4
WARNING:root:Post: 56 -> 6
WARNING:root:Post: 40 -> 13
WARNING:root:Post: 35 -> 23
WARNING:root:Post: 39 -> 29
WARNING:root:Post: 60 -> 33
WARNING:root:Post: 61 -> 43
WARNING:root:Post: 66 -> 50
WARNING:root:Post: 80 -> 1
WARNING:root:Post: 108 -> 58
WARNING:root:Post: 118 -> 33
WARNING:root:Post: 121 -> 63
WARNING:root:Post: 129 -> 64
WARNING:root:Post: 142 -> 65
WARNING:root:Post: 105 -> 50
WARNING:root:Post: 144 -> 69
WARNING:root:Post: 91 -> 73
WARNING:root:Post: 138 -> 78
WARNING:root:Post: 148 -> 107
WARNING:root:Post: 160 -> 109
WARNING:root:Post: 153 -> 120
WARNING:root:Post: 164 -> 130
WARNING:root:Post: 163 -> 135
WARNING:root:Post: 167 -> 69
WARNING:root:Post: 169 -> 145
WARNING:root:Post: 179 -> 157
WARNING:root:Post: 178 -> 159
INFO:root:Instance 83, run 1
WARNING:root:Pre: 26 -> 13
WARNING:root:Pre: 28 -> 14
WARNING:root:Pre: 35 -> 27
WARNING:root:Pre: 34 -> 30
WARNING:root:Pre: 53 -> 30
WARNING:root:Pre: 58 -> 41
WARNING:root:Pre: 84 -> 63
WARNING:root:Pre: 91 -> 64
WARNING:root:Pre: 85 -> 74
WARNING:root:Post: 17 -> 3
WARNING:root:Post: 43 -> 25
WARNING:root:Post: 67 -> 51
WARNING:root:Post: 71 -> 52
INFO:root:Instance 82, run 1
WARNING:root:Pre: 34 -> 9
WARNING:root:Pre: 47 -> 22
WARNING:root:Pre: 56 -> 25
WARNING:root:Pre: 41 -> 28
WARNING:root:Pre: 72 -> 30
WARNING:root:Pre: 58 -> 31
WARNING:root:Pre: Actor0018 (33) has died (Day 56)
WARNING:root:Pre: Actor0066 (38) has died (Day 57)
WARNING:root:Pre: 80 -> 44
WARNING:root:Pre: 91 -> 25
WARNING:root:Pre: 85 -> 57
WARNING:root:Pre: Actor0040 (64) has died (Day 82)
WARNING:root:Pre: 99 -> 76
WARNING:root:Pre: 107 -> 44
WARNING:root:Pre: 112 -> 97
WARNING:root:Post: Actor0018 (2) has died (Day 50)
WARNING:root:Post: 42 -> 25
WARNING:root:Post: 46 -> 28
WARNING:root:Post: 58 -> 30
WARNING:root:Post: 54 -> 33
WARNING:root:Post: 61 -> 37
WARNING:root:Post: 73 -> 62
WARNING:root:Post: 89 -> 66
WARNING:root:Post: 91 -> 67
WARNING:root:Post: 100 -> 74
WARNING:root:Post: 112 -> 85
INFO:root:Instance 86, run 1
WARNING:root:Pre: Actor0079 (32) has died (Day 47)
WARNING:root:Pre: 40 -> 34
WARNING:root:Pre: 58 -> 45
WARNING:root:Pre: 69 -> 49
WARNING:root:Pre: 73 -> 45
WARNING:root:Pre: Actor0074 (61) has died (Day 91)
WARNING:root:Pre: Actor0029 (65) has died (Day 92)
WARNING:root:Pre: Actor0010 (67) has died (Day 93)
WARNING:root:Pre: 108 -> 101
WARNING:root:Pre: 115 -> 102
WARNING:root:Pre: 117 -> 105
WARNING:root:Pre: 122 -> 111
WARNING:root:Post: 33 -> 2
WARNING:root:Post: Actor0149 (4) has died (Day 39)
WARNING:root:Post: 19 -> 13
WARNING:root:Post: 43 -> 23
WARNING:root:Post: 49 -> 34
WARNING:root:Post: Actor0011 (37) has died (Day 84)
WARNING:root:Post: Actor0058 (44) has died (Day 86)
WARNING:root:Post: Actor0124 (48) has died (Day 87)
WARNING:root:Post: 72 -> 51
WARNING:root:Post: 81 -> 67
WARNING:root:Post: 92 -> 78
WARNING:root:Post: 114 -> 93
WARNING:root:Post: 113 -> 102
INFO:root:Instance 84, run 1
WARNING:root:Pre: 54 -> 1
WARNING:root:Pre: 58 -> 3
WARNING:root:Pre: 49 -> 6
WARNING:root:Pre: 59 -> 8
WARNING:root:Pre: 62 -> 16
WARNING:root:Pre: 52 -> 23
WARNING:root:Pre: 94 -> 42
WARNING:root:Pre: 71 -> 44
WARNING:root:Pre: 67 -> 3
WARNING:root:Pre: 100 -> 66
WARNING:root:Pre: 115 -> 3
WARNING:root:Pre: 98 -> 44
WARNING:root:Pre: 120 -> 91
WARNING:root:Pre: 101 -> 92
WARNING:root:Pre: 116 -> 93
WARNING:root:Pre: 143 -> 66
WARNING:root:Pre: 139 -> 105
WARNING:root:Pre: 134 -> 108
WARNING:root:Pre: 153 -> 133
WARNING:root:Pre: 197 -> 145
WARNING:root:Pre: 190 -> 148
WARNING:root:Pre: 200 -> 150
WARNING:root:Pre: 177 -> 151
WARNING:root:Pre: 182 -> 160
WARNING:root:Pre: 184 -> 164
WARNING:root:Pre: 193 -> 165
WARNING:root:Pre: 216 -> 170
WARNING:root:Pre: 205 -> 171
WARNING:root:Pre: 224 -> 175
WARNING:root:Pre: 203 -> 151
WARNING:root:Pre: 208 -> 183
WARNING:root:Pre: 220 -> 186
WARNING:root:Pre: 247 -> 210
WARNING:root:Pre: 229 -> 221
WARNING:root:Pre: 256 -> 232
WARNING:root:Pre: 270 -> 210
WARNING:root:Pre: 296 -> 252
WARNING:root:Pre: 279 -> 254
WARNING:root:Pre: 295 -> 264
WARNING:root:Pre: 288 -> 269
WARNING:root:Pre: 289 -> 271
WARNING:root:Pre: 300 -> 254
WARNING:root:Pre: 333 -> 281
WARNING:root:Pre: 311 -> 282
WARNING:root:Pre: 298 -> 284
WARNING:root:Pre: 328 -> 285
WARNING:root:Pre: 329 -> 287
WARNING:root:Pre: 322 -> 293
WARNING:root:Pre: 330 -> 294
WARNING:root:Pre: 351 -> 284
WARNING:root:Pre: 343 -> 299
WARNING:root:Pre: 359 -> 301
WARNING:root:Pre: 338 -> 317
WARNING:root:Pre: 342 -> 321
WARNING:root:Pre: 350 -> 285
WARNING:root:Pre: 349 -> 332
WARNING:root:Pre: 348 -> 334
WARNING:root:Pre: 370 -> 344
WARNING:root:Pre: 363 -> 285
WARNING:root:Pre: 366 -> 284
WARNING:root:Post: 46 -> 17
WARNING:root:Post: 30 -> 20
WARNING:root:Post: 27 -> 21
WARNING:root:Post: 34 -> 22
WARNING:root:Post: 49 -> 28
WARNING:root:Post: 81 -> 58
WARNING:root:Post: 76 -> 67
WARNING:root:Post: 80 -> 70
WARNING:root:Post: 110 -> 74
WARNING:root:Post: 100 -> 70
WARNING:root:Post: 127 -> 58
WARNING:root:Post: 120 -> 91
WARNING:root:Post: 97 -> 96
WARNING:root:Post: 142 -> 102
WARNING:root:Post: 130 -> 104
WARNING:root:Post: 143 -> 105
WARNING:root:Post: 147 -> 106
WARNING:root:Post: 150 -> 112
WARNING:root:Post: 131 -> 118
WARNING:root:Post: 151 -> 91
WARNING:root:Post: 136 -> 125
WARNING:root:Post: 148 -> 58
WARNING:root:Post: 170 -> 104
WARNING:root:Post: 163 -> 137
WARNING:root:Post: 160 -> 102
WARNING:root:Post: 179 -> 144
WARNING:root:Post: 184 -> 145
WARNING:root:Post: 174 -> 146
WARNING:root:Post: 189 -> 154
WARNING:root:Post: 191 -> 157
WARNING:root:Post: 185 -> 164
WARNING:root:Post: 208 -> 166
WARNING:root:Post: 190 -> 104
WARNING:root:Post: 206 -> 146
WARNING:root:Post: 203 -> 177
WARNING:root:Post: 205 -> 180
WARNING:root:Post: 199 -> 183
WARNING:root:Post: 219 -> 200
WARNING:root:Post: 217 -> 201
WARNING:root:Post: 215 -> 177
WARNING:root:Post: 232 -> 204
WARNING:root:Post: 276 -> 213
WARNING:root:Post: 244 -> 216
WARNING:root:Post: 267 -> 200
WARNING:root:Post: 270 -> 223
WARNING:root:Post: 253 -> 224
WARNING:root:Post: 262 -> 226
WARNING:root:Post: 247 -> 227
WARNING:root:Post: 261 -> 228
WARNING:root:Post: 277 -> 229
WARNING:root:Post: 271 -> 230
WARNING:root:Post: 257 -> 231
WARNING:root:Post: 278 -> 204
WARNING:root:Post: 303 -> 227
WARNING:root:Post: 284 -> 259
WARNING:root:Post: 301 -> 226
WARNING:root:Post: 288 -> 265
WARNING:root:Post: 291 -> 268
WARNING:root:Post: 290 -> 223
WARNING:root:Post: 322 -> 300
WARNING:root:Post: 309 -> 302
WARNING:root:Post: 324 -> 227
WARNING:root:Post: 342 -> 302
WARNING:root:Post: 351 -> 318
WARNING:root:Post: 330 -> 323
WARNING:root:Post: 352 -> 325
WARNING:root:Post: 371 -> 329
WARNING:root:Post: 367 -> 333
WARNING:root:Post: 359 -> 336
WARNING:root:Post: 358 -> 339
WARNING:root:Post: 353 -> 346
WARNING:root:Post: 372 -> 347
WARNING:root:Post: 368 -> 348
INFO:root:Instance 81, run 1
WARNING:root:Pre: 27 -> 5
WARNING:root:Pre: 29 -> 14
WARNING:root:Pre: 56 -> 26
WARNING:root:Pre: 52 -> 39
WARNING:root:Pre: 55 -> 42
WARNING:root:Pre: 66 -> 43
WARNING:root:Pre: 61 -> 48
WARNING:root:Pre: 101 -> 49
WARNING:root:Pre: 105 -> 50
WARNING:root:Pre: 98 -> 39
WARNING:root:Pre: 85 -> 42
WARNING:root:Pre: 94 -> 60
WARNING:root:Pre: 106 -> 64
WARNING:root:Pre: 82 -> 69
WARNING:root:Pre: 87 -> 72
WARNING:root:Pre: 137 -> 79
WARNING:root:Pre: 117 -> 80
WARNING:root:Pre: 126 -> 89
WARNING:root:Pre: 132 -> 92
WARNING:root:Pre: 127 -> 60
WARNING:root:Pre: 118 -> 107
WARNING:root:Pre: 157 -> 115
WARNING:root:Pre: 161 -> 116
WARNING:root:Pre: 151 -> 80
WARNING:root:Pre: 147 -> 139
WARNING:root:Post: 53 -> 1
WARNING:root:Post: 51 -> 4
WARNING:root:Post: 56 -> 6
WARNING:root:Post: 40 -> 13
WARNING:root:Post: 35 -> 23
WARNING:root:Post: 39 -> 29
WARNING:root:Post: 60 -> 33
WARNING:root:Post: 61 -> 43
WARNING:root:Post: 66 -> 50
WARNING:root:Post: 80 -> 1
WARNING:root:Post: 108 -> 58
WARNING:root:Post: 118 -> 33
WARNING:root:Post: 121 -> 63
WARNING:root:Post: 129 -> 64
WARNING:root:Post: 142 -> 65
WARNING:root:Post: 105 -> 50
WARNING:root:Post: 144 -> 69
WARNING:root:Post: 91 -> 73
WARNING:root:Post: 138 -> 78
WARNING:root:Post: 148 -> 107
WARNING:root:Post: 160 -> 109
WARNING:root:Post: 153 -> 120
WARNING:root:Post: 164 -> 130
WARNING:root:Post: 163 -> 135
WARNING:root:Post: 167 -> 69
WARNING:root:Post: 169 -> 145
WARNING:root:Post: 179 -> 157
WARNING:root:Post: 178 -> 159
INFO:root:Instance 83, run 1
WARNING:root:Pre: 26 -> 13
WARNING:root:Pre: 28 -> 14
WARNING:root:Pre: 35 -> 27
WARNING:root:Pre: 34 -> 30
WARNING:root:Pre: 53 -> 30
WARNING:root:Pre: 58 -> 41
WARNING:root:Pre: 84 -> 63
WARNING:root:Pre: 91 -> 64
WARNING:root:Pre: 85 -> 74
WARNING:root:Post: 17 -> 3
WARNING:root:Post: 43 -> 25
WARNING:root:Post: 67 -> 51
WARNING:root:Post: 71 -> 52
INFO:root:Instance 82, run 1
WARNING:root:Pre: 34 -> 9
WARNING:root:Pre: 47 -> 22
WARNING:root:Pre: 56 -> 25
WARNING:root:Pre: 41 -> 28
WARNING:root:Pre: 72 -> 30
WARNING:root:Pre: 58 -> 31
WARNING:root:Pre: Actor0018 (33) has died (Day 56)
WARNING:root:Pre: Actor0066 (38) has died (Day 57)
WARNING:root:Pre: 80 -> 44
WARNING:root:Pre: 91 -> 25
WARNING:root:Pre: 85 -> 57
WARNING:root:Pre: Actor0040 (64) has died (Day 82)
WARNING:root:Pre: 99 -> 76
WARNING:root:Pre: 107 -> 44
WARNING:root:Pre: 112 -> 97
WARNING:root:Post: Actor0018 (2) has died (Day 50)
WARNING:root:Post: 42 -> 25
WARNING:root:Post: 46 -> 28
WARNING:root:Post: 58 -> 30
WARNING:root:Post: 54 -> 33
WARNING:root:Post: 61 -> 37
WARNING:root:Post: 73 -> 62
WARNING:root:Post: 89 -> 66
WARNING:root:Post: 91 -> 67
WARNING:root:Post: 100 -> 74
WARNING:root:Post: 112 -> 85
INFO:root:Instance 86, run 1
WARNING:root:Pre: Actor0079 (32) has died (Day 47)
WARNING:root:Pre: 40 -> 34
WARNING:root:Pre: 58 -> 45
WARNING:root:Pre: 69 -> 49
WARNING:root:Pre: 73 -> 45
WARNING:root:Pre: Actor0074 (61) has died (Day 91)
WARNING:root:Pre: Actor0029 (65) has died (Day 92)
WARNING:root:Pre: Actor0010 (67) has died (Day 93)
WARNING:root:Pre: 108 -> 101
WARNING:root:Pre: 115 -> 102
WARNING:root:Pre: 117 -> 105
WARNING:root:Pre: 122 -> 111
WARNING:root:Post: 33 -> 2
WARNING:root:Post: Actor0149 (4) has died (Day 39)
WARNING:root:Post: 19 -> 13
WARNING:root:Post: 43 -> 23
WARNING:root:Post: 49 -> 34
WARNING:root:Post: Actor0011 (37) has died (Day 84)
WARNING:root:Post: Actor0058 (44) has died (Day 86)
WARNING:root:Post: Actor0124 (48) has died (Day 87)
WARNING:root:Post: 72 -> 51
WARNING:root:Post: 81 -> 67
WARNING:root:Post: 92 -> 78
WARNING:root:Post: 114 -> 93
WARNING:root:Post: 113 -> 102
INFO:root:Instance 84, run 1
WARNING:root:Pre: 54 -> 1
WARNING:root:Pre: 58 -> 3
WARNING:root:Pre: 49 -> 6
WARNING:root:Pre: 59 -> 8
WARNING:root:Pre: 62 -> 16
WARNING:root:Pre: 52 -> 23
WARNING:root:Pre: 94 -> 42
WARNING:root:Pre: 71 -> 44
WARNING:root:Pre: 67 -> 3
WARNING:root:Pre: 100 -> 66
WARNING:root:Pre: 115 -> 3
WARNING:root:Pre: 98 -> 44
WARNING:root:Pre: 120 -> 91
WARNING:root:Pre: 101 -> 92
WARNING:root:Pre: 116 -> 93
WARNING:root:Pre: 143 -> 66
WARNING:root:Pre: 139 -> 105
WARNING:root:Pre: 134 -> 108
WARNING:root:Pre: 153 -> 133
WARNING:root:Pre: 197 -> 145
WARNING:root:Pre: 190 -> 148
WARNING:root:Pre: 200 -> 150
WARNING:root:Pre: 177 -> 151
WARNING:root:Pre: 182 -> 160
WARNING:root:Pre: 184 -> 164
WARNING:root:Pre: 193 -> 165
WARNING:root:Pre: 216 -> 170
WARNING:root:Pre: 205 -> 171
WARNING:root:Pre: 224 -> 175
WARNING:root:Pre: 203 -> 151
WARNING:root:Pre: 208 -> 183
WARNING:root:Pre: 220 -> 186
WARNING:root:Pre: 247 -> 210
WARNING:root:Pre: 229 -> 221
WARNING:root:Pre: 256 -> 232
WARNING:root:Pre: 270 -> 210
WARNING:root:Pre: 296 -> 252
WARNING:root:Pre: 279 -> 254
WARNING:root:Pre: 295 -> 264
WARNING:root:Pre: 288 -> 269
WARNING:root:Pre: 289 -> 271
WARNING:root:Pre: 300 -> 254
WARNING:root:Pre: 333 -> 281
WARNING:root:Pre: 311 -> 282
WARNING:root:Pre: 298 -> 284
WARNING:root:Pre: 328 -> 285
WARNING:root:Pre: 329 -> 287
WARNING:root:Pre: 322 -> 293
WARNING:root:Pre: 330 -> 294
WARNING:root:Pre: 351 -> 284
WARNING:root:Pre: 343 -> 299
WARNING:root:Pre: 359 -> 301
WARNING:root:Pre: 338 -> 317
WARNING:root:Pre: 342 -> 321
WARNING:root:Pre: 350 -> 285
WARNING:root:Pre: 349 -> 332
WARNING:root:Pre: 348 -> 334
WARNING:root:Pre: 370 -> 344
WARNING:root:Pre: 363 -> 285
WARNING:root:Pre: 366 -> 284
WARNING:root:Post: 46 -> 17
WARNING:root:Post: 30 -> 20
WARNING:root:Post: 27 -> 21
WARNING:root:Post: 34 -> 22
WARNING:root:Post: 49 -> 28
WARNING:root:Post: 81 -> 58
WARNING:root:Post: 76 -> 67
WARNING:root:Post: 80 -> 70
WARNING:root:Post: 110 -> 74
WARNING:root:Post: 100 -> 70
WARNING:root:Post: 127 -> 58
WARNING:root:Post: 120 -> 91
WARNING:root:Post: 97 -> 96
WARNING:root:Post: 142 -> 102
WARNING:root:Post: 130 -> 104
WARNING:root:Post: 143 -> 105
WARNING:root:Post: 147 -> 106
WARNING:root:Post: 150 -> 112
WARNING:root:Post: 131 -> 118
WARNING:root:Post: 151 -> 91
WARNING:root:Post: 136 -> 125
WARNING:root:Post: 148 -> 58
WARNING:root:Post: 170 -> 104
WARNING:root:Post: 163 -> 137
WARNING:root:Post: 160 -> 102
WARNING:root:Post: 179 -> 144
WARNING:root:Post: 184 -> 145
WARNING:root:Post: 174 -> 146
WARNING:root:Post: 189 -> 154
WARNING:root:Post: 191 -> 157
WARNING:root:Post: 185 -> 164
WARNING:root:Post: 208 -> 166
WARNING:root:Post: 190 -> 104
WARNING:root:Post: 206 -> 146
WARNING:root:Post: 203 -> 177
WARNING:root:Post: 205 -> 180
WARNING:root:Post: 199 -> 183
WARNING:root:Post: 219 -> 200
WARNING:root:Post: 217 -> 201
WARNING:root:Post: 215 -> 177
WARNING:root:Post: 232 -> 204
WARNING:root:Post: 276 -> 213
WARNING:root:Post: 244 -> 216
WARNING:root:Post: 267 -> 200
WARNING:root:Post: 270 -> 223
WARNING:root:Post: 253 -> 224
WARNING:root:Post: 262 -> 226
WARNING:root:Post: 247 -> 227
WARNING:root:Post: 261 -> 228
WARNING:root:Post: 277 -> 229
WARNING:root:Post: 271 -> 230
WARNING:root:Post: 257 -> 231
WARNING:root:Post: 278 -> 204
WARNING:root:Post: 303 -> 227
WARNING:root:Post: 284 -> 259
WARNING:root:Post: 301 -> 226
WARNING:root:Post: 288 -> 265
WARNING:root:Post: 291 -> 268
WARNING:root:Post: 290 -> 223
WARNING:root:Post: 322 -> 300
WARNING:root:Post: 309 -> 302
WARNING:root:Post: 324 -> 227
WARNING:root:Post: 342 -> 302
WARNING:root:Post: 351 -> 318
WARNING:root:Post: 330 -> 323
WARNING:root:Post: 352 -> 325
WARNING:root:Post: 371 -> 329
WARNING:root:Post: 367 -> 333
WARNING:root:Post: 359 -> 336
WARNING:root:Post: 358 -> 339
WARNING:root:Post: 353 -> 346
WARNING:root:Post: 372 -> 347
WARNING:root:Post: 368 -> 348
INFO:root:Instance 85, run 1
WARNING:root:Pre: 27 -> 1
WARNING:root:Pre: 34 -> 6
WARNING:root:Pre: 26 -> 8
WARNING:root:Pre: 33 -> 10
WARNING:root:Pre: 40 -> 12
WARNING:root:Pre: 29 -> 13
WARNING:root:Pre: 65 -> 24
WARNING:root:Pre: 64 -> 32
WARNING:root:Pre: 62 -> 37
WARNING:root:Pre: 53 -> 12
WARNING:root:Pre: 72 -> 42
WARNING:root:Pre: 76 -> 51
WARNING:root:Pre: 85 -> 55
WARNING:root:Pre: 67 -> 24
WARNING:root:Pre: 97 -> 66
WARNING:root:Pre: 103 -> 24
WARNING:root:Pre: 108 -> 75
WARNING:root:Pre: 137 -> 113
WARNING:root:Pre: Actor0011 (117) has died (Day 128)
WARNING:root:Pre: 157 -> 126
WARNING:root:Pre: 144 -> 129
WARNING:root:Pre: 176 -> 142
WARNING:root:Pre: 192 -> 129
WARNING:root:Pre: 188 -> 149
WARNING:root:Pre: 185 -> 155
WARNING:root:Pre: 165 -> 160
WARNING:root:Post: 48 -> 2
WARNING:root:Post: 45 -> 6
WARNING:root:Post: 35 -> 7
WARNING:root:Post: 50 -> 8
WARNING:root:Post: 30 -> 15
WARNING:root:Post: Actor0150 (21) has died (Day 74)
WARNING:root:Post: 71 -> 33
WARNING:root:Post: 66 -> 7
WARNING:root:Post: 67 -> 36
WARNING:root:Post: 57 -> 47
WARNING:root:Post: 93 -> 60
WARNING:root:Post: 79 -> 61
WARNING:root:Post: 88 -> 70
WARNING:root:Post: 116 -> 82
WARNING:root:Post: 106 -> 85
WARNING:root:Post: 104 -> 94
WARNING:root:Post: 127 -> 103
WARNING:root:Post: 139 -> 94
WARNING:root:Post: Actor0047 (85) has died (Day 145)
WARNING:root:Post: 124 -> 112
WARNING:root:Post: 143 -> 117
WARNING:root:Post: 146 -> 103
WARNING:root:Post: 153 -> 128
WARNING:root:Post: 151 -> 132
WARNING:root:Post: Actor0149 (136) has died (Day 167)
WARNING:root:Post: 152 -> 142
WARNING:root:Post: 167 -> 128
WARNING:root:Post: 165 -> 159
