INFO:root:Instance 24, Run 1
INFO:root:Instance 24, Run 1
INFO:root:Instance 24, Run 1
INFO:root:Instance 24, Run 1
INFO:root:Instance 24, Run 1
INFO:root:Instance 24, Run 1
INFO:root:Instance 24, Run 1
INFO:root:Instance 24, Run 1
INFO:root:Instance 24, Run 1
INFO:root:Instance 24, Run 1
INFO:root:Instance 24, Run 1
INFO:root:Instance 24, Run 1
INFO:root:Instance 24, Run 1
INFO:root:Instance 24, Run 1
INFO:root:Instance 24, Run 1
INFO:root:Instance 24, Run 1
INFO:root:Instance 24, Run 1
INFO:root:Instance 24, Run 1
INFO:root:Instance 24, Run 1
INFO:root:Instance 24, Run 1
INFO:root:Instance 24, Run 1
INFO:root:Instance 24, Run 1
INFO:root:Instance 24, Run 1
INFO:root:Instance 24, Run 1
INFO:root:Instance 24, Run 1
INFO:root:Instance 24, Run 1
INFO:root:Instance 24, Run 1
INFO:root:Instance 24, Run 1
INFO:root:Instance 24, Run 1
INFO:root:Instance 24, Run 1
INFO:root:Instance 24, Run 1
INFO:root:Instance 24, Run 1
INFO:root:Instance 24, Run 1
INFO:root:Instance 24, Run 1
INFO:root:Instance 24, Run 1
INFO:root:Instance 24, Run 1
INFO:root:Instance 24, Run 1
