INFO:root:Instance 15 (90,0)
INFO:root:Instance 16 (100,0)
WARNING:root:Actor0308 never filled out survey
WARNING:root:Actor0831 never filled out survey
WARNING:root:Actor0269 never filled out survey
WARNING:root:Actor0965 never filled out survey
INFO:root:Actor0298: D14-1 and Pre-survey 94
WARNING:root:Actor0344 never filled out survey
WARNING:root:Actor0388 never filled out survey
INFO:root:Actor0445: D14-4 and Pre-survey 23
WARNING:root:Actor0217 never filled out survey
INFO:root:Actor0834: D34-1 and Pre-survey 161
WARNING:root:Actor0945 never filled out survey
INFO:root:Actor0957: D45-2 and Post-survey 289
INFO:root:Actor0351: D55-1 and Pre-survey 228
INFO:root:Actor0134: D58-1 and Pre-survey 200
INFO:root:Actor0019: D59-1 and Pre-survey 408
WARNING:root:Actor0086 never filled out survey
INFO:root:Actor0306: D59-3 and Pre-survey 189
WARNING:root:Actor0042 never filled out survey
INFO:root:Actor0220: D61-1 and Pre-survey 496
WARNING:root:Actor0311 never filled out survey
INFO:root:Actor0932: D61-3 and Pre-survey 355
INFO:root:Actor0733: D63-1 and Post-survey 79
INFO:root:Actor0596: D78-1 and Post-survey 292
INFO:root:Actor0670: D92-1 and Pre-survey 62
INFO:root:Actor0713: D106-1 and Pre-survey 396
WARNING:root:Actor0018 never filled out survey
INFO:root:Instance 17 (101,0)
WARNING:root:Actor0371 never filled out survey
WARNING:root:Actor0982 never filled out survey
WARNING:root:Actor0109 never filled out survey
WARNING:root:Actor0297 never filled out survey
WARNING:root:Actor0397 never filled out survey
WARNING:root:Actor0783 never filled out survey
WARNING:root:Actor0010 never filled out survey
WARNING:root:Actor0424 never filled out survey
WARNING:root:Actor0143 never filled out survey
WARNING:root:Actor0384 never filled out survey
INFO:root:Instance 18 (100,2)
WARNING:root:Actor0042 never filled out survey
WARNING:root:Actor0308 never filled out survey
WARNING:root:Actor0388 never filled out survey
WARNING:root:Actor0217 never filled out survey
WARNING:root:Actor0957 never filled out survey
WARNING:root:Actor0018 never filled out survey
WARNING:root:Actor0306 never filled out survey
WARNING:root:Actor0220 never filled out survey
WARNING:root:Actor0351 never filled out survey
INFO:root:Actor0445: D28-2 and Pre-survey 1 14
WARNING:root:Actor0834 never filled out survey
INFO:root:Actor0932: D28-4 and Pre-survey 1 13
INFO:root:Actor0269: D29-1 and Pre-survey 1 91
WARNING:root:Actor0298 never filled out survey
INFO:root:Actor0831: D40-1 and Pre-survey 2 41
INFO:root:Actor0134: D68-1 and Pre-survey 5 67
WARNING:root:Actor0596 never filled out survey
INFO:root:Instance 19 (101,1)
WARNING:root:Actor0384 never filled out survey
INFO:root:Actor0397: D24-1 and Post-survey 1 44
WARNING:root:Actor0686 never filled out survey
WARNING:root:Actor0783 never filled out survey
WARNING:root:Actor0371 never filled out survey
INFO:root:Actor0982: D52-1 and Pre-survey 4 9
INFO:root:Actor0424: D77-1 and Pre-survey 3 13
INFO:root:Actor0010: D98-1 and Pre-survey 3 82
INFO:root:Instance 15 (90,0)
INFO:root:Instance 16 (100,0)
WARNING:root:Actor0308 never filled out survey
WARNING:root:Actor0831 never filled out survey
WARNING:root:Actor0269 never filled out survey
WARNING:root:Actor0965 never filled out survey
INFO:root:Actor0298: D14-1 and Pre-survey 94
WARNING:root:Actor0344 never filled out survey
WARNING:root:Actor0388 never filled out survey
INFO:root:Actor0445: D14-4 and Pre-survey 23
WARNING:root:Actor0217 never filled out survey
INFO:root:Actor0834: D34-1 and Pre-survey 161
WARNING:root:Actor0945 never filled out survey
INFO:root:Actor0957: D45-2 and Post-survey 289
INFO:root:Actor0351: D55-1 and Pre-survey 228
INFO:root:Actor0134: D58-1 and Pre-survey 200
INFO:root:Actor0019: D59-1 and Pre-survey 408
WARNING:root:Actor0086 never filled out survey
INFO:root:Actor0306: D59-3 and Pre-survey 189
WARNING:root:Actor0042 never filled out survey
INFO:root:Actor0220: D61-1 and Pre-survey 496
WARNING:root:Actor0311 never filled out survey
INFO:root:Actor0932: D61-3 and Pre-survey 355
INFO:root:Actor0733: D63-1 and Post-survey 79
INFO:root:Actor0596: D78-1 and Post-survey 292
INFO:root:Actor0670: D92-1 and Pre-survey 62
INFO:root:Actor0713: D106-1 and Pre-survey 396
WARNING:root:Actor0018 never filled out survey
INFO:root:Instance 17 (101,0)
WARNING:root:Actor0371 never filled out survey
WARNING:root:Actor0982 never filled out survey
WARNING:root:Actor0109 never filled out survey
WARNING:root:Actor0297 never filled out survey
WARNING:root:Actor0397 never filled out survey
WARNING:root:Actor0783 never filled out survey
WARNING:root:Actor0010 never filled out survey
WARNING:root:Actor0424 never filled out survey
WARNING:root:Actor0143 never filled out survey
WARNING:root:Actor0384 never filled out survey
INFO:root:Instance 18 (100,2)
WARNING:root:Actor0042 never filled out survey
WARNING:root:Actor0308 never filled out survey
WARNING:root:Actor0388 never filled out survey
WARNING:root:Actor0217 never filled out survey
WARNING:root:Actor0957 never filled out survey
WARNING:root:Actor0018 never filled out survey
WARNING:root:Actor0306 never filled out survey
WARNING:root:Actor0220 never filled out survey
WARNING:root:Actor0351 never filled out survey
INFO:root:Actor0445: D28-2 and Pre-survey 1 14
WARNING:root:Actor0834 never filled out survey
INFO:root:Actor0932: D28-4 and Pre-survey 1 13
INFO:root:Actor0269: D29-1 and Pre-survey 1 91
WARNING:root:Actor0298 never filled out survey
INFO:root:Actor0831: D40-1 and Pre-survey 2 41
INFO:root:Actor0134: D68-1 and Pre-survey 5 67
WARNING:root:Actor0596 never filled out survey
INFO:root:Instance 19 (101,1)
WARNING:root:Actor0384 never filled out survey
INFO:root:Actor0397: D24-1 and Post-survey 1 44
WARNING:root:Actor0686 never filled out survey
WARNING:root:Actor0783 never filled out survey
WARNING:root:Actor0371 never filled out survey
INFO:root:Actor0982: D52-1 and Pre-survey 4 9
INFO:root:Actor0424: D77-1 and Pre-survey 3 13
INFO:root:Actor0010: D98-1 and Pre-survey 3 82
