INFO:root:Instance 24, run 1
INFO:root:Instance 24, run 1
INFO:root:Instance 24, run 1
INFO:root:Instance 27, run 0
INFO:root:Instance 53, run 1
INFO:root:Instance 52, run 1
INFO:root:Instance 51, run 1
INFO:root:Instance 55, run 1
INFO:root:Instance 56, run 1
INFO:root:Instance 54, run 1
INFO:root:Instance 24, run 1
INFO:root:Instance 24, run 1
INFO:root:Instance 24, run 1
INFO:root:Instance 24, run 1
INFO:root:Instance 24, run 1
INFO:root:Instance 24, run 1
INFO:root:Instance 24, run 1
INFO:root:Instance 24, run 1
INFO:root:Instance 24, run 1
INFO:root:Instance 24, run 1
INFO:root:Instance 24, run 1
INFO:root:Instance 24, run 1
INFO:root:Instance 24, run 1
INFO:root:Instance 24, run 1
INFO:root:Instance 24, run 1
INFO:root:Instance 24, run 1
INFO:root:Instance 24, run 1
INFO:root:Instance 24, run 1
INFO:root:Instance 24, run 1
INFO:root:Instance 24, run 1
INFO:root:Instance 24, run 1
INFO:root:Instance 24, run 1
INFO:root:Instance 24, run 1
INFO:root:Instance 24, run 1
INFO:root:Instance 24, run 1
INFO:root:Instance 24, run 1
INFO:root:Instance 24, run 1
INFO:root:Instance 24, run 1
INFO:root:Instance 24, run 1
INFO:root:Instance 24, run 1
INFO:root:Instance 24, run 1
INFO:root:Instance 24, run 1
INFO:root:Instance 24, run 1
INFO:root:Instance 24, run 1
INFO:root:Instance 24, run 1
INFO:root:Instance 24, run 1
INFO:root:Instance 24, run 1
INFO:root:Instance 24, run 1
INFO:root:Instance 24, run 1
INFO:root:Instance 24, run 1
INFO:root:Instance 24, run 1
INFO:root:Instance 24, run 1
INFO:root:Instance 24, run 1
INFO:root:Instance 24, run 1
INFO:root:Instance 24, run 1
INFO:root:Instance 24, run 1
INFO:root:Instance 24, run 1
INFO:root:Instance 24, run 1
INFO:root:Instance 24, run 1
INFO:root:Instance 24, run 1
INFO:root:Instance 24, run 1
INFO:root:Instance 24, run 1
INFO:root:Instance 24, run 1
INFO:root:Instance 24, run 1
INFO:root:Instance 24, run 1
INFO:root:Instance 24, run 1
INFO:root:Instance 24, run 1
INFO:root:Instance 24, run 1
INFO:root:Instance 24, run 1
INFO:root:Instance 24, run 1
INFO:root:Instance 27, run 0
INFO:root:Instance 24, run 1
INFO:root:Instance 27, run 0
INFO:root:Instance 53, run 1
INFO:root:Instance 52, run 1
INFO:root:Instance 51, run 1
INFO:root:Instance 55, run 1
INFO:root:Instance 56, run 1
INFO:root:Instance 54, run 1
INFO:root:Instance 24, run 1
INFO:root:Instance 27, run 0
INFO:root:Instance 53, run 1
INFO:root:Instance 52, run 1
INFO:root:Instance 51, run 1
INFO:root:Instance 55, run 1
INFO:root:Instance 56, run 1
INFO:root:Instance 54, run 1
INFO:root:Instance 24, run 1
INFO:root:Instance 27, run 0
INFO:root:Instance 53, run 1
INFO:root:Instance 52, run 1
INFO:root:Instance 51, run 1
INFO:root:Instance 55, run 1
INFO:root:Instance 56, run 1
INFO:root:Instance 54, run 1
INFO:root:Instance 24, run 1
INFO:root:Instance 27, run 0
INFO:root:Instance 53, run 1
INFO:root:Instance 52, run 1
INFO:root:Instance 51, run 1
INFO:root:Instance 55, run 1
INFO:root:Instance 56, run 1
INFO:root:Instance 54, run 1
INFO:root:Instance 24, run 1
INFO:root:Instance 27, run 0
INFO:root:Instance 53, run 1
INFO:root:Instance 52, run 1
INFO:root:Instance 51, run 1
INFO:root:Instance 55, run 1
INFO:root:Instance 56, run 1
INFO:root:Instance 54, run 1
