INFO:root:Instance 53, run 1
WARNING:root:Pre: Actor0100 (7) has died (Day 36)
WARNING:root:Pre: 32 -> 24
WARNING:root:Pre: 40 -> 27
WARNING:root:Pre: 87 -> 62
WARNING:root:Post: 19 -> 2
WARNING:root:Post: 80 -> 63
INFO:root:Instance 52, run 1
WARNING:root:Pre: 55 -> 2
WARNING:root:Pre: 39 -> 3
WARNING:root:Pre: 69 -> 42
WARNING:root:Pre: 75 -> 49
WARNING:root:Pre: 72 -> 52
WARNING:root:Pre: 88 -> 58
WARNING:root:Pre: 85 -> 64
WARNING:root:Pre: 96 -> 67
WARNING:root:Pre: 99 -> 73
WARNING:root:Pre: Actor0012 (74) has died (Day 77)
WARNING:root:Pre: 98 -> 49
WARNING:root:Pre: 116 -> 81
WARNING:root:Pre: 111 -> 92
WARNING:root:Pre: 110 -> 95
WARNING:root:Pre: 115 -> 73
WARNING:root:Pre: 135 -> 101
WARNING:root:Pre: 128 -> 109
WARNING:root:Pre: 131 -> 112
WARNING:root:Pre: 127 -> 114
WARNING:root:Pre: 137 -> 122
WARNING:root:Post: 49 -> 2
WARNING:root:Post: 43 -> 21
WARNING:root:Post: 61 -> 36
WARNING:root:Post: 53 -> 42
WARNING:root:Post: 66 -> 50
WARNING:root:Post: 82 -> 64
WARNING:root:Post: 77 -> 67
WARNING:root:Post: 108 -> 76
WARNING:root:Post: Actor0132 (67) has died (Day 107)
WARNING:root:Post: 120 -> 100
WARNING:root:Post: 118 -> 107
INFO:root:Instance 51, run 1
WARNING:root:Pre: 29 -> 14
WARNING:root:Pre: 58 -> 43
WARNING:root:Pre: 57 -> 48
WARNING:root:Pre: 103 -> 52
WARNING:root:Pre: 98 -> 53
WARNING:root:Pre: 102 -> 71
WARNING:root:Pre: 81 -> 73
WARNING:root:Pre: 91 -> 74
WARNING:root:Pre: 92 -> 78
WARNING:root:Pre: 96 -> 79
WARNING:root:Pre: 142 -> 107
WARNING:root:Pre: 145 -> 113
WARNING:root:Pre: 132 -> 118
WARNING:root:Post: 42 -> 5
WARNING:root:Post: 52 -> 7
WARNING:root:Post: 44 -> 10
WARNING:root:Post: 38 -> 13
WARNING:root:Post: 55 -> 16
WARNING:root:Post: 43 -> 20
WARNING:root:Post: 51 -> 22
WARNING:root:Post: 64 -> 26
WARNING:root:Post: 68 -> 36
WARNING:root:Post: 70 -> 39
WARNING:root:Post: 67 -> 10
WARNING:root:Post: 66 -> 22
WARNING:root:Post: 84 -> 39
WARNING:root:Post: 92 -> 74
WARNING:root:Post: 81 -> 75
WARNING:root:Post: 94 -> 77
WARNING:root:Post: 130 -> 75
WARNING:root:Post: 126 -> 98
WARNING:root:Post: 134 -> 99
WARNING:root:Post: 142 -> 119
WARNING:root:Post: 152 -> 127
INFO:root:Instance 55, run 1
WARNING:root:Pre: 42 -> 12
WARNING:root:Pre: 43 -> 16
WARNING:root:Pre: 31 -> 22
WARNING:root:Pre: 28 -> 25
WARNING:root:Pre: 68 -> 32
WARNING:root:Pre: 70 -> 33
WARNING:root:Pre: 105 -> 46
WARNING:root:Pre: 107 -> 50
WARNING:root:Pre: 99 -> 52
WARNING:root:Pre: 104 -> 55
WARNING:root:Pre: 93 -> 56
WARNING:root:Pre: 92 -> 63
WARNING:root:Pre: 72 -> 64
WARNING:root:Pre: 74 -> 66
WARNING:root:Pre: 88 -> 32
WARNING:root:Pre: Actor0080 (81) has died (Day 100)
WARNING:root:Pre: 129 -> 56
WARNING:root:Pre: 132 -> 100
WARNING:root:Pre: 126 -> 102
WARNING:root:Pre: 121 -> 50
WARNING:root:Pre: 131 -> 109
WARNING:root:Pre: 115 -> 110
WARNING:root:Pre: Actor0020 (118) has died (Day 128)
WARNING:root:Pre: 154 -> 120
WARNING:root:Pre: Actor0153 (102) has died (Day 130)
WARNING:root:Pre: 148 -> 127
WARNING:root:Pre: 144 -> 138
WARNING:root:Pre: 167 -> 142
WARNING:root:Pre: 161 -> 150
WARNING:root:Pre: 175 -> 156
WARNING:root:Pre: 185 -> 170
WARNING:root:Post: 40 -> 6
WARNING:root:Post: 24 -> 15
WARNING:root:Post: 22 -> 20
WARNING:root:Post: 62 -> 37
WARNING:root:Post: 46 -> 6
WARNING:root:Post: Actor0059 (50) has died (Day 94)
WARNING:root:Post: 86 -> 56
WARNING:root:Post: Actor0038 (59) has died (Day 96)
WARNING:root:Post: 75 -> 60
WARNING:root:Post: 80 -> 61
WARNING:root:Post: 87 -> 37
WARNING:root:Post: 106 -> 71
WARNING:root:Post: 97 -> 73
WARNING:root:Post: 128 -> 93
WARNING:root:Post: 143 -> 114
WARNING:root:Post: 144 -> 115
WARNING:root:Post: 138 -> 116
WARNING:root:Post: 139 -> 121
WARNING:root:Post: 153 -> 141
WARNING:root:Post: 173 -> 114
INFO:root:Instance 56, run 1
WARNING:root:Pre: 34 -> 5
WARNING:root:Pre: 35 -> 10
WARNING:root:Pre: Actor0133 (12) has died (Day 30)
WARNING:root:Pre: Actor0085 (15) has died (Day 31)
WARNING:root:Pre: Actor0123 (19) has died (Day 32)
WARNING:root:Pre: 48 -> 27
WARNING:root:Pre: 62 -> 41
WARNING:root:Pre: 53 -> 43
WARNING:root:Pre: 58 -> 45
WARNING:root:Pre: 72 -> 56
WARNING:root:Pre: 85 -> 69
WARNING:root:Pre: 87 -> 75
WARNING:root:Pre: 95 -> 81
WARNING:root:Pre: 124 -> 102
WARNING:root:Pre: 127 -> 103
WARNING:root:Pre: 126 -> 105
WARNING:root:Post: 23 -> 7
WARNING:root:Post: Actor0023 (10) has died (Day 46)
WARNING:root:Post: 20 -> 11
WARNING:root:Post: 37 -> 19
WARNING:root:Post: 36 -> 27
WARNING:root:Post: 63 -> 39
WARNING:root:Post: 62 -> 43
WARNING:root:Post: 60 -> 47
WARNING:root:Post: 72 -> 61
WARNING:root:Post: 81 -> 65
WARNING:root:Post: 88 -> 71
WARNING:root:Post: 92 -> 74
WARNING:root:Post: 98 -> 87
WARNING:root:Post: 102 -> 93
WARNING:root:Post: 103 -> 95
WARNING:root:Post: Actor0092 (99) has died (Day 163)
WARNING:root:Post: 114 -> 108
INFO:root:Instance 54, run 1
WARNING:root:Pre: 45 -> 5
WARNING:root:Pre: 28 -> 11
WARNING:root:Pre: 43 -> 13
WARNING:root:Pre: 37 -> 20
WARNING:root:Pre: 44 -> 23
WARNING:root:Pre: 72 -> 31
WARNING:root:Pre: 63 -> 35
WARNING:root:Pre: 69 -> 20
WARNING:root:Pre: 56 -> 13
WARNING:root:Pre: 66 -> 47
WARNING:root:Pre: 73 -> 52
WARNING:root:Pre: 84 -> 58
WARNING:root:Pre: 92 -> 61
WARNING:root:Pre: 120 -> 52
WARNING:root:Pre: 112 -> 83
WARNING:root:Pre: 115 -> 86
WARNING:root:Pre: 142 -> 103
WARNING:root:Pre: 150 -> 104
WARNING:root:Pre: 141 -> 105
WARNING:root:Pre: 123 -> 108
WARNING:root:Pre: 122 -> 111
WARNING:root:Pre: 127 -> 114
WARNING:root:Pre: 132 -> 86
WARNING:root:Pre: 128 -> 118
WARNING:root:Pre: 171 -> 121
WARNING:root:Pre: 163 -> 126
WARNING:root:Pre: 160 -> 118
WARNING:root:Pre: 155 -> 137
WARNING:root:Pre: 168 -> 103
WARNING:root:Pre: 157 -> 143
WARNING:root:Pre: 178 -> 146
WARNING:root:Pre: 184 -> 152
WARNING:root:Pre: 204 -> 153
WARNING:root:Pre: 219 -> 137
WARNING:root:Pre: 220 -> 156
WARNING:root:Pre: 199 -> 143
WARNING:root:Pre: 207 -> 126
WARNING:root:Pre: 188 -> 164
WARNING:root:Pre: 193 -> 172
WARNING:root:Pre: 213 -> 175
WARNING:root:Pre: 211 -> 179
WARNING:root:Pre: 206 -> 180
WARNING:root:Pre: 218 -> 182
WARNING:root:Pre: 226 -> 189
WARNING:root:Pre: 244 -> 208
WARNING:root:Pre: 237 -> 156
WARNING:root:Pre: 281 -> 229
WARNING:root:Pre: 278 -> 231
WARNING:root:Pre: 284 -> 238
WARNING:root:Pre: 269 -> 239
WARNING:root:Pre: 275 -> 243
WARNING:root:Pre: 263 -> 246
WARNING:root:Pre: 280 -> 252
WARNING:root:Pre: 295 -> 258
WARNING:root:Pre: 306 -> 265
WARNING:root:Pre: 302 -> 270
WARNING:root:Pre: 293 -> 271
WARNING:root:Pre: 290 -> 273
WARNING:root:Pre: 305 -> 229
WARNING:root:Pre: 298 -> 285
WARNING:root:Pre: 323 -> 273
WARNING:root:Pre: 321 -> 296
WARNING:root:Pre: 344 -> 300
WARNING:root:Pre: 329 -> 301
WARNING:root:Pre: 334 -> 303
WARNING:root:Pre: 339 -> 304
WARNING:root:Pre: 340 -> 315
WARNING:root:Pre: 351 -> 322
WARNING:root:Pre: 352 -> 325
WARNING:root:Post: 44 -> 1
WARNING:root:Post: 30 -> 6
WARNING:root:Post: 28 -> 20
WARNING:root:Post: 42 -> 24
WARNING:root:Post: 74 -> 34
WARNING:root:Post: 77 -> 38
WARNING:root:Post: 51 -> 43
WARNING:root:Post: 87 -> 46
WARNING:root:Post: 85 -> 47
WARNING:root:Post: 135 -> 52
WARNING:root:Post: 105 -> 55
WARNING:root:Post: 111 -> 57
WARNING:root:Post: 120 -> 58
WARNING:root:Post: 93 -> 59
WARNING:root:Post: 91 -> 64
WARNING:root:Post: 95 -> 65
WARNING:root:Post: 143 -> 67
WARNING:root:Post: 116 -> 69
WARNING:root:Post: 97 -> 72
WARNING:root:Post: 108 -> 47
WARNING:root:Post: 140 -> 86
WARNING:root:Post: 136 -> 46
WARNING:root:Post: 89 -> 88
WARNING:root:Post: 175 -> 90
WARNING:root:Post: 147 -> 94
WARNING:root:Post: 145 -> 100
WARNING:root:Post: 165 -> 106
WARNING:root:Post: 173 -> 117
WARNING:root:Post: 154 -> 119
WARNING:root:Post: 153 -> 129
WARNING:root:Post: 159 -> 134
WARNING:root:Post: 194 -> 94
WARNING:root:Post: 207 -> 149
WARNING:root:Post: 181 -> 152
WARNING:root:Post: 206 -> 157
WARNING:root:Post: 197 -> 162
WARNING:root:Post: 177 -> 164
WARNING:root:Post: 196 -> 166
WARNING:root:Post: 187 -> 167
WARNING:root:Post: 198 -> 168
WARNING:root:Post: 203 -> 169
WARNING:root:Post: 188 -> 171
WARNING:root:Post: 209 -> 176
WARNING:root:Post: 234 -> 179
WARNING:root:Post: 229 -> 180
WARNING:root:Post: 222 -> 195
WARNING:root:Post: 224 -> 202
WARNING:root:Post: 220 -> 157
WARNING:root:Post: 231 -> 210
WARNING:root:Post: 235 -> 212
WARNING:root:Post: 258 -> 228
WARNING:root:Post: 245 -> 233
WARNING:root:Post: 249 -> 237
WARNING:root:Post: 278 -> 244
WARNING:root:Post: 268 -> 247
WARNING:root:Post: 280 -> 255
WARNING:root:Post: 309 -> 265
WARNING:root:Post: 294 -> 269
WARNING:root:Post: 301 -> 281
WARNING:root:Post: 298 -> 282
WARNING:root:Post: 329 -> 296
WARNING:root:Post: 328 -> 305
WARNING:root:Post: 314 -> 310
WARNING:root:Post: 319 -> 312
WARNING:root:Post: 352 -> 312
WARNING:root:Post: 362 -> 320
WARNING:root:Post: 358 -> 324
WARNING:root:Post: 349 -> 338
WARNING:root:Post: 367 -> 343
WARNING:root:Post: 379 -> 324
INFO:root:Instance 53, run 1
WARNING:root:Pre: Actor0100 (7) has died (Day 36)
WARNING:root:Pre: 32 -> 24
WARNING:root:Pre: 40 -> 27
WARNING:root:Pre: 87 -> 62
WARNING:root:Post: 19 -> 2
WARNING:root:Post: 80 -> 63
INFO:root:Instance 52, run 1
WARNING:root:Pre: 55 -> 2
WARNING:root:Pre: 39 -> 3
WARNING:root:Pre: 69 -> 42
WARNING:root:Pre: 75 -> 49
WARNING:root:Pre: 72 -> 52
WARNING:root:Pre: 88 -> 58
WARNING:root:Pre: 85 -> 64
WARNING:root:Pre: 96 -> 67
WARNING:root:Pre: 99 -> 73
WARNING:root:Pre: Actor0012 (74) has died (Day 77)
WARNING:root:Pre: 98 -> 49
WARNING:root:Pre: 116 -> 81
WARNING:root:Pre: 111 -> 92
WARNING:root:Pre: 110 -> 95
WARNING:root:Pre: 115 -> 73
WARNING:root:Pre: 135 -> 101
WARNING:root:Pre: 128 -> 109
WARNING:root:Pre: 131 -> 112
WARNING:root:Pre: 127 -> 114
WARNING:root:Pre: 137 -> 122
WARNING:root:Post: 49 -> 2
WARNING:root:Post: 43 -> 21
WARNING:root:Post: 61 -> 36
WARNING:root:Post: 53 -> 42
WARNING:root:Post: 66 -> 50
WARNING:root:Post: 82 -> 64
WARNING:root:Post: 77 -> 67
WARNING:root:Post: 108 -> 76
WARNING:root:Post: Actor0132 (67) has died (Day 107)
WARNING:root:Post: 120 -> 100
WARNING:root:Post: 118 -> 107
INFO:root:Instance 51, run 1
WARNING:root:Pre: 29 -> 14
WARNING:root:Pre: 58 -> 43
WARNING:root:Pre: 57 -> 48
WARNING:root:Pre: 103 -> 52
WARNING:root:Pre: 98 -> 53
WARNING:root:Pre: 102 -> 71
WARNING:root:Pre: 81 -> 73
WARNING:root:Pre: 91 -> 74
WARNING:root:Pre: 92 -> 78
WARNING:root:Pre: 96 -> 79
WARNING:root:Pre: 142 -> 107
WARNING:root:Pre: 145 -> 113
WARNING:root:Pre: 132 -> 118
WARNING:root:Post: 42 -> 5
WARNING:root:Post: 52 -> 7
WARNING:root:Post: 44 -> 10
WARNING:root:Post: 38 -> 13
WARNING:root:Post: 55 -> 16
WARNING:root:Post: 43 -> 20
WARNING:root:Post: 51 -> 22
WARNING:root:Post: 64 -> 26
WARNING:root:Post: 68 -> 36
WARNING:root:Post: 70 -> 39
WARNING:root:Post: 67 -> 10
WARNING:root:Post: 66 -> 22
WARNING:root:Post: 84 -> 39
WARNING:root:Post: 92 -> 74
WARNING:root:Post: 81 -> 75
WARNING:root:Post: 94 -> 77
WARNING:root:Post: 130 -> 75
WARNING:root:Post: 126 -> 98
WARNING:root:Post: 134 -> 99
WARNING:root:Post: 142 -> 119
WARNING:root:Post: 152 -> 127
INFO:root:Instance 55, run 1
WARNING:root:Pre: 42 -> 12
WARNING:root:Pre: 43 -> 16
WARNING:root:Pre: 31 -> 22
WARNING:root:Pre: 28 -> 25
WARNING:root:Pre: 68 -> 32
WARNING:root:Pre: 70 -> 33
WARNING:root:Pre: 105 -> 46
WARNING:root:Pre: 107 -> 50
WARNING:root:Pre: 99 -> 52
WARNING:root:Pre: 104 -> 55
WARNING:root:Pre: 93 -> 56
WARNING:root:Pre: 92 -> 63
WARNING:root:Pre: 72 -> 64
WARNING:root:Pre: 74 -> 66
WARNING:root:Pre: 88 -> 32
WARNING:root:Pre: Actor0080 (81) has died (Day 100)
WARNING:root:Pre: 129 -> 56
WARNING:root:Pre: 132 -> 100
WARNING:root:Pre: 126 -> 102
WARNING:root:Pre: 121 -> 50
WARNING:root:Pre: 131 -> 109
WARNING:root:Pre: 115 -> 110
WARNING:root:Pre: Actor0020 (118) has died (Day 128)
WARNING:root:Pre: 154 -> 120
WARNING:root:Pre: Actor0153 (102) has died (Day 130)
WARNING:root:Pre: 148 -> 127
WARNING:root:Pre: 144 -> 138
WARNING:root:Pre: 167 -> 142
WARNING:root:Pre: 161 -> 150
WARNING:root:Pre: 175 -> 156
WARNING:root:Pre: 185 -> 170
WARNING:root:Post: 40 -> 6
WARNING:root:Post: 24 -> 15
WARNING:root:Post: 22 -> 20
WARNING:root:Post: 62 -> 37
WARNING:root:Post: 46 -> 6
WARNING:root:Post: Actor0059 (50) has died (Day 94)
WARNING:root:Post: 86 -> 56
WARNING:root:Post: Actor0038 (59) has died (Day 96)
WARNING:root:Post: 75 -> 60
WARNING:root:Post: 80 -> 61
WARNING:root:Post: 87 -> 37
WARNING:root:Post: 106 -> 71
WARNING:root:Post: 97 -> 73
WARNING:root:Post: 128 -> 93
WARNING:root:Post: 143 -> 114
WARNING:root:Post: 144 -> 115
WARNING:root:Post: 138 -> 116
WARNING:root:Post: 139 -> 121
WARNING:root:Post: 153 -> 141
WARNING:root:Post: 173 -> 114
INFO:root:Instance 56, run 1
WARNING:root:Pre: 34 -> 5
WARNING:root:Pre: 35 -> 10
WARNING:root:Pre: Actor0133 (12) has died (Day 30)
WARNING:root:Pre: Actor0085 (15) has died (Day 31)
WARNING:root:Pre: Actor0123 (19) has died (Day 32)
WARNING:root:Pre: 48 -> 27
WARNING:root:Pre: 62 -> 41
WARNING:root:Pre: 53 -> 43
WARNING:root:Pre: 58 -> 45
WARNING:root:Pre: 72 -> 56
WARNING:root:Pre: 85 -> 69
WARNING:root:Pre: 87 -> 75
WARNING:root:Pre: 95 -> 81
WARNING:root:Pre: 124 -> 102
WARNING:root:Pre: 127 -> 103
WARNING:root:Pre: 126 -> 105
WARNING:root:Post: 23 -> 7
WARNING:root:Post: Actor0023 (10) has died (Day 46)
WARNING:root:Post: 20 -> 11
WARNING:root:Post: 37 -> 19
WARNING:root:Post: 36 -> 27
WARNING:root:Post: 63 -> 39
WARNING:root:Post: 62 -> 43
WARNING:root:Post: 60 -> 47
WARNING:root:Post: 72 -> 61
WARNING:root:Post: 81 -> 65
WARNING:root:Post: 88 -> 71
WARNING:root:Post: 92 -> 74
WARNING:root:Post: 98 -> 87
WARNING:root:Post: 102 -> 93
WARNING:root:Post: 103 -> 95
WARNING:root:Post: Actor0092 (99) has died (Day 163)
WARNING:root:Post: 114 -> 108
INFO:root:Instance 54, run 1
WARNING:root:Pre: 45 -> 5
WARNING:root:Pre: 28 -> 11
WARNING:root:Pre: 43 -> 13
WARNING:root:Pre: 37 -> 20
WARNING:root:Pre: 44 -> 23
WARNING:root:Pre: 72 -> 31
WARNING:root:Pre: 63 -> 35
WARNING:root:Pre: 69 -> 20
WARNING:root:Pre: 56 -> 13
WARNING:root:Pre: 66 -> 47
WARNING:root:Pre: 73 -> 52
WARNING:root:Pre: 84 -> 58
WARNING:root:Pre: 92 -> 61
WARNING:root:Pre: 120 -> 52
WARNING:root:Pre: 112 -> 83
WARNING:root:Pre: 115 -> 86
WARNING:root:Pre: 142 -> 103
WARNING:root:Pre: 150 -> 104
WARNING:root:Pre: 141 -> 105
WARNING:root:Pre: 123 -> 108
WARNING:root:Pre: 122 -> 111
WARNING:root:Pre: 127 -> 114
WARNING:root:Pre: 132 -> 86
WARNING:root:Pre: 128 -> 118
WARNING:root:Pre: 171 -> 121
WARNING:root:Pre: 163 -> 126
WARNING:root:Pre: 160 -> 118
WARNING:root:Pre: 155 -> 137
WARNING:root:Pre: 168 -> 103
WARNING:root:Pre: 157 -> 143
WARNING:root:Pre: 178 -> 146
WARNING:root:Pre: 184 -> 152
WARNING:root:Pre: 204 -> 153
WARNING:root:Pre: 219 -> 137
WARNING:root:Pre: 220 -> 156
WARNING:root:Pre: 199 -> 143
WARNING:root:Pre: 207 -> 126
WARNING:root:Pre: 188 -> 164
WARNING:root:Pre: 193 -> 172
WARNING:root:Pre: 213 -> 175
WARNING:root:Pre: 211 -> 179
WARNING:root:Pre: 206 -> 180
WARNING:root:Pre: 218 -> 182
WARNING:root:Pre: 226 -> 189
WARNING:root:Pre: 244 -> 208
WARNING:root:Pre: 237 -> 156
WARNING:root:Pre: 281 -> 229
WARNING:root:Pre: 278 -> 231
WARNING:root:Pre: 284 -> 238
WARNING:root:Pre: 269 -> 239
WARNING:root:Pre: 275 -> 243
WARNING:root:Pre: 263 -> 246
WARNING:root:Pre: 280 -> 252
WARNING:root:Pre: 295 -> 258
WARNING:root:Pre: 306 -> 265
WARNING:root:Pre: 302 -> 270
WARNING:root:Pre: 293 -> 271
WARNING:root:Pre: 290 -> 273
WARNING:root:Pre: 305 -> 229
WARNING:root:Pre: 298 -> 285
WARNING:root:Pre: 323 -> 273
WARNING:root:Pre: 321 -> 296
WARNING:root:Pre: 344 -> 300
WARNING:root:Pre: 329 -> 301
WARNING:root:Pre: 334 -> 303
WARNING:root:Pre: 339 -> 304
WARNING:root:Pre: 340 -> 315
WARNING:root:Pre: 351 -> 322
WARNING:root:Pre: 352 -> 325
WARNING:root:Post: 44 -> 1
WARNING:root:Post: 30 -> 6
WARNING:root:Post: 28 -> 20
WARNING:root:Post: 42 -> 24
WARNING:root:Post: 74 -> 34
WARNING:root:Post: 77 -> 38
WARNING:root:Post: 51 -> 43
WARNING:root:Post: 87 -> 46
WARNING:root:Post: 85 -> 47
WARNING:root:Post: 135 -> 52
WARNING:root:Post: 105 -> 55
WARNING:root:Post: 111 -> 57
WARNING:root:Post: 120 -> 58
WARNING:root:Post: 93 -> 59
WARNING:root:Post: 91 -> 64
WARNING:root:Post: 95 -> 65
WARNING:root:Post: 143 -> 67
WARNING:root:Post: 116 -> 69
WARNING:root:Post: 97 -> 72
WARNING:root:Post: 108 -> 47
WARNING:root:Post: 140 -> 86
WARNING:root:Post: 136 -> 46
WARNING:root:Post: 89 -> 88
WARNING:root:Post: 175 -> 90
WARNING:root:Post: 147 -> 94
WARNING:root:Post: 145 -> 100
WARNING:root:Post: 165 -> 106
WARNING:root:Post: 173 -> 117
WARNING:root:Post: 154 -> 119
WARNING:root:Post: 153 -> 129
WARNING:root:Post: 159 -> 134
WARNING:root:Post: 194 -> 94
WARNING:root:Post: 207 -> 149
WARNING:root:Post: 181 -> 152
WARNING:root:Post: 206 -> 157
WARNING:root:Post: 197 -> 162
WARNING:root:Post: 177 -> 164
WARNING:root:Post: 196 -> 166
WARNING:root:Post: 187 -> 167
WARNING:root:Post: 198 -> 168
WARNING:root:Post: 203 -> 169
WARNING:root:Post: 188 -> 171
WARNING:root:Post: 209 -> 176
WARNING:root:Post: 234 -> 179
WARNING:root:Post: 229 -> 180
WARNING:root:Post: 222 -> 195
WARNING:root:Post: 224 -> 202
WARNING:root:Post: 220 -> 157
WARNING:root:Post: 231 -> 210
WARNING:root:Post: 235 -> 212
WARNING:root:Post: 258 -> 228
WARNING:root:Post: 245 -> 233
WARNING:root:Post: 249 -> 237
WARNING:root:Post: 278 -> 244
WARNING:root:Post: 268 -> 247
WARNING:root:Post: 280 -> 255
WARNING:root:Post: 309 -> 265
WARNING:root:Post: 294 -> 269
WARNING:root:Post: 301 -> 281
WARNING:root:Post: 298 -> 282
WARNING:root:Post: 329 -> 296
WARNING:root:Post: 328 -> 305
WARNING:root:Post: 314 -> 310
WARNING:root:Post: 319 -> 312
WARNING:root:Post: 352 -> 312
WARNING:root:Post: 362 -> 320
WARNING:root:Post: 358 -> 324
WARNING:root:Post: 349 -> 338
WARNING:root:Post: 367 -> 343
WARNING:root:Post: 379 -> 324
